sparkforge/dependencies/graph.py:51: error: Expression type contains "Any" (has type "Type[StepNode]")  [misc]
sparkforge/dependencies/graph.py:52: error: Type of decorated function contains type "Any" ("Callable[[DefaultNamedArg(str, 'name'), DefaultNamedArg(StepType, 'step_type'), DefaultNamedArg(Set[str], 'dependencies'), DefaultNamedArg(Set[str], 'dependents'), DefaultNamedArg(int, 'execution_group'), DefaultNamedArg(bool, 'can_run_parallel'), DefaultNamedArg(float, 'estimated_duration'), DefaultNamedArg(Dict[str, Any], 'metadata')], None]")  [misc]
sparkforge/dependencies/graph.py:234: error: Expression type contains "Any" (has type "Dict[str, Any]")  [misc]
sparkforge/dependencies/graph.py:237: error: Expression type contains "Any" (has type "Tuple[str, Dict[Any, Any]]")  [misc]
sparkforge/dependencies/graph.py:237: error: Expression type contains "Any" (has type "Dict[Any, Any]")  [misc]
sparkforge/logging.py:78: error: Expression type contains "Any" (has type "Dict[str, Any]")  [misc]
sparkforge/logging.py:82: error: Expression type contains "Any" (has type "Dict[str, Any]")  [misc]
sparkforge/logging.py:86: error: Expression type contains "Any" (has type "Dict[str, Any]")  [misc]
sparkforge/logging.py:90: error: Expression type contains "Any" (has type "Dict[str, Any]")  [misc]
sparkforge/logging.py:94: error: Expression type contains "Any" (has type "Dict[str, Any]")  [misc]
sparkforge/logging.py:98: error: Expression type contains "Any" (has type "Dict[str, Any]")  [misc]
sparkforge/logging.py:101: error: Expression type contains "Any" (has type "Tuple[str, Any]")  [misc]
sparkforge/logging.py:101: error: Expression has type "Any"  [misc]
sparkforge/logging.py:101: error: Expression type contains "Any" (has type "Dict[str, Any]")  [misc]
sparkforge/logging.py:101: error: Expression type contains "Any" (has type "dict_items[str, Any]")  [misc]
sparkforge/logging.py:164: error: Expression type contains "Any" (has type "Union[Any, Dict[Never, Never]]")  [misc]
sparkforge/logging.py:164: error: Need type annotation for "old_extra"  [var-annotated]
sparkforge/logging.py:166: error: Expression type contains "Any" (has type "Dict[Any, Any]")  [misc]
sparkforge/logging.py:166: error: Expression type contains "Any" (has type "Union[Any, Dict[Any, Any]]")  [misc]
sparkforge/logging.py:171: error: Expression type contains "Any" (has type "Union[Any, Dict[Any, Any]]")  [misc]
sparkforge/performance.py:51: error: Missing type parameters for generic type "Callable"  [type-arg]
sparkforge/performance.py:54: error: Missing type parameters for generic type "Callable"  [type-arg]
sparkforge/performance.py:55: error: Expression type contains "Any" (has type "_Wrapper[[VarArg(Any), KwArg(Any)], Any]")  [misc]
sparkforge/performance.py:55: error: Expression type contains "Any" (has type "Callable[[VarArg(Any), KwArg(Any)], Any]")  [misc]
sparkforge/performance.py:55: error: Expression type contains "Any" (has type "Callable[..., Any]")  [misc]
sparkforge/performance.py:56: error: Type of decorated function contains type "Any" ("_Wrapped[[VarArg(Any), KwArg(Any)], Any, [VarArg(Any), KwArg(Any)], Any]")  [misc]
sparkforge/performance.py:61: error: Expression has type "Any"  [misc]
sparkforge/performance.py:61: error: Expression type contains "Any" (has type "Tuple[Any, ...]")  [misc]
sparkforge/performance.py:61: error: Expression type contains "Any" (has type "Dict[str, Any]")  [misc]
sparkforge/performance.py:64: error: Expression has type "Any"  [misc]
sparkforge/performance.py:70: error: Expression type contains "Any" (has type "_Wrapped[[VarArg(Any), KwArg(Any)], Any, [VarArg(Any), KwArg(Any)], Any]")  [misc]
sparkforge/performance.py:72: error: Expression type contains "Any" (has type "Callable[[Callable[..., Any]], Callable[..., Any]]")  [misc]
sparkforge/performance.py:99: error: Expression type contains "Any" (has type "Callable[[Callable[..., Any]], Callable[..., Any]]")  [misc]
sparkforge/performance.py:99: error: Expression type contains "Any" (has type "Callable[[str, DataFrame, str, KwArg(Any)], Tuple[int, float, datetime, datetime]]")  [misc]
sparkforge/performance.py:100: error: Type of decorated function contains type "Any" ("Callable[..., Any]")  [misc]
sparkforge/performance.py:126: error: Expression has type "Any"  [misc]
sparkforge/performance.py:126: error: Expression type contains "Any" (has type "Dict[str, Any]")  [misc]
sparkforge/performance.py:128: error: Expression has type "Any"  [misc]
sparkforge/performance.py:128: error: Expression type contains "Any" (has type "Dict[str, Any]")  [misc]
sparkforge/performance.py:138: error: Expression has type "Any"  [misc]
sparkforge/performance.py:139: error: Expression has type "Any"  [misc]
sparkforge/performance.py:139: error: Expression type contains "Any" (has type "Tuple[Any, float, datetime, datetime]")  [misc]
sparkforge/performance.py:151: error: Missing type parameters for generic type "Callable"  [type-arg]
sparkforge/performance.py:163: error: Missing type parameters for generic type "Callable"  [type-arg]
sparkforge/performance.py:164: error: Expression type contains "Any" (has type "_Wrapper[[VarArg(Any), KwArg(Any)], Any]")  [misc]
sparkforge/performance.py:164: error: Expression type contains "Any" (has type "Callable[[VarArg(Any), KwArg(Any)], Any]")  [misc]
sparkforge/performance.py:164: error: Expression type contains "Any" (has type "Callable[..., Any]")  [misc]
sparkforge/performance.py:165: error: Type of decorated function contains type "Any" ("_Wrapped[[VarArg(Any), KwArg(Any)], Any, [VarArg(Any), KwArg(Any)], Any]")  [misc]
sparkforge/performance.py:167: error: Expression has type "Any"  [misc]
sparkforge/performance.py:167: error: Expression type contains "Any" (has type "Tuple[Any, ...]")  [misc]
sparkforge/performance.py:167: error: Expression type contains "Any" (has type "Dict[str, Any]")  [misc]
sparkforge/performance.py:169: error: Expression type contains "Any" (has type "_Wrapped[[VarArg(Any), KwArg(Any)], Any, [VarArg(Any), KwArg(Any)], Any]")  [misc]
sparkforge/performance.py:171: error: Expression type contains "Any" (has type "Callable[[Callable[..., Any]], Callable[..., Any]]")  [misc]
sparkforge/table_operations.py:45: error: Expression type contains "Any" (has type "Callable[[Callable[..., Any]], Callable[..., Any]]")  [misc]
sparkforge/table_operations.py:45: error: Expression type contains "Any" (has type "Callable[[DataFrame, str, KwArg(Any)], int]")  [misc]
sparkforge/table_operations.py:46: error: Type of decorated function contains type "Any" ("Callable[..., Any]")  [misc]
sparkforge/table_operations.py:72: error: Expression type contains "Any" (has type "Tuple[str, Any]")  [misc]
sparkforge/table_operations.py:72: error: Expression has type "Any"  [misc]
sparkforge/table_operations.py:72: error: Expression type contains "Any" (has type "Dict[str, Any]")  [misc]
sparkforge/table_operations.py:72: error: Expression type contains "Any" (has type "dict_items[str, Any]")  [misc]
sparkforge/table_operations.py:73: error: Expression has type "Any"  [misc]
sparkforge/table_operations.py:83: error: Expression type contains "Any" (has type "Callable[[Callable[..., Any]], Callable[..., Any]]")  [misc]
sparkforge/table_operations.py:83: error: Expression type contains "Any" (has type "Callable[[DataFrame, str, KwArg(Any)], int]")  [misc]
sparkforge/table_operations.py:84: error: Type of decorated function contains type "Any" ("Callable[..., Any]")  [misc]
sparkforge/table_operations.py:106: error: Expression type contains "Any" (has type "Tuple[str, Any]")  [misc]
sparkforge/table_operations.py:106: error: Expression has type "Any"  [misc]
sparkforge/table_operations.py:106: error: Expression type contains "Any" (has type "Dict[str, Any]")  [misc]
sparkforge/table_operations.py:106: error: Expression type contains "Any" (has type "dict_items[str, Any]")  [misc]
sparkforge/table_operations.py:107: error: Expression has type "Any"  [misc]
sparkforge/table_operations.py:135: error: Expression type contains "Any" (has type "Type[AnalysisException]")  [misc]
sparkforge/table_operations.py:155: error: Expression type contains "Any" (has type "Type[AnalysisException]")  [misc]
sparkforge/models.py:176: error: Expression type contains "Any" (has type "Field[Any]")  [misc]
sparkforge/models.py:176: error: Expression type contains "Any" (has type "Dict[str, Field[Any]]")  [misc]
sparkforge/models.py:176: error: Expression type contains "Any" (has type "dict_values[str, Field[Any]]")  [misc]
sparkforge/models.py:177: error: Expression has type "Any"  [misc]
sparkforge/models.py:177: error: Expression type contains "Any" (has type "Field[Any]")  [misc]
sparkforge/models.py:178: error: Expression has type "Any"  [misc]
sparkforge/models.py:179: error: Expression type contains "Any" (has type "Field[Any]")  [misc]
sparkforge/models.py:179: error: Expression has type "Any"  [misc]
sparkforge/models.py:181: error: Expression type contains "Any" (has type "Field[Any]")  [misc]
sparkforge/models.py:181: error: Expression has type "Any"  [misc]
sparkforge/models.py:341: error: Expression type contains "Any" (has type "Union[Any, bool]")  [misc]
sparkforge/models.py:346: error: Expression type contains "Any" (has type "Union[Any, bool]")  [misc]
sparkforge/models.py:1301: error: Expression has type "Any"  [misc]
sparkforge/models.py:1303: error: Expression has type "Any"  [misc]
sparkforge/models.py:1305: error: Expression has type "Any"  [misc]
sparkforge/models.py:1306: error: Expression has type "Any"  [misc]
sparkforge/models.py:1307: error: Expression has type "Any"  [misc]
sparkforge/models.py:1310: error: Expression has type "Any"  [misc]
sparkforge/models.py:1311: error: Expression has type "Any"  [misc]
sparkforge/models.py:1312: error: Expression has type "Any"  [misc]
sparkforge/models.py:1314: error: Expression has type "Any"  [misc]
sparkforge/dependencies/analyzer.py:31: error: Expression type contains "Any" (has type "Type[DependencyAnalysisResult]")  [misc]
sparkforge/dependencies/analyzer.py:32: error: Type of decorated function contains type "Any" ("Callable[[DefaultNamedArg(DependencyGraph, 'graph'), DefaultNamedArg(List[List[str]], 'execution_groups'), DefaultNamedArg(List[List[str]], 'cycles'), DefaultNamedArg(List[str], 'conflicts'), DefaultNamedArg(List[str], 'recommendations'), DefaultNamedArg(Dict[str, Any], 'stats'), DefaultNamedArg(float, 'analysis_duration')], None]")  [misc]
sparkforge/dependencies/analyzer.py:124: error: Expression type contains "Any" (has type "Dict[str, Any]")  [misc]
sparkforge/dependencies/analyzer.py:133: error: Expression type contains "Any" (has type "Dict[str, Any]")  [misc]
sparkforge/dependencies/analyzer.py:162: error: Expression type contains "Any" (has type "Dict[str, Any]")  [misc]
sparkforge/dependencies/analyzer.py:170: error: Expression type contains "Any" (has type "Dict[str, Any]")  [misc]
sparkforge/dependencies/analyzer.py:185: error: Expression type contains "Any" (has type "Union[Literal[False], Any]")  [misc]
sparkforge/dependencies/analyzer.py:185: error: Expression has type "Any"  [misc]
sparkforge/dependencies/analyzer.py:186: error: Expression has type "Any"  [misc]
sparkforge/dependencies/analyzer.py:187: error: Expression has type "Any"  [misc]
sparkforge/dependencies/analyzer.py:188: error: Expression has type "Any"  [misc]
sparkforge/dependencies/analyzer.py:191: error: Expression has type "Any"  [misc]
sparkforge/dependencies/analyzer.py:198: error: Expression type contains "Any" (has type "Dict[str, Any]")  [misc]
sparkforge/dependencies/analyzer.py:205: error: Expression has type "Any"  [misc]
sparkforge/dependencies/analyzer.py:206: error: Expression has type "Any"  [misc]
sparkforge/dependencies/analyzer.py:209: error: Expression has type "Any"  [misc]
sparkforge/dependencies/analyzer.py:280: error: Expression type contains "Any" (has type "Dict[str, Any]")  [misc]
sparkforge/dependencies/analyzer.py:281: error: Expression type contains "Any" (has type "Dict[str, Any]")  [misc]
sparkforge/dependencies/analyzer.py:281: error: Expression has type "Any"  [misc]
sparkforge/validation.py:113: error: Expression type contains "Any" (has type "Type[Column]")  [misc]
sparkforge/validation.py:183: error: Expression type contains "Any" (has type "Type[Column]")  [misc]
sparkforge/validation.py:271: error: Expression type contains "Any" (has type "Dict[str, Any]")  [misc]
sparkforge/validation.py:279: error: Expression type contains "Any" (has type "Dict[str, Any]")  [misc]
sparkforge/validation.py:283: error: Expression type contains "Any" (has type "Tuple[str, List[Any]]")  [misc]
sparkforge/validation.py:283: error: Expression type contains "Any" (has type "List[Any]")  [misc]
sparkforge/validation.py:306: error: Expression type contains "Any" (has type "Dict[str, Any]")  [misc]
sparkforge/validation.py:316: error: Expression type contains "Any" (has type "Dict[str, Any]")  [misc]
sparkforge/validation.py:324: error: Expression type contains "Any" (has type "Dict[str, Any]")  [misc]
sparkforge/validation.py:332: error: Expression type contains "Any" (has type "Dict[str, Any]")  [misc]
sparkforge/validation.py:449: error: Expression has type "Any"  [misc]
sparkforge/validation.py:549: error: Expression has type "Any"  [misc]
sparkforge/validation.py:550: error: Expression has type "Any"  [misc]
sparkforge/pipeline/models.py:45: error: Expression type contains "Any" (has type "Type[PipelineReport]")  [misc]
sparkforge/pipeline/models.py:46: error: Type of decorated function contains type "Any" ("Callable[[DefaultNamedArg(str, 'pipeline_id'), DefaultNamedArg(str, 'execution_id'), DefaultNamedArg(PipelineMode, 'mode'), DefaultNamedArg(PipelineStatus, 'status'), DefaultNamedArg(datetime, 'start_time'), DefaultNamedArg(Optional[datetime], 'end_time'), DefaultNamedArg(float, 'duration_seconds'), DefaultNamedArg(PipelineMetrics, 'metrics'), DefaultNamedArg(Dict[str, Any], 'bronze_results'), DefaultNamedArg(Dict[str, Any], 'silver_results'), DefaultNamedArg(Dict[str, Any], 'gold_results'), DefaultNamedArg(List[str], 'errors'), DefaultNamedArg(List[str], 'warnings'), DefaultNamedArg(List[str], 'recommendations')], None]")  [misc]
sparkforge/pipeline/models.py:71: error: Expression type contains "Any" (has type "Dict[str, Any]")  [misc]
sparkforge/pipeline/models.py:79: error: Expression type contains "Any" (has type "Tuple[str, Dict[Any, Any]]")  [misc]
sparkforge/pipeline/models.py:79: error: Expression type contains "Any" (has type "Dict[Any, Any]")  [misc]
sparkforge/pipeline/models.py:95: error: Expression type contains "Any" (has type "Tuple[str, Dict[str, Any]]")  [misc]
sparkforge/pipeline/models.py:95: error: Expression type contains "Any" (has type "Dict[str, Any]")  [misc]
sparkforge/pipeline/models.py:96: error: Expression type contains "Any" (has type "Tuple[str, Dict[str, Any]]")  [misc]
sparkforge/pipeline/models.py:96: error: Expression type contains "Any" (has type "Dict[str, Any]")  [misc]
sparkforge/pipeline/models.py:97: error: Expression type contains "Any" (has type "Tuple[str, Dict[str, Any]]")  [misc]
sparkforge/pipeline/models.py:97: error: Expression type contains "Any" (has type "Dict[str, Any]")  [misc]
sparkforge/pipeline/models.py:107: error: Expression type contains "Any" (has type "Type[StepExecutionContext]")  [misc]
sparkforge/pipeline/models.py:108: error: Type of decorated function contains type "Any" ("Callable[[DefaultNamedArg(str, 'step_name'), DefaultNamedArg(str, 'step_type'), DefaultNamedArg(PipelineMode, 'mode'), DefaultNamedArg(datetime, 'start_time'), DefaultNamedArg(List[str], 'dependencies'), DefaultNamedArg(Dict[str, Any], 'metadata')], None]")  [misc]
sparkforge/reporting.py:37: error: Expression type contains "Any" (has type "Dict[str, Any]")  [misc]
sparkforge/reporting.py:49: error: Expression type contains "Any" (has type "Dict[str, Any]")  [misc]
sparkforge/reporting.py:85: error: Expression type contains "Any" (has type "Dict[str, Any]")  [misc]
sparkforge/reporting.py:120: error: Expression type contains "Any" (has type "Dict[str, Any]")  [misc]
sparkforge/reporting.py:162: error: Expression type contains "Any" (has type "Dict[str, Any]")  [misc]
sparkforge/reporting.py:163: error: Expression type contains "Any" (has type "Tuple[str, Dict[Any, Any]]")  [misc]
sparkforge/reporting.py:163: error: Expression type contains "Any" (has type "Dict[Any, Any]")  [misc]
sparkforge/reporting.py:170: error: Expression type contains "Any" (has type "Tuple[str, Dict[Any, Any]]")  [misc]
sparkforge/reporting.py:170: error: Expression type contains "Any" (has type "Dict[Any, Any]")  [misc]
sparkforge/reporting.py:175: error: Expression type contains "Any" (has type "Tuple[str, Dict[Any, Any]]")  [misc]
sparkforge/reporting.py:175: error: Expression type contains "Any" (has type "Dict[Any, Any]")  [misc]
sparkforge/pipeline/monitor.py:50: error: Expression type contains "Any" (has type "Dict[str, Any]")  [misc]
sparkforge/execution.py:208: error: Expression type contains "Any" (has type "Union[Any, str]")  [misc]
sparkforge/execution.py:209: error: Expression type contains "Any" (has type "Union[Any, str]")  [misc]
sparkforge/execution.py:210: error: Expression type contains "Any" (has type "Union[Any, str]")  [misc]
sparkforge/execution.py:275: error: Expression type contains "Any" (has type "Union[Any, str]")  [misc]
sparkforge/execution.py:276: error: Expression type contains "Any" (has type "Union[Any, str]")  [misc]
sparkforge/execution.py:277: error: Expression type contains "Any" (has type "Union[Any, str]")  [misc]
sparkforge/execution.py:288: error: Expression type contains "Any" (has type "Union[Any, str]")  [misc]
sparkforge/execution.py:299: error: Expression type contains "Any" (has type "Union[Any, str]")  [misc]
tests/integration/test_validation_integration.py:78: error: Argument 1 to "_convert_rules_to_expressions" has incompatible type "Dict[str, List[str]]"; expected "Dict[str, List[Union[str, Column]]]"  [arg-type]
tests/integration/test_validation_integration.py:91: error: Argument 1 to "_convert_rules_to_expressions" has incompatible type "Dict[str, object]"; expected "Dict[str, List[Union[str, Column]]]"  [arg-type]
tests/integration/test_validation_integration.py:115: error: Argument 1 to "and_all_rules" has incompatible type "Dict[str, List[Column]]"; expected "Dict[str, List[Union[str, Column]]]"  [arg-type]
tests/integration/test_validation_integration.py:121: error: Argument 1 to "and_all_rules" has incompatible type "Dict[str, List[Column]]"; expected "Dict[str, List[Union[str, Column]]]"  [arg-type]
tests/integration/test_validation_integration.py:127: error: Argument 1 to "and_all_rules" has incompatible type "Dict[str, List[Column]]"; expected "Dict[str, List[Union[str, Column]]]"  [arg-type]
tests/integration/test_validation_integration.py:137: error: Argument 1 to "and_all_rules" has incompatible type "Dict[str, List[Column]]"; expected "Dict[str, List[Union[str, Column]]]"  [arg-type]
tests/integration/test_validation_integration.py:142: error: Need type annotation for "rules" (hint: "rules: Dict[<type>, <type>] = ...")  [var-annotated]
tests/integration/test_validation_integration.py:143: error: Expression type contains "Any" (has type "Dict[Any, Any]")  [misc]
tests/integration/test_validation_integration.py:150: error: Expression type contains "Any" (has type "Dict[Any, Any]")  [misc]
tests/integration/test_validation_integration.py:152: error: Argument 1 to "and_all_rules" has incompatible type "Dict[str, List[str]]"; expected "Dict[str, List[Union[str, Column]]]"  [arg-type]
tests/integration/test_validation_integration.py:161: error: Expression has type "Any"  [misc]
tests/integration/test_validation_integration.py:165: error: Expression has type "Any"  [misc]
tests/integration/test_validation_integration.py:170: error: Expression has type "Any"  [misc]
tests/integration/test_validation_integration.py:174: error: Expression has type "Any"  [misc]
tests/integration/test_validation_integration.py:179: error: Expression has type "Any"  [misc]
tests/integration/test_validation_integration.py:184: error: Expression has type "Any"  [misc]
tests/integration/test_validation_integration.py:191: error: Expression has type "Any"  [misc]
tests/integration/test_validation_integration.py:195: error: Expression has type "Any"  [misc]
tests/integration/test_validation_integration.py:208: error: Expression has type "Any"  [misc]
tests/integration/test_validation_integration.py:210: error: Expression has type "Any"  [misc]
tests/integration/test_validation_integration.py:253: error: Expression has type "Any"  [misc]
tests/integration/test_validation_integration.py:257: error: Expression type contains "Any" (has type "Dict[str, Any]")  [misc]
tests/integration/test_validation_integration.py:257: error: Expression has type "Any"  [misc]
tests/integration/test_validation_integration.py:259: error: Expression type contains "Any" (has type "Dict[str, Any]")  [misc]
tests/integration/test_validation_integration.py:260: error: Expression type contains "Any" (has type "Dict[str, Any]")  [misc]
tests/integration/test_validation_integration.py:261: error: Expression type contains "Any" (has type "Dict[str, Any]")  [misc]
tests/integration/test_validation_integration.py:262: error: Expression type contains "Any" (has type "Dict[str, Any]")  [misc]
tests/integration/test_validation_integration.py:262: error: Expression has type "Any"  [misc]
tests/integration/test_validation_integration.py:263: error: Expression type contains "Any" (has type "Dict[str, Any]")  [misc]
tests/integration/test_validation_integration.py:263: error: Expression has type "Any"  [misc]
tests/integration/test_validation_integration.py:264: error: Expression type contains "Any" (has type "Dict[str, Any]")  [misc]
tests/integration/test_validation_integration.py:264: error: Expression has type "Any"  [misc]
tests/integration/test_validation_integration.py:265: error: Expression type contains "Any" (has type "Dict[str, Any]")  [misc]
tests/integration/test_validation_integration.py:265: error: Expression has type "Any"  [misc]
tests/integration/test_validation_integration.py:266: error: Expression type contains "Any" (has type "Dict[str, Any]")  [misc]
tests/integration/test_validation_integration.py:266: error: Expression has type "Any"  [misc]
tests/integration/test_validation_integration.py:278: error: Expression has type "Any"  [misc]
tests/integration/test_validation_integration.py:280: error: Expression type contains "Any" (has type "Dict[str, Any]")  [misc]
tests/integration/test_validation_integration.py:280: error: Expression has type "Any"  [misc]
tests/integration/test_validation_integration.py:282: error: Expression type contains "Any" (has type "Dict[str, Any]")  [misc]
tests/integration/test_validation_integration.py:282: error: Expression has type "Any"  [misc]
tests/integration/test_validation_integration.py:283: error: Expression type contains "Any" (has type "Dict[str, Any]")  [misc]
tests/integration/test_validation_integration.py:283: error: Expression has type "Any"  [misc]
tests/integration/test_validation_integration.py:290: error: Expression has type "Any"  [misc]
tests/integration/test_validation_integration.py:293: error: Expression has type "Any"  [misc]
tests/integration/test_validation_integration.py:294: error: Expression type contains "Any" (has type "Dict[str, Any]")  [misc]
tests/integration/test_validation_integration.py:294: error: Expression has type "Any"  [misc]
tests/integration/test_validation_integration.py:296: error: Expression type contains "Any" (has type "Dict[str, Any]")  [misc]
tests/integration/test_validation_integration.py:297: error: Expression type contains "Any" (has type "Dict[str, Any]")  [misc]
tests/integration/test_validation_integration.py:297: error: Expression has type "Any"  [misc]
tests/integration/test_validation_integration.py:313: error: Expression has type "Any"  [misc]
tests/integration/test_validation_integration.py:315: error: Expression type contains "Any" (has type "Dict[str, Any]")  [misc]
tests/integration/test_validation_integration.py:315: error: Expression has type "Any"  [misc]
tests/integration/test_validation_integration.py:317: error: Expression type contains "Any" (has type "Dict[str, Any]")  [misc]
tests/integration/test_validation_integration.py:317: error: Expression has type "Any"  [misc]
tests/integration/test_validation_integration.py:318: error: Expression type contains "Any" (has type "Dict[str, Any]")  [misc]
tests/integration/test_validation_integration.py:318: error: Expression has type "Any"  [misc]
tests/integration/test_validation_integration.py:319: error: Expression type contains "Any" (has type "Dict[str, Any]")  [misc]
tests/integration/test_validation_integration.py:319: error: Expression has type "Any"  [misc]
tests/integration/test_validation_integration.py:320: error: Expression type contains "Any" (has type "Dict[str, Any]")  [misc]
tests/integration/test_validation_integration.py:320: error: Expression has type "Any"  [misc]
tests/integration/test_validation_integration.py:321: error: Expression type contains "Any" (has type "Dict[str, Any]")  [misc]
tests/integration/test_validation_integration.py:321: error: Expression has type "Any"  [misc]
tests/integration/test_validation_integration.py:325: error: Expression has type "Any"  [misc]
tests/integration/test_validation_integration.py:329: error: Expression type contains "Any" (has type "Dict[str, Any]")  [misc]
tests/integration/test_validation_integration.py:329: error: Expression has type "Any"  [misc]
tests/integration/test_validation_integration.py:331: error: Expression type contains "Any" (has type "Dict[str, Any]")  [misc]
tests/integration/test_validation_integration.py:331: error: Expression has type "Any"  [misc]
tests/integration/test_validation_integration.py:332: error: Expression type contains "Any" (has type "Dict[str, Any]")  [misc]
tests/integration/test_validation_integration.py:332: error: Expression has type "Any"  [misc]
tests/integration/test_validation_integration.py:333: error: Expression type contains "Any" (has type "Dict[str, Any]")  [misc]
tests/integration/test_validation_integration.py:333: error: Expression has type "Any"  [misc]
tests/integration/test_validation_integration.py:334: error: Expression type contains "Any" (has type "Dict[str, Any]")  [misc]
tests/integration/test_validation_integration.py:334: error: Expression has type "Any"  [misc]
tests/integration/test_validation_integration.py:335: error: Expression type contains "Any" (has type "Dict[str, Any]")  [misc]
tests/integration/test_validation_integration.py:335: error: Expression has type "Any"  [misc]
tests/integration/test_validation_integration.py:339: error: Expression has type "Any"  [misc]
tests/integration/test_validation_integration.py:345: error: Expression type contains "Any" (has type "Dict[str, Any]")  [misc]
tests/integration/test_validation_integration.py:345: error: Expression has type "Any"  [misc]
tests/integration/test_validation_integration.py:345: error: Argument 2 to "assess_data_quality" has incompatible type "Dict[str, List[Column]]"; expected "Optional[Dict[str, List[Union[str, Column]]]]"  [arg-type]
tests/integration/test_validation_integration.py:347: error: Expression type contains "Any" (has type "Dict[str, Any]")  [misc]
tests/integration/test_validation_integration.py:348: error: Expression type contains "Any" (has type "Dict[str, Any]")  [misc]
tests/integration/test_validation_integration.py:349: error: Expression type contains "Any" (has type "Dict[str, Any]")  [misc]
tests/integration/test_validation_integration.py:350: error: Expression type contains "Any" (has type "Dict[str, Any]")  [misc]
tests/integration/test_validation_integration.py:351: error: Expression type contains "Any" (has type "Dict[str, Any]")  [misc]
tests/integration/test_validation_integration.py:358: error: Expression has type "Any"  [misc]
tests/integration/test_validation_integration.py:361: error: Expression has type "Any"  [misc]
tests/integration/test_validation_integration.py:362: error: Expression type contains "Any" (has type "Dict[str, Any]")  [misc]
tests/integration/test_validation_integration.py:362: error: Expression has type "Any"  [misc]
tests/integration/test_validation_integration.py:364: error: Expression type contains "Any" (has type "Dict[str, Any]")  [misc]
tests/integration/test_validation_integration.py:365: error: Expression type contains "Any" (has type "Dict[str, Any]")  [misc]
tests/integration/test_validation_integration.py:365: error: Expression has type "Any"  [misc]
tests/integration/test_validation_integration.py:366: error: Expression type contains "Any" (has type "Dict[str, Any]")  [misc]
tests/integration/test_validation_integration.py:366: error: Expression has type "Any"  [misc]
tests/integration/test_validation_integration.py:367: error: Expression type contains "Any" (has type "Dict[str, Any]")  [misc]
tests/integration/test_validation_integration.py:367: error: Expression has type "Any"  [misc]
tests/integration/test_validation_integration.py:368: error: Expression type contains "Any" (has type "Dict[str, Any]")  [misc]
tests/integration/test_validation_integration.py:368: error: Expression has type "Any"  [misc]
tests/integration/test_validation_integration.py:369: error: Expression type contains "Any" (has type "Dict[str, Any]")  [misc]
tests/integration/test_validation_integration.py:369: error: Expression has type "Any"  [misc]
tests/integration/test_validation_integration.py:370: error: Expression type contains "Any" (has type "Dict[str, Any]")  [misc]
tests/integration/test_validation_integration.py:370: error: Expression has type "Any"  [misc]
tests/integration/test_validation_integration.py:434: error: Expression has type "Any"  [misc]
tests/integration/test_validation_integration.py:434: error: Expression type contains "Any" (has type "List[Any]")  [misc]
tests/integration/test_validation_integration.py:444: error: Expression has type "Any"  [misc]
tests/integration/test_validation_integration.py:450: error: Expression has type "Any"  [misc]
tests/integration/test_validation_integration.py:501: error: Argument "rules" to "BronzeStep" has incompatible type "Dict[str, List[Column]]"; expected "Dict[str, List[Union[str, Column]]]"  [arg-type]
tests/integration/test_validation_integration.py:520: error: Argument "rules" to "SilverStep" has incompatible type "Dict[str, List[Column]]"; expected "Dict[str, List[Union[str, Column]]]"  [arg-type]
tests/integration/test_validation_integration.py:526: error: Argument "rules" to "BronzeStep" has incompatible type "Dict[str, List[Column]]"; expected "Dict[str, List[Union[str, Column]]]"  [arg-type]
tests/integration/test_validation_integration.py:543: error: Argument "rules" to "GoldStep" has incompatible type "Dict[str, List[Column]]"; expected "Dict[str, List[Union[str, Column]]]"  [arg-type]
tests/integration/test_validation_integration.py:556: error: Argument "rules" to "SilverStep" has incompatible type "Dict[str, List[Column]]"; expected "Dict[str, List[Union[str, Column]]]"  [arg-type]
tests/integration/test_validation_integration.py:572: error: Argument "rules" to "BronzeStep" has incompatible type "Dict[str, List[Column]]"; expected "Dict[str, List[Union[str, Column]]]"  [arg-type]
tests/integration/test_validation_integration.py:573: error: Need type annotation for "silver_steps" (hint: "silver_steps: Dict[<type>, <type>] = ...")  [var-annotated]
tests/integration/test_validation_integration.py:574: error: Need type annotation for "gold_steps" (hint: "gold_steps: Dict[<type>, <type>] = ...")  [var-annotated]
tests/integration/test_validation_integration.py:577: error: Expression type contains "Any" (has type "Dict[Any, Any]")  [misc]
tests/integration/test_validation_integration.py:593: error: Missing positional arguments "df", "rules", "stage", "step" in call to "apply_validation_rules"  [call-arg]
tests/integration/test_validation_integration.py:597: error: Expression type contains "Any" (has type overloaded function)  [misc]
tests/integration/test_validation_integration.py:597: error: Expression type contains "Any" (has type "Callable[[], Any]")  [misc]
tests/integration/test_validation_integration.py:598: error: Type of decorated function contains type "Any" ("Callable[[], Any]")  [misc]
tests/integration/test_validation_integration.py:600: error: Expression type contains "Any" (has type "Type[SparkSession]")  [misc]
tests/integration/test_step_execution.py:37: error: Expression has type "Any"  [misc]
tests/integration/test_step_execution.py:60: error: Expression has type "Any"  [misc]
tests/integration/test_step_execution.py:64: error: Expression has type "Any"  [misc]
tests/integration/test_step_execution.py:69: error: Expression type contains "Any" (has type "Callable[[Any, Any, Any], Any]")  [misc]
tests/integration/test_step_execution.py:88: error: Expression has type "Any"  [misc]
tests/integration/test_step_execution.py:93: error: Expression has type "Any"  [misc]
tests/integration/test_step_execution.py:94: error: Expression type contains "Any" (has type "List[Any]")  [misc]
tests/integration/test_step_execution.py:94: error: Expression has type "Any"  [misc]
tests/integration/test_step_execution.py:95: error: Expression has type "Any"  [misc]
tests/integration/test_step_execution.py:99: error: Expression type contains "Any" (has type "Callable[[Any, Any], Any]")  [misc]
tests/integration/test_step_execution.py:146: error: Expression has type "Any"  [misc]
tests/integration/test_step_execution.py:181: error: Expression has type "Any"  [misc]
tests/integration/test_step_execution.py:185: error: Expression has type "Any"  [misc]
tests/integration/test_step_execution.py:188: error: Expression type contains "Any" (has type "Dict[str, Any]")  [misc]
tests/integration/test_step_execution.py:189: error: Expression type contains "Any" (has type "Tuple[str, Any]")  [misc]
tests/integration/test_step_execution.py:189: error: Expression has type "Any"  [misc]
tests/integration/test_step_execution.py:190: error: Expression type contains "Any" (has type "Tuple[str, Any]")  [misc]
tests/integration/test_step_execution.py:190: error: Expression has type "Any"  [misc]
tests/integration/test_step_execution.py:194: error: Expression type contains "Any" (has type "Dict[str, Any]")  [misc]
tests/integration/test_step_execution.py:195: error: Expression type contains "Any" (has type "Dict[str, Any]")  [misc]
tests/integration/test_step_execution.py:196: error: Expression type contains "Any" (has type "Dict[str, Any]")  [misc]
tests/integration/test_step_execution.py:196: error: Expression has type "Any"  [misc]
tests/integration/test_step_execution.py:196: error: Expression type contains "Any" (has type "Type[DataFrame]")  [misc]
tests/integration/test_step_execution.py:197: error: Expression type contains "Any" (has type "Dict[str, Any]")  [misc]
tests/integration/test_step_execution.py:197: error: Expression has type "Any"  [misc]
tests/integration/test_step_execution.py:197: error: Expression type contains "Any" (has type "Type[DataFrame]")  [misc]
tests/integration/test_step_execution.py:198: error: Expression type contains "Any" (has type "Dict[str, Any]")  [misc]
tests/integration/test_step_execution.py:199: error: Expression type contains "Any" (has type "Dict[str, Any]")  [misc]
tests/integration/test_step_execution.py:303: error: Expression has type "Any"  [misc]
tests/integration/test_step_execution.py:305: error: Expression has type "Any"  [misc]
tests/integration/test_step_execution.py:310: error: Expression has type "Any"  [misc]
tests/integration/test_step_execution.py:312: error: Expression has type "Any"  [misc]
tests/integration/test_step_execution.py:325: error: Expression has type "Any"  [misc]
tests/integration/test_step_execution.py:332: error: Call to untyped function "InvalidStep" in typed context  [no-untyped-call]
tests/integration/test_step_execution.py:333: error: Need type annotation for "context" (hint: "context: Dict[<type>, <type>] = ...")  [var-annotated]
tests/integration/test_step_execution.py:337: error: Argument 1 to "execute_step" of "ExecutionEngine" has incompatible type "InvalidStep"; expected "Union[BronzeStep, SilverStep, GoldStep]"  [arg-type]
tests/integration/test_step_execution.py:337: error: Expression type contains "Any" (has type "Dict[Any, Any]")  [misc]
tests/integration/test_step_execution.py:347: error: Expression has type "Any"  [misc]
tests/integration/test_step_execution.py:351: error: Expression has type "Any"  [misc]
tests/integration/test_step_execution.py:354: error: Expression has type "Any"  [misc]
tests/integration/test_step_execution.py:355: error: Expression has type "Any"  [misc]
tests/integration/test_step_execution.py:356: error: Expression has type "Any"  [misc]
tests/integration/test_step_execution.py:357: error: Expression has type "Any"  [misc]
tests/integration/test_step_execution.py:360: error: Expression type contains "Any" (has type "Dict[str, Any]")  [misc]
tests/integration/test_step_execution.py:360: error: Expression type contains "Any" (has type "Tuple[str, Any]")  [misc]
tests/integration/test_step_execution.py:360: error: Expression has type "Any"  [misc]
tests/integration/test_step_execution.py:361: error: Expression type contains "Any" (has type "Dict[str, Any]")  [misc]
tests/integration/test_step_execution.py:362: error: Expression type contains "Any" (has type "Dict[str, Any]")  [misc]
tests/integration/test_step_execution.py:362: error: Expression has type "Any"  [misc]
tests/integration/test_step_execution.py:362: error: Expression type contains "Any" (has type "Type[DataFrame]")  [misc]
tests/integration/test_pipeline_monitor.py:71: error: Expression type contains "Any" (has type "Dict[str, Any]")  [misc]
tests/integration/test_pipeline_monitor.py:72: error: Expression type contains "Any" (has type "Dict[str, Any]")  [misc]
tests/integration/test_pipeline_monitor.py:73: error: Expression type contains "Any" (has type "Dict[str, Any]")  [misc]
tests/integration/test_pipeline_monitor.py:78: error: Expression type contains "Any" (has type "Callable[[TestSimplePipelineMonitor, Any], Any]")  [misc]
tests/integration/test_pipeline_monitor.py:79: error: Type of decorated function contains type "Any" ("Callable[..., Any]")  [misc]
tests/integration/test_pipeline_monitor.py:82: error: Expression has type "Any"  [misc]
tests/integration/test_pipeline_monitor.py:88: error: Expression type contains "Any" (has type "Dict[str, Any]")  [misc]
tests/integration/test_pipeline_monitor.py:89: error: Expression type contains "Any" (has type "Dict[str, Any]")  [misc]
tests/integration/test_pipeline_monitor.py:90: error: Expression type contains "Any" (has type "Dict[str, Any]")  [misc]
tests/integration/test_pipeline_monitor.py:103: error: Expression type contains "Any" (has type "Dict[str, Any]")  [misc]
tests/integration/test_pipeline_monitor.py:104: error: Expression type contains "Any" (has type "Dict[str, Any]")  [misc]
tests/integration/test_pipeline_monitor.py:105: error: Expression type contains "Any" (has type "Dict[str, Any]")  [misc]
tests/integration/test_pipeline_monitor.py:118: error: Item "None" of "Optional[PipelineReport]" has no attribute "metrics"  [union-attr]
tests/integration/test_pipeline_monitor.py:118: error: Expression type contains "Any" (has type "Union[PipelineMetrics, Any]")  [misc]
tests/integration/test_pipeline_monitor.py:118: error: Expression type contains "Any" (has type "Union[int, Any]")  [misc]
tests/integration/test_pipeline_monitor.py:118: error: Expression type contains "Any" (has type "Union[bool, Any]")  [misc]
tests/integration/test_pipeline_monitor.py:119: error: Item "None" of "Optional[PipelineReport]" has no attribute "metrics"  [union-attr]
tests/integration/test_pipeline_monitor.py:119: error: Expression type contains "Any" (has type "Union[PipelineMetrics, Any]")  [misc]
tests/integration/test_pipeline_monitor.py:119: error: Expression type contains "Any" (has type "Union[int, Any]")  [misc]
tests/integration/test_pipeline_monitor.py:119: error: Expression type contains "Any" (has type "Union[bool, Any]")  [misc]
tests/integration/test_pipeline_monitor.py:120: error: Item "None" of "Optional[PipelineReport]" has no attribute "errors"  [union-attr]
tests/integration/test_pipeline_monitor.py:120: error: Expression type contains "Any" (has type "Union[List[str], Any]")  [misc]
tests/integration/test_pipeline_monitor.py:130: error: Expression type contains "Any" (has type "Dict[str, Any]")  [misc]
tests/integration/test_pipeline_monitor.py:131: error: Expression type contains "Any" (has type "Dict[str, Any]")  [misc]
tests/integration/test_pipeline_monitor.py:132: error: Expression type contains "Any" (has type "Dict[str, Any]")  [misc]
tests/integration/test_pipeline_monitor.py:146: error: Item "None" of "Optional[PipelineReport]" has no attribute "metrics"  [union-attr]
tests/integration/test_pipeline_monitor.py:146: error: Expression type contains "Any" (has type "Union[PipelineMetrics, Any]")  [misc]
tests/integration/test_pipeline_monitor.py:146: error: Expression type contains "Any" (has type "Union[int, Any]")  [misc]
tests/integration/test_pipeline_monitor.py:146: error: Expression type contains "Any" (has type "Union[bool, Any]")  [misc]
tests/integration/test_pipeline_monitor.py:147: error: Item "None" of "Optional[PipelineReport]" has no attribute "metrics"  [union-attr]
tests/integration/test_pipeline_monitor.py:147: error: Expression type contains "Any" (has type "Union[PipelineMetrics, Any]")  [misc]
tests/integration/test_pipeline_monitor.py:147: error: Expression type contains "Any" (has type "Union[int, Any]")  [misc]
tests/integration/test_pipeline_monitor.py:147: error: Expression type contains "Any" (has type "Union[bool, Any]")  [misc]
tests/integration/test_pipeline_monitor.py:148: error: Item "None" of "Optional[PipelineReport]" has no attribute "errors"  [union-attr]
tests/integration/test_pipeline_monitor.py:148: error: Expression type contains "Any" (has type "Union[List[str], Any]")  [misc]
tests/integration/test_pipeline_monitor.py:149: error: Item "None" of "Optional[PipelineReport]" has no attribute "errors"  [union-attr]
tests/integration/test_pipeline_monitor.py:149: error: Expression type contains "Any" (has type "Union[List[str], Any]")  [misc]
tests/integration/test_pipeline_monitor.py:171: error: Expression type contains "Any" (has type "Dict[str, Any]")  [misc]
tests/integration/test_pipeline_monitor.py:172: error: Expression type contains "Any" (has type "Dict[str, Any]")  [misc]
tests/integration/test_pipeline_monitor.py:173: error: Expression type contains "Any" (has type "Dict[str, Any]")  [misc]
tests/integration/test_pipeline_monitor.py:181: error: Item "None" of "Optional[PipelineReport]" has no attribute "metrics"  [union-attr]
tests/integration/test_pipeline_monitor.py:181: error: Expression type contains "Any" (has type "Union[PipelineMetrics, Any]")  [misc]
tests/integration/test_pipeline_monitor.py:181: error: Expression type contains "Any" (has type "Union[int, Any]")  [misc]
tests/integration/test_pipeline_monitor.py:181: error: Expression type contains "Any" (has type "Union[bool, Any]")  [misc]
tests/integration/test_pipeline_monitor.py:182: error: Item "None" of "Optional[PipelineReport]" has no attribute "errors"  [union-attr]
tests/integration/test_pipeline_monitor.py:182: error: Expression type contains "Any" (has type "Union[List[str], Any]")  [misc]
tests/integration/test_pipeline_monitor.py:192: error: Expression type contains "Any" (has type "Dict[str, Any]")  [misc]
tests/integration/test_pipeline_monitor.py:193: error: Expression type contains "Any" (has type "Dict[str, Any]")  [misc]
tests/integration/test_pipeline_monitor.py:194: error: Expression type contains "Any" (has type "Dict[str, Any]")  [misc]
tests/integration/test_pipeline_monitor.py:216: error: Expression type contains "Any" (has type "Dict[str, Any]")  [misc]
tests/integration/test_pipeline_monitor.py:217: error: Expression type contains "Any" (has type "Dict[str, Any]")  [misc]
tests/integration/test_pipeline_monitor.py:218: error: Expression type contains "Any" (has type "Dict[str, Any]")  [misc]
tests/integration/test_pipeline_monitor.py:246: error: Expression type contains "Any" (has type "Dict[str, Any]")  [misc]
tests/integration/test_pipeline_monitor.py:247: error: Expression type contains "Any" (has type "Dict[str, Any]")  [misc]
tests/integration/test_pipeline_monitor.py:248: error: Expression type contains "Any" (has type "Dict[str, Any]")  [misc]
tests/integration/test_pipeline_monitor.py:254: error: Expression type contains "Any" (has type "Callable[[TestSimplePipelineMonitor, Any], Any]")  [misc]
tests/integration/test_pipeline_monitor.py:255: error: Type of decorated function contains type "Any" ("Callable[..., Any]")  [misc]
tests/integration/test_pipeline_monitor.py:260: error: Expression has type "Any"  [misc]
tests/integration/test_pipeline_monitor.py:260: error: Expression type contains "Any" (has type "List[Any]")  [misc]
tests/integration/test_pipeline_monitor.py:266: error: Expression type contains "Any" (has type "Dict[str, Any]")  [misc]
tests/integration/test_pipeline_monitor.py:267: error: Expression type contains "Any" (has type "Dict[str, Any]")  [misc]
tests/integration/test_pipeline_monitor.py:268: error: Expression type contains "Any" (has type "Dict[str, Any]")  [misc]
tests/integration/test_pipeline_monitor.py:285: error: Expression type contains "Any" (has type "Dict[str, Any]")  [misc]
tests/integration/test_pipeline_monitor.py:286: error: Expression type contains "Any" (has type "Dict[str, Any]")  [misc]
tests/integration/test_pipeline_monitor.py:287: error: Expression type contains "Any" (has type "Dict[str, Any]")  [misc]
tests/integration/test_pipeline_monitor.py:320: error: Expression type contains "Any" (has type "Dict[str, Any]")  [misc]
tests/integration/test_pipeline_monitor.py:321: error: Expression type contains "Any" (has type "Dict[str, Any]")  [misc]
tests/integration/test_pipeline_monitor.py:322: error: Expression type contains "Any" (has type "Dict[str, Any]")  [misc]
tests/integration/test_pipeline_monitor.py:332: error: Expression has type "Any"  [misc]
tests/integration/test_pipeline_monitor.py:333: error: Expression has type "Any"  [misc]
tests/integration/test_execution_engine_new.py:38: error: Expression has type "Any"  [misc]
tests/integration/test_execution_engine_new.py:41: error: Expression has type "Any"  [misc]
tests/integration/test_execution_engine_new.py:53: error: Expression has type "Any"  [misc]
tests/integration/test_execution_engine_new.py:55: error: Expression has type "Any"  [misc]
tests/integration/test_execution_engine_new.py:67: error: Expression has type "Any"  [misc]
tests/integration/test_execution_engine_new.py:105: error: Expression has type "Any"  [misc]
tests/integration/test_execution_engine_new.py:109: error: Expression has type "Any"  [misc]
tests/integration/test_execution_engine_new.py:111: error: Expression type contains "Any" (has type "Dict[str, Any]")  [misc]
tests/integration/test_execution_engine_new.py:111: error: Expression type contains "Any" (has type "Tuple[str, Any]")  [misc]
tests/integration/test_execution_engine_new.py:111: error: Expression has type "Any"  [misc]
tests/integration/test_execution_engine_new.py:114: error: Expression type contains "Any" (has type "Dict[str, Any]")  [misc]
tests/integration/test_execution_engine_new.py:115: error: Expression type contains "Any" (has type "Dict[str, Any]")  [misc]
tests/integration/test_execution_engine_new.py:115: error: Expression has type "Any"  [misc]
tests/integration/test_execution_engine_new.py:115: error: Expression type contains "Any" (has type "Type[DataFrame]")  [misc]
tests/integration/test_execution_engine_new.py:116: error: Expression type contains "Any" (has type "Dict[str, Any]")  [misc]
tests/integration/test_execution_engine_new.py:225: error: Expression has type "Any"  [misc]
tests/integration/test_execution_engine_new.py:245: error: Expression has type "Any"  [misc]
tests/integration/test_execution_engine_new.py:252: error: Call to untyped function "InvalidStep" in typed context  [no-untyped-call]
tests/integration/test_execution_engine_new.py:258: error: Need type annotation for "context" (hint: "context: Dict[<type>, <type>] = ...")  [var-annotated]
tests/integration/test_execution_engine_new.py:259: error: Argument 1 to "execute_step" of "ExecutionEngine" has incompatible type "InvalidStep"; expected "Union[BronzeStep, SilverStep, GoldStep]"  [arg-type]
tests/integration/test_execution_engine_new.py:259: error: Expression type contains "Any" (has type "Dict[Any, Any]")  [misc]
tests/integration/test_execution_engine_new.py:276: error: Expression has type "Any"  [misc]
tests/integration/test_execution_engine_new.py:282: error: Expression has type "Any"  [misc]
tests/integration/test_execution_engine_new.py:296: error: Expression has type "Any"  [misc]
tests/integration/test_execution_engine_new.py:302: error: Expression has type "Any"  [misc]
tests/integration/test_execution_engine_new.py:320: error: Expression has type "Any"  [misc]
tests/integration/test_execution_engine_new.py:333: error: Expression has type "Any"  [misc]
tests/integration/test_execution_engine_new.py:346: error: Expression has type "Any"  [misc]
tests/integration/test_execution_engine.py:260: error: Expression type contains "Any" (has type overloaded function)  [misc]
tests/integration/test_execution_engine.py:260: error: Expression type contains "Any" (has type "Callable[[TestExecutionEngine], Any]")  [misc]
tests/integration/test_execution_engine.py:261: error: Type of decorated function contains type "Any" ("Callable[[TestExecutionEngine], Any]")  [misc]
tests/integration/test_execution_engine.py:263: error: Expression type contains "Any" (has type "Type[SparkSession]")  [misc]
tests/integration/test_execution_engine.py:266: error: Expression type contains "Any" (has type overloaded function)  [misc]
tests/integration/test_execution_engine.py:266: error: Expression type contains "Any" (has type "Callable[[TestExecutionEngine], Any]")  [misc]
tests/integration/test_execution_engine.py:267: error: Type of decorated function contains type "Any" ("Callable[[TestExecutionEngine], Any]")  [misc]
tests/integration/test_execution_engine.py:272: error: Expression type contains "Any" (has type overloaded function)  [misc]
tests/integration/test_execution_engine.py:272: error: Expression type contains "Any" (has type "Callable[[TestExecutionEngine], Any]")  [misc]
tests/integration/test_execution_engine.py:273: error: Type of decorated function contains type "Any" ("Callable[[TestExecutionEngine], Any]")  [misc]
tests/integration/test_execution_engine.py:278: error: Expression type contains "Any" (has type overloaded function)  [misc]
tests/integration/test_execution_engine.py:278: error: Expression type contains "Any" (has type "Callable[[TestExecutionEngine], Any]")  [misc]
tests/integration/test_execution_engine.py:279: error: Type of decorated function contains type "Any" ("Callable[[TestExecutionEngine], Any]")  [misc]
tests/integration/test_execution_engine.py:288: error: Expression type contains "Any" (has type overloaded function)  [misc]
tests/integration/test_execution_engine.py:288: error: Expression type contains "Any" (has type "Callable[[TestExecutionEngine], Any]")  [misc]
tests/integration/test_execution_engine.py:289: error: Type of decorated function contains type "Any" ("Callable[[TestExecutionEngine], Any]")  [misc]
tests/integration/test_execution_engine.py:300: error: Expression type contains "Any" (has type overloaded function)  [misc]
tests/integration/test_execution_engine.py:300: error: Expression type contains "Any" (has type "Callable[[TestExecutionEngine], Any]")  [misc]
tests/integration/test_execution_engine.py:301: error: Type of decorated function contains type "Any" ("Callable[[TestExecutionEngine], Any]")  [misc]
tests/integration/test_execution_engine.py:316: error: Expression has type "Any"  [misc]
tests/integration/test_execution_engine.py:318: error: Expression has type "Any"  [misc]
tests/integration/test_execution_engine.py:319: error: Expression has type "Any"  [misc]
tests/integration/test_execution_engine.py:320: error: Expression has type "Any"  [misc]
tests/integration/test_execution_engine.py:326: error: Expression has type "Any"  [misc]
tests/integration/test_execution_engine.py:328: error: Expression has type "Any"  [misc]
tests/integration/test_execution_engine.py:329: error: Expression has type "Any"  [misc]
tests/integration/test_execution_engine.py:337: error: Expression type contains "Any" (has type "Type[DataFrame]")  [misc]
tests/integration/test_execution_engine.py:338: error: Expression has type "Any"  [misc]
tests/integration/test_execution_engine.py:345: error: Expression has type "Any"  [misc]
tests/integration/test_execution_engine.py:347: error: Expression has type "Any"  [misc]
tests/integration/test_execution_engine.py:355: error: Expression has type "Any"  [misc]
tests/integration/test_execution_engine.py:372: error: Expression type contains "Any" (has type "Type[DataFrame]")  [misc]
tests/integration/test_execution_engine.py:373: error: Expression has type "Any"  [misc]
tests/integration/test_execution_engine.py:382: error: Expression has type "Any"  [misc]
tests/integration/test_execution_engine.py:391: error: Expression has type "Any"  [misc]
tests/integration/test_execution_engine.py:391: error: Argument 2 to "execute_step" of "ExecutionEngine" has incompatible type "Dict[str, Mock]"; expected "Dict[str, DataFrame]"  [arg-type]
tests/integration/test_execution_engine.py:391: note: "Dict" is invariant -- see https://mypy.readthedocs.io/en/stable/common_issues.html#variance
tests/integration/test_execution_engine.py:391: note: Consider using "Mapping" instead, which is covariant in the value type
tests/integration/test_execution_engine.py:402: error: Expression type contains "Any" (has type "Type[DataFrame]")  [misc]
tests/integration/test_execution_engine.py:403: error: Expression has type "Any"  [misc]
tests/integration/test_execution_engine.py:412: error: Expression has type "Any"  [misc]
tests/integration/test_execution_engine.py:421: error: Expression has type "Any"  [misc]
tests/integration/test_execution_engine.py:421: error: Argument 2 to "execute_step" of "ExecutionEngine" has incompatible type "Dict[str, Mock]"; expected "Dict[str, DataFrame]"  [arg-type]
tests/integration/test_execution_engine.py:421: note: "Dict" is invariant -- see https://mypy.readthedocs.io/en/stable/common_issues.html#variance
tests/integration/test_execution_engine.py:421: note: Consider using "Mapping" instead, which is covariant in the value type
tests/integration/test_execution_engine.py:431: error: Expression has type "Any"  [misc]
tests/integration/test_execution_engine.py:455: error: Expression has type "Any"  [misc]
tests/integration/test_execution_engine.py:465: error: Expression has type "Any"  [misc]
tests/integration/test_execution_engine.py:472: error: Expression has type "Any"  [misc]
tests/integration/test_execution_engine.py:477: error: Expression has type "Any"  [misc]
tests/integration/test_execution_engine.py:487: error: Expression has type "Any"  [misc]
tests/integration/test_execution_engine.py:496: error: Expression has type "Any"  [misc]
tests/integration/test_execution_engine.py:497: error: Expression has type "Any"  [misc]
tests/integration/test_execution_engine.py:498: error: Expression has type "Any"  [misc]
tests/integration/test_execution_engine.py:511: error: Cannot infer type of lambda  [misc]
tests/integration/test_execution_engine.py:511: error: Expression type contains "Any" (has type "Callable[[Any, Any], Any]")  [misc]
tests/integration/test_execution_engine.py:511: error: Argument "transform" to "SilverStep" has incompatible type "Callable[[Any, Any], Any]"; expected "Callable[[SparkSession, DataFrame, Dict[str, DataFrame]], DataFrame]"  [arg-type]
tests/integration/test_execution_engine.py:521: error: Expression has type "Any"  [misc]
tests/integration/test_execution_engine.py:526: error: Expression has type "Any"  [misc]
tests/integration/test_execution_engine.py:538: error: Argument "transform" to "SilverStep" has incompatible type "None"; expected "Callable[[SparkSession, DataFrame, Dict[str, DataFrame]], DataFrame]"  [arg-type]
tests/integration/test_execution_engine.py:554: error: Argument "transform" to "GoldStep" has incompatible type "Callable[[SparkSession, Dict[str, DataFrame]], Dict[str, DataFrame]]"; expected "Callable[[SparkSession, Dict[str, DataFrame]], DataFrame]"  [arg-type]
tests/integration/test_execution_engine.py:554: error: Incompatible return value type (got "Dict[str, DataFrame]", expected "DataFrame")  [return-value]
tests/integration/test_execution_engine.py:555: error: Argument "rules" to "GoldStep" has incompatible type "Dict[str, List[Column]]"; expected "Dict[str, List[Union[str, Column]]]"  [arg-type]
tests/integration/test_execution_engine.py:565: error: Expression has type "Any"  [misc]
tests/integration/test_execution_engine.py:570: error: Expression has type "Any"  [misc]
tests/integration/test_execution_engine.py:581: error: Argument "transform" to "GoldStep" has incompatible type "None"; expected "Callable[[SparkSession, Dict[str, DataFrame]], DataFrame]"  [arg-type]
tests/integration/test_execution_engine.py:593: error: Expression type contains "Any" (has type "Type[DataFrame]")  [misc]
tests/integration/test_execution_engine.py:594: error: Expression has type "Any"  [misc]
tests/integration/test_execution_engine.py:596: error: Expression has type "Any"  [misc]
tests/integration/test_execution_engine.py:604: error: Expression has type "Any"  [misc]
tests/integration/test_execution_engine.py:609: error: Expression has type "Any"  [misc]
tests/integration/test_execution_engine.py:618: error: Expression has type "Any"  [misc]
tests/integration/test_execution_engine.py:619: error: Expression has type "Any"  [misc]
tests/integration/test_execution_engine.py:621: error: Expression has type "Any"  [misc]
tests/integration/test_execution_engine.py:624: error: Expression has type "Any"  [misc]
tests/integration/test_execution_engine.py:636: error: Expression type contains "Any" (has type "Type[DataFrame]")  [misc]
tests/integration/test_execution_engine.py:637: error: Expression has type "Any"  [misc]
tests/integration/test_execution_engine.py:638: error: Expression has type "Any"  [misc]
tests/integration/test_execution_engine.py:639: error: Expression has type "Any"  [misc]
tests/integration/test_execution_engine.py:645: error: Expression has type "Any"  [misc]
tests/integration/test_execution_engine.py:653: error: Expression type contains "Any" (has type "List[Any]")  [misc]
tests/integration/test_execution_engine.py:653: error: Expression has type "Any"  [misc]
tests/integration/test_execution_engine.py:654: error: Expression type contains "Any" (has type "List[Any]")  [misc]
tests/integration/test_execution_engine.py:661: error: Argument 1 to "len" has incompatible type "Optional[List[StepExecutionResult]]"; expected "Sized"  [arg-type]
tests/integration/test_execution_engine.py:669: error: Expression has type "Any"  [misc]
tests/integration/test_execution_engine.py:672: error: Expression has type "Any"  [misc]
tests/integration/test_execution_engine.py:674: error: Expression has type "Any"  [misc]
tests/integration/test_execution_engine.py:677: error: Expression has type "Any"  [misc]
tests/integration/test_execution_engine.py:707: error: Expression type contains "Any" (has type "Type[DataFrame]")  [misc]
tests/integration/test_execution_engine.py:708: error: Expression has type "Any"  [misc]
tests/integration/test_execution_engine.py:709: error: Expression has type "Any"  [misc]
tests/integration/test_execution_engine.py:710: error: Expression has type "Any"  [misc]
tests/integration/test_execution_engine.py:716: error: Expression has type "Any"  [misc]
tests/integration/test_execution_engine.py:725: error: Argument 1 to "execute_pipeline" of "ExecutionEngine" has incompatible type "List[BaseModel]"; expected "List[Union[BronzeStep, SilverStep, GoldStep]]"  [arg-type]
tests/integration/test_execution_engine.py:728: error: Argument 1 to "len" has incompatible type "Optional[List[StepExecutionResult]]"; expected "Sized"  [arg-type]
tests/integration/test_execution_engine.py:729: error: Value of type "Optional[List[StepExecutionResult]]" is not indexable  [index]
tests/integration/test_execution_engine.py:729: error: Expression type contains "Any" (has type "Union[StepExecutionResult, Any]")  [misc]
tests/integration/test_execution_engine.py:729: error: Expression type contains "Any" (has type "Union[StepType, Any]")  [misc]
tests/integration/test_execution_engine.py:729: error: Expression type contains "Any" (has type "Union[bool, Any]")  [misc]
tests/integration/test_execution_engine.py:730: error: Value of type "Optional[List[StepExecutionResult]]" is not indexable  [index]
tests/integration/test_execution_engine.py:730: error: Expression type contains "Any" (has type "Union[StepExecutionResult, Any]")  [misc]
tests/integration/test_execution_engine.py:730: error: Expression type contains "Any" (has type "Union[StepType, Any]")  [misc]
tests/integration/test_execution_engine.py:730: error: Expression type contains "Any" (has type "Union[bool, Any]")  [misc]
tests/integration/test_execution_engine.py:731: error: Value of type "Optional[List[StepExecutionResult]]" is not indexable  [index]
tests/integration/test_execution_engine.py:731: error: Expression type contains "Any" (has type "Union[StepExecutionResult, Any]")  [misc]
tests/integration/test_execution_engine.py:731: error: Expression type contains "Any" (has type "Union[StepType, Any]")  [misc]
tests/integration/test_execution_engine.py:731: error: Expression type contains "Any" (has type "Union[bool, Any]")  [misc]
tests/integration/test_execution_engine.py:738: error: Expression type contains "Any" (has type "Type[DataFrame]")  [misc]
tests/integration/test_execution_engine.py:739: error: Expression has type "Any"  [misc]
tests/integration/test_execution_engine.py:740: error: Expression has type "Any"  [misc]
tests/integration/test_execution_engine.py:746: error: Expression has type "Any"  [misc]
tests/integration/test_execution_engine.py:755: error: Expression has type "Any"  [misc]
tests/integration/test_execution_engine.py:762: error: Expression has type "Any"  [misc]
tests/integration/test_execution_engine.py:767: error: Argument 1 to "len" has incompatible type "Optional[List[StepExecutionResult]]"; expected "Sized"  [arg-type]
tests/integration/test_execution_engine.py:774: error: Expression type contains "Any" (has type "Type[DataFrame]")  [misc]
tests/integration/test_execution_engine.py:775: error: Expression has type "Any"  [misc]
tests/integration/test_execution_engine.py:776: error: Expression has type "Any"  [misc]
tests/integration/test_execution_engine.py:781: error: Expression has type "Any"  [misc]
tests/integration/test_execution_engine.py:793: error: Expression has type "Any"  [misc]
tests/integration/test_execution_engine.py:801: error: Expression type contains "Any" (has type "List[Any]")  [misc]
tests/integration/test_execution_engine.py:801: error: Expression has type "Any"  [misc]
tests/integration/test_execution_engine.py:804: error: Expression type contains "Any" (has type "List[Any]")  [misc]
sparkforge/pipeline/builder.py:458: error: Expression has type "Any"  [misc]
sparkforge/pipeline/builder.py:810: error: Type of decorated function contains type "Any" ("Callable[[Type[PipelineBuilder], SparkSession, str, KwArg(Any)], PipelineBuilder]")  [misc]
sparkforge/pipeline/builder.py:839: error: Expression type contains "Any" (has type "Dict[str, Any]")  [misc]
sparkforge/pipeline/builder.py:843: error: Type of decorated function contains type "Any" ("Callable[[Type[PipelineBuilder], SparkSession, str, KwArg(Any)], PipelineBuilder]")  [misc]
sparkforge/pipeline/builder.py:872: error: Expression type contains "Any" (has type "Dict[str, Any]")  [misc]
sparkforge/pipeline/builder.py:876: error: Type of decorated function contains type "Any" ("Callable[[Type[PipelineBuilder], SparkSession, str, KwArg(Any)], PipelineBuilder]")  [misc]
sparkforge/pipeline/builder.py:905: error: Expression type contains "Any" (has type "Dict[str, Any]")  [misc]
sparkforge/pipeline/builder.py:1010: error: Type of decorated function contains type "Any" ("Callable[[Any], List[str]]")  [misc]
sparkforge/pipeline/builder.py:1037: error: Expression has type "Any"  [misc]
sparkforge/pipeline/builder.py:1039: error: Expression has type "Any"  [misc]
sparkforge/pipeline/builder.py:1039: error: Expression type contains "Any" (has type "List[Any]")  [misc]
sparkforge/pipeline/builder.py:1042: error: Expression has type "Any"  [misc]
sparkforge/pipeline/builder.py:1046: error: Expression has type "Any"  [misc]
sparkforge/pipeline/builder.py:1046: error: Expression type contains "Any" (has type "List[Any]")  [misc]
sparkforge/pipeline/builder.py:1047: error: Expression has type "Any"  [misc]
sparkforge/pipeline/builder.py:1048: error: Expression type contains "Any" (has type "List[Any]")  [misc]
sparkforge/pipeline/builder.py:1048: error: Expression has type "Any"  [misc]
sparkforge/pipeline/builder.py:1050: error: Expression type contains "Any" (has type "List[Any]")  [misc]
tests/integration/test_pipeline_runner.py:30: error: Expression type contains "Any" (has type overloaded function)  [misc]
tests/integration/test_pipeline_runner.py:30: error: Expression type contains "Any" (has type "Callable[[TestSimplePipelineRunner], Any]")  [misc]
tests/integration/test_pipeline_runner.py:31: error: Type of decorated function contains type "Any" ("Callable[[TestSimplePipelineRunner], Any]")  [misc]
tests/integration/test_pipeline_runner.py:33: error: Expression type contains "Any" (has type "Type[SparkSession]")  [misc]
tests/integration/test_pipeline_runner.py:36: error: Expression type contains "Any" (has type overloaded function)  [misc]
tests/integration/test_pipeline_runner.py:36: error: Expression type contains "Any" (has type "Callable[[TestSimplePipelineRunner], Any]")  [misc]
tests/integration/test_pipeline_runner.py:37: error: Type of decorated function contains type "Any" ("Callable[[TestSimplePipelineRunner], Any]")  [misc]
tests/integration/test_pipeline_runner.py:42: error: Expression type contains "Any" (has type overloaded function)  [misc]
tests/integration/test_pipeline_runner.py:42: error: Expression type contains "Any" (has type "Callable[[TestSimplePipelineRunner], Any]")  [misc]
tests/integration/test_pipeline_runner.py:43: error: Type of decorated function contains type "Any" ("Callable[[TestSimplePipelineRunner], Any]")  [misc]
tests/integration/test_pipeline_runner.py:48: error: Expression type contains "Any" (has type overloaded function)  [misc]
tests/integration/test_pipeline_runner.py:48: error: Expression type contains "Any" (has type "Callable[[TestSimplePipelineRunner], Any]")  [misc]
tests/integration/test_pipeline_runner.py:49: error: Type of decorated function contains type "Any" ("Callable[[TestSimplePipelineRunner], Any]")  [misc]
tests/integration/test_pipeline_runner.py:57: error: Expression type contains "Any" (has type overloaded function)  [misc]
tests/integration/test_pipeline_runner.py:57: error: Expression type contains "Any" (has type "Callable[[TestSimplePipelineRunner], Any]")  [misc]
tests/integration/test_pipeline_runner.py:58: error: Type of decorated function contains type "Any" ("Callable[[TestSimplePipelineRunner], Any]")  [misc]
tests/integration/test_pipeline_runner.py:63: error: Cannot infer type of lambda  [misc]
tests/integration/test_pipeline_runner.py:63: error: Expression type contains "Any" (has type "Callable[[Any, Any], Any]")  [misc]
tests/integration/test_pipeline_runner.py:63: error: Argument "transform" to "SilverStep" has incompatible type "Callable[[Any, Any], Any]"; expected "Callable[[SparkSession, DataFrame, Dict[str, DataFrame]], DataFrame]"  [arg-type]
tests/integration/test_pipeline_runner.py:69: error: Expression type contains "Any" (has type overloaded function)  [misc]
tests/integration/test_pipeline_runner.py:69: error: Expression type contains "Any" (has type "Callable[[TestSimplePipelineRunner], Any]")  [misc]
tests/integration/test_pipeline_runner.py:70: error: Type of decorated function contains type "Any" ("Callable[[TestSimplePipelineRunner], Any]")  [misc]
tests/integration/test_pipeline_runner.py:74: error: Argument "transform" to "GoldStep" has incompatible type "Callable[[SparkSession, Dict[str, DataFrame]], Dict[str, DataFrame]]"; expected "Callable[[SparkSession, Dict[str, DataFrame]], DataFrame]"  [arg-type]
tests/integration/test_pipeline_runner.py:74: error: Incompatible return value type (got "Dict[str, DataFrame]", expected "DataFrame")  [return-value]
tests/integration/test_pipeline_runner.py:90: error: Expression has type "Any"  [misc]
tests/integration/test_pipeline_runner.py:91: error: Expression has type "Any"  [misc]
tests/integration/test_pipeline_runner.py:92: error: Argument "bronze_steps" to "SimplePipelineRunner" has incompatible type "Dict[str, Mock]"; expected "Optional[Dict[str, BronzeStep]]"  [arg-type]
tests/integration/test_pipeline_runner.py:92: note: "Dict" is invariant -- see https://mypy.readthedocs.io/en/stable/common_issues.html#variance
tests/integration/test_pipeline_runner.py:92: note: Consider using "Mapping" instead, which is covariant in the value type
tests/integration/test_pipeline_runner.py:93: error: Argument "silver_steps" to "SimplePipelineRunner" has incompatible type "Dict[str, Mock]"; expected "Optional[Dict[str, SilverStep]]"  [arg-type]
tests/integration/test_pipeline_runner.py:93: note: "Dict" is invariant -- see https://mypy.readthedocs.io/en/stable/common_issues.html#variance
tests/integration/test_pipeline_runner.py:93: note: Consider using "Mapping" instead, which is covariant in the value type
tests/integration/test_pipeline_runner.py:94: error: Argument "gold_steps" to "SimplePipelineRunner" has incompatible type "Dict[str, Mock]"; expected "Optional[Dict[str, GoldStep]]"  [arg-type]
tests/integration/test_pipeline_runner.py:94: note: "Dict" is invariant -- see https://mypy.readthedocs.io/en/stable/common_issues.html#variance
tests/integration/test_pipeline_runner.py:94: note: Consider using "Mapping" instead, which is covariant in the value type
tests/integration/test_pipeline_runner.py:95: error: Expression has type "Any"  [misc]
tests/integration/test_pipeline_runner.py:98: error: Expression has type "Any"  [misc]
tests/integration/test_pipeline_runner.py:99: error: Expression has type "Any"  [misc]
tests/integration/test_pipeline_runner.py:103: error: Expression has type "Any"  [misc]
tests/integration/test_pipeline_runner.py:110: error: Expression has type "Any"  [misc]
tests/integration/test_pipeline_runner.py:112: error: Expression has type "Any"  [misc]
tests/integration/test_pipeline_runner.py:113: error: Expression has type "Any"  [misc]
tests/integration/test_pipeline_runner.py:123: error: Expression has type "Any"  [misc]
tests/integration/test_pipeline_runner.py:124: error: Expression has type "Any"  [misc]
tests/integration/test_pipeline_runner.py:136: error: Expression has type "Any"  [misc]
tests/integration/test_pipeline_runner.py:142: error: Expression has type "Any"  [misc]
tests/integration/test_pipeline_runner.py:148: error: Expression has type "Any"  [misc]
tests/integration/test_pipeline_runner.py:154: error: Expression has type "Any"  [misc]
tests/integration/test_pipeline_runner.py:160: error: Expression has type "Any"  [misc]
tests/integration/test_pipeline_runner.py:167: error: Expression type contains "Any" (has type "Callable[[TestSimplePipelineRunner, Any, Any, Any, Any], Any]")  [misc]
tests/integration/test_pipeline_runner.py:168: error: Type of decorated function contains type "Any" ("Callable[..., Any]")  [misc]
tests/integration/test_pipeline_runner.py:175: error: Expression has type "Any"  [misc]
tests/integration/test_pipeline_runner.py:175: error: Expression type contains "Any" (has type "List[Any]")  [misc]
tests/integration/test_pipeline_runner.py:179: error: Expression has type "Any"  [misc]
tests/integration/test_pipeline_runner.py:196: error: Expression has type "Any"  [misc]
tests/integration/test_pipeline_runner.py:200: error: Expression has type "Any"  [misc]
tests/integration/test_pipeline_runner.py:216: error: Expression has type "Any"  [misc]
tests/integration/test_pipeline_runner.py:223: error: Expression has type "Any"  [misc]
tests/integration/test_pipeline_runner.py:226: error: Expression type contains "Any" (has type "Type[DataFrame]")  [misc]
tests/integration/test_pipeline_runner.py:229: error: Expression has type "Any"  [misc]
tests/integration/test_pipeline_runner.py:229: error: Argument 3 to "run_pipeline" of "SimplePipelineRunner" has incompatible type "Dict[str, Mock]"; expected "Optional[Dict[str, DataFrame]]"  [arg-type]
tests/integration/test_pipeline_runner.py:229: note: "Dict" is invariant -- see https://mypy.readthedocs.io/en/stable/common_issues.html#variance
tests/integration/test_pipeline_runner.py:229: note: Consider using "Mapping" instead, which is covariant in the value type
tests/integration/test_pipeline_runner.py:233: error: Expression has type "Any"  [misc]
tests/integration/test_pipeline_runner.py:240: error: Expression has type "Any"  [misc]
tests/integration/test_pipeline_runner.py:247: error: Expression has type "Any"  [misc]
tests/integration/test_pipeline_runner.py:250: error: Expression has type "Any"  [misc]
tests/integration/test_pipeline_runner.py:253: error: Expression has type "Any"  [misc]
tests/integration/test_pipeline_runner.py:260: error: Expression has type "Any"  [misc]
tests/integration/test_pipeline_runner.py:264: error: Expression has type "Any"  [misc]
tests/integration/test_pipeline_runner.py:267: error: Expression has type "Any"  [misc]
tests/integration/test_pipeline_runner.py:277: error: Expression has type "Any"  [misc]
tests/integration/test_pipeline_runner.py:284: error: Expression has type "Any"  [misc]
tests/integration/test_pipeline_runner.py:287: error: Expression has type "Any"  [misc]
tests/integration/test_pipeline_runner.py:290: error: Expression has type "Any"  [misc]
tests/integration/test_pipeline_runner.py:291: error: Expression has type "Any"  [misc]
tests/integration/test_pipeline_runner.py:293: error: Expression has type "Any"  [misc]
tests/integration/test_pipeline_runner.py:299: error: Expression has type "Any"  [misc]
tests/integration/test_pipeline_runner.py:311: error: Expression has type "Any"  [misc]
tests/integration/test_pipeline_runner.py:312: error: Expression has type "Any"  [misc]
tests/integration/test_pipeline_runner.py:322: error: Expression has type "Any"  [misc]
tests/integration/test_pipeline_runner.py:323: error: Expression has type "Any"  [misc]
tests/integration/test_pipeline_runner.py:324: error: Expression has type "Any"  [misc]
tests/integration/test_pipeline_runner.py:325: error: Expression has type "Any"  [misc]
tests/integration/test_pipeline_runner.py:330: error: Expression has type "Any"  [misc]
tests/integration/test_pipeline_runner.py:337: error: Expression has type "Any"  [misc]
tests/integration/test_pipeline_runner.py:340: error: Expression has type "Any"  [misc]
tests/integration/test_pipeline_runner.py:343: error: Expression has type "Any"  [misc]
tests/integration/test_pipeline_runner.py:344: error: Expression has type "Any"  [misc]
tests/integration/test_pipeline_runner.py:345: error: Expression has type "Any"  [misc]
tests/integration/test_pipeline_runner.py:350: error: Expression has type "Any"  [misc]
tests/integration/test_pipeline_runner.py:357: error: Expression has type "Any"  [misc]
tests/integration/test_pipeline_runner.py:360: error: Expression has type "Any"  [misc]
tests/integration/test_pipeline_runner.py:363: error: Expression has type "Any"  [misc]
tests/integration/test_pipeline_runner.py:364: error: Expression has type "Any"  [misc]
tests/integration/test_pipeline_runner.py:365: error: Expression has type "Any"  [misc]
tests/integration/test_pipeline_runner.py:370: error: Expression has type "Any"  [misc]
tests/integration/test_pipeline_runner.py:377: error: Expression has type "Any"  [misc]
tests/integration/test_pipeline_runner.py:380: error: Expression has type "Any"  [misc]
tests/integration/test_pipeline_runner.py:383: error: Expression has type "Any"  [misc]
tests/integration/test_pipeline_runner.py:384: error: Expression has type "Any"  [misc]
tests/integration/test_pipeline_runner.py:385: error: Expression has type "Any"  [misc]
tests/integration/test_pipeline_runner.py:389: error: Expression has type "Any"  [misc]
tests/integration/test_pipeline_runner.py:438: error: Expression has type "Any"  [misc]
tests/integration/test_pipeline_runner.py:463: error: Expression has type "Any"  [misc]
tests/integration/test_pipeline_runner.py:477: error: Expression has type "Any"  [misc]
tests/integration/test_pipeline_runner.py:490: error: Expression has type "Any"  [misc]
tests/integration/test_pipeline_runner.py:496: error: Expression has type "Any"  [misc]
tests/integration/test_pipeline_runner.py:522: error: Expression type contains "Any" (has type "Type[SparkSession]")  [misc]
tests/integration/test_pipeline_runner.py:529: error: Expression has type "Any"  [misc]
tests/integration/test_pipeline_execution.py:26: error: Expression has type "Any"  [misc]
tests/integration/test_pipeline_execution.py:28: error: Expression has type "Any"  [misc]
tests/integration/test_pipeline_execution.py:36: error: Expression has type "Any"  [misc]
tests/integration/test_pipeline_execution.py:51: error: Expression has type "Any"  [misc]
tests/integration/test_pipeline_execution.py:76: error: Expression has type "Any"  [misc]
tests/integration/test_pipeline_execution.py:110: error: Expression has type "Any"  [misc]
tests/integration/test_pipeline_execution.py:133: error: Expression has type "Any"  [misc]
tests/integration/test_pipeline_execution.py:159: error: Expression has type "Any"  [misc]
tests/integration/test_pipeline_execution.py:177: error: Expression has type "Any"  [misc]
tests/integration/test_pipeline_execution.py:182: error: Expression has type "Any"  [misc]
tests/integration/test_pipeline_execution.py:183: error: Expression has type "Any"  [misc]
tests/integration/test_pipeline_execution.py:184: error: Expression has type "Any"  [misc]
tests/integration/test_pipeline_execution.py:185: error: Expression has type "Any"  [misc]
tests/integration/test_pipeline_execution.py:186: error: Expression has type "Any"  [misc]
tests/integration/test_pipeline_execution.py:211: error: Expression has type "Any"  [misc]
tests/integration/test_pipeline_execution.py:213: error: Expression has type "Any"  [misc]
tests/integration/test_pipeline_execution.py:229: error: Expression has type "Any"  [misc]
tests/integration/test_pipeline_execution.py:234: error: Expression has type "Any"  [misc]
tests/integration/test_pipeline_execution.py:235: error: Expression has type "Any"  [misc]
tests/integration/test_pipeline_execution.py:238: error: Expression has type "Any"  [misc]
tests/integration/test_pipeline_execution.py:239: error: Expression has type "Any"  [misc]
tests/integration/test_pipeline_execution.py:242: error: Expression has type "Any"  [misc]
tests/integration/test_pipeline_execution.py:243: error: Expression has type "Any"  [misc]
tests/integration/test_pipeline_execution.py:246: error: Expression has type "Any"  [misc]
tests/integration/test_pipeline_execution.py:247: error: Expression has type "Any"  [misc]
tests/integration/test_pipeline_execution.py:258: error: Expression has type "Any"  [misc]
tests/integration/test_pipeline_execution.py:268: error: Expression type contains "Any" (has type "List[Any]")  [misc]
tests/integration/test_pipeline_execution.py:284: error: Expression has type "Any"  [misc]
tests/integration/test_pipeline_builder.py:122: error: Expression type contains "Any" (has type "Dict[str, Any]")  [misc]
tests/integration/test_pipeline_builder.py:124: error: Expression type contains "Any" (has type "Dict[str, Any]")  [misc]
tests/integration/test_pipeline_builder.py:125: error: Expression type contains "Any" (has type "Dict[str, Any]")  [misc]
tests/integration/test_pipeline_builder.py:126: error: Expression type contains "Any" (has type "Dict[str, Any]")  [misc]
tests/integration/test_pipeline_builder.py:127: error: Expression type contains "Any" (has type "Dict[str, Any]")  [misc]
tests/integration/test_pipeline_builder.py:128: error: Expression type contains "Any" (has type "Dict[str, Any]")  [misc]
tests/integration/test_pipeline_builder.py:129: error: Expression type contains "Any" (has type "Dict[str, Any]")  [misc]
tests/integration/test_pipeline_builder.py:130: error: Expression type contains "Any" (has type "Dict[str, Any]")  [misc]
tests/integration/test_pipeline_builder.py:131: error: Expression type contains "Any" (has type "Dict[str, Any]")  [misc]
tests/integration/test_pipeline_builder.py:132: error: Expression type contains "Any" (has type "Dict[str, Any]")  [misc]
tests/integration/test_pipeline_builder.py:133: error: Expression type contains "Any" (has type "Dict[str, Any]")  [misc]
tests/integration/test_pipeline_builder.py:134: error: Expression type contains "Any" (has type "Dict[str, Any]")  [misc]
tests/integration/test_pipeline_builder.py:233: error: Expression has type "Any"  [misc]
tests/integration/test_pipeline_builder.py:243: error: Expression type contains "Any" (has type "Callable[[Any, Any], Any]")  [misc]
tests/integration/test_pipeline_builder.py:243: error: Argument "transform" to "add_silver_transform" of "PipelineBuilder" has incompatible type "Callable[[Any, Any], Any]"; expected "Callable[[SparkSession, DataFrame, Dict[str, DataFrame]], DataFrame]"  [arg-type]
tests/integration/test_pipeline_builder.py:258: error: Expression type contains "Any" (has type "Callable[[Any, Any], Any]")  [misc]
tests/integration/test_pipeline_builder.py:267: error: Expression type contains "Any" (has type "List[Any]")  [misc]
tests/integration/test_pipeline_builder.py:267: error: Expression has type "Any"  [misc]
tests/integration/test_pipeline_builder.py:277: error: Cannot infer type of lambda  [misc]
tests/integration/test_pipeline_builder.py:277: error: Expression type contains "Any" (has type "Callable[[Any, Any], Any]")  [misc]
tests/integration/test_pipeline_builder.py:277: error: Argument "transform" to "add_silver_transform" of "PipelineBuilder" has incompatible type "Callable[[Any, Any], Any]"; expected "Callable[[SparkSession, DataFrame, Dict[str, DataFrame]], DataFrame]"  [arg-type]
tests/integration/test_pipeline_builder.py:286: error: Cannot infer type of lambda  [misc]
tests/integration/test_pipeline_builder.py:286: error: Expression type contains "Any" (has type "Callable[[Any, Any], Any]")  [misc]
tests/integration/test_pipeline_builder.py:286: error: Argument "transform" to "add_silver_transform" of "PipelineBuilder" has incompatible type "Callable[[Any, Any], Any]"; expected "Callable[[SparkSession, DataFrame, Dict[str, DataFrame]], DataFrame]"  [arg-type]
tests/integration/test_pipeline_builder.py:294: error: Expression type contains "Any" (has type "Callable[[Any, Any], Any]")  [misc]
tests/integration/test_pipeline_builder.py:308: error: Expression type contains "Any" (has type "Callable[[Any, Any], Any]")  [misc]
tests/integration/test_pipeline_builder.py:310: error: Expression type contains "Any" (has type "List[Any]")  [misc]
tests/integration/test_pipeline_builder.py:322: error: Cannot infer type of lambda  [misc]
tests/integration/test_pipeline_builder.py:322: error: Expression type contains "Any" (has type "Callable[[Any, Any], Any]")  [misc]
tests/integration/test_pipeline_builder.py:322: error: Argument "transform" to "add_silver_transform" of "PipelineBuilder" has incompatible type "Callable[[Any, Any], Any]"; expected "Callable[[SparkSession, DataFrame, Dict[str, DataFrame]], DataFrame]"  [arg-type]
tests/integration/test_pipeline_builder.py:337: error: Expression type contains "Any" (has type "List[Any]")  [misc]
tests/integration/test_pipeline_builder.py:346: error: Cannot infer type of lambda  [misc]
tests/integration/test_pipeline_builder.py:346: error: Expression type contains "Any" (has type "Callable[[Any, Any], Any]")  [misc]
tests/integration/test_pipeline_builder.py:346: error: Argument "transform" to "add_silver_transform" of "PipelineBuilder" has incompatible type "Callable[[Any, Any], Any]"; expected "Callable[[SparkSession, DataFrame, Dict[str, DataFrame]], DataFrame]"  [arg-type]
tests/integration/test_pipeline_builder.py:374: error: Cannot infer type of lambda  [misc]
tests/integration/test_pipeline_builder.py:374: error: Expression type contains "Any" (has type "Callable[[Any, Any], Any]")  [misc]
tests/integration/test_pipeline_builder.py:374: error: Argument "transform" to "add_silver_transform" of "PipelineBuilder" has incompatible type "Callable[[Any, Any], Any]"; expected "Callable[[SparkSession, DataFrame, Dict[str, DataFrame]], DataFrame]"  [arg-type]
tests/integration/test_pipeline_builder.py:408: error: Cannot infer type of lambda  [misc]
tests/integration/test_pipeline_builder.py:408: error: Expression type contains "Any" (has type "Callable[[Any, Any], Any]")  [misc]
tests/integration/test_pipeline_builder.py:408: error: Argument "transform" to "add_silver_transform" of "PipelineBuilder" has incompatible type "Callable[[Any, Any], Any]"; expected "Callable[[SparkSession, DataFrame, Dict[str, DataFrame]], DataFrame]"  [arg-type]
tests/integration/test_pipeline_builder.py:415: error: Cannot infer type of lambda  [misc]
tests/integration/test_pipeline_builder.py:415: error: Expression type contains "Any" (has type "Callable[[Any, Any], Any]")  [misc]
tests/integration/test_pipeline_builder.py:415: error: Argument "transform" to "add_silver_transform" of "PipelineBuilder" has incompatible type "Callable[[Any, Any], Any]"; expected "Callable[[SparkSession, DataFrame, Dict[str, DataFrame]], DataFrame]"  [arg-type]
tests/integration/test_pipeline_builder.py:432: error: Expression type contains "Any" (has type "List[Any]")  [misc]
Found 735 errors in 20 files (checked 8 source files)
