sparkforge/dependencies/graph.py:51: error: Expression type contains "Any" (has type "Type[StepNode]")  [misc]
sparkforge/dependencies/graph.py:52: error: Type of decorated function contains type "Any" ("Callable[[DefaultNamedArg(str, 'name'), DefaultNamedArg(StepType, 'step_type'), DefaultNamedArg(Set[str], 'dependencies'), DefaultNamedArg(Set[str], 'dependents'), DefaultNamedArg(int, 'execution_group'), DefaultNamedArg(bool, 'can_run_parallel'), DefaultNamedArg(float, 'estimated_duration'), DefaultNamedArg(Dict[str, Any], 'metadata')], None]")  [misc]
sparkforge/dependencies/graph.py:234: error: Expression type contains "Any" (has type "Dict[str, Any]")  [misc]
sparkforge/dependencies/graph.py:237: error: Expression type contains "Any" (has type "Tuple[str, Dict[Any, Any]]")  [misc]
sparkforge/dependencies/graph.py:237: error: Expression type contains "Any" (has type "Dict[Any, Any]")  [misc]
sparkforge/logging.py:78: error: Expression type contains "Any" (has type "Dict[str, Any]")  [misc]
sparkforge/logging.py:82: error: Expression type contains "Any" (has type "Dict[str, Any]")  [misc]
sparkforge/logging.py:86: error: Expression type contains "Any" (has type "Dict[str, Any]")  [misc]
sparkforge/logging.py:90: error: Expression type contains "Any" (has type "Dict[str, Any]")  [misc]
sparkforge/logging.py:94: error: Expression type contains "Any" (has type "Dict[str, Any]")  [misc]
sparkforge/logging.py:98: error: Expression type contains "Any" (has type "Dict[str, Any]")  [misc]
sparkforge/logging.py:101: error: Expression type contains "Any" (has type "Tuple[str, Any]")  [misc]
sparkforge/logging.py:101: error: Expression has type "Any"  [misc]
sparkforge/logging.py:101: error: Expression type contains "Any" (has type "Dict[str, Any]")  [misc]
sparkforge/logging.py:101: error: Expression type contains "Any" (has type "dict_items[str, Any]")  [misc]
sparkforge/logging.py:164: error: Expression type contains "Any" (has type "Union[Any, Dict[Never, Never]]")  [misc]
sparkforge/logging.py:164: error: Need type annotation for "old_extra"  [var-annotated]
sparkforge/logging.py:166: error: Expression type contains "Any" (has type "Dict[Any, Any]")  [misc]
sparkforge/logging.py:166: error: Expression type contains "Any" (has type "Union[Any, Dict[Any, Any]]")  [misc]
sparkforge/logging.py:171: error: Expression type contains "Any" (has type "Union[Any, Dict[Any, Any]]")  [misc]
tests/system/test_logger.py:174: error: Call to untyped function "run_logger_tests" in typed context  [no-untyped-call]
tests/system/test_logger.py:174: error: Expression has type "Any"  [misc]
tests/system/test_logger.py:175: error: Expression has type "Any"  [misc]
sparkforge/performance.py:51: error: Missing type parameters for generic type "Callable"  [type-arg]
sparkforge/performance.py:54: error: Missing type parameters for generic type "Callable"  [type-arg]
sparkforge/performance.py:55: error: Expression type contains "Any" (has type "_Wrapper[[VarArg(Any), KwArg(Any)], Any]")  [misc]
sparkforge/performance.py:55: error: Expression type contains "Any" (has type "Callable[[VarArg(Any), KwArg(Any)], Any]")  [misc]
sparkforge/performance.py:55: error: Expression type contains "Any" (has type "Callable[..., Any]")  [misc]
sparkforge/performance.py:56: error: Type of decorated function contains type "Any" ("_Wrapped[[VarArg(Any), KwArg(Any)], Any, [VarArg(Any), KwArg(Any)], Any]")  [misc]
sparkforge/performance.py:61: error: Expression has type "Any"  [misc]
sparkforge/performance.py:61: error: Expression type contains "Any" (has type "Tuple[Any, ...]")  [misc]
sparkforge/performance.py:61: error: Expression type contains "Any" (has type "Dict[str, Any]")  [misc]
sparkforge/performance.py:64: error: Expression has type "Any"  [misc]
sparkforge/performance.py:70: error: Expression type contains "Any" (has type "_Wrapped[[VarArg(Any), KwArg(Any)], Any, [VarArg(Any), KwArg(Any)], Any]")  [misc]
sparkforge/performance.py:72: error: Expression type contains "Any" (has type "Callable[[Callable[..., Any]], Callable[..., Any]]")  [misc]
sparkforge/performance.py:99: error: Expression type contains "Any" (has type "Callable[[Callable[..., Any]], Callable[..., Any]]")  [misc]
sparkforge/performance.py:99: error: Expression type contains "Any" (has type "Callable[[str, DataFrame, str, KwArg(Any)], Tuple[int, float, datetime, datetime]]")  [misc]
sparkforge/performance.py:100: error: Type of decorated function contains type "Any" ("Callable[..., Any]")  [misc]
sparkforge/performance.py:126: error: Expression has type "Any"  [misc]
sparkforge/performance.py:126: error: Expression type contains "Any" (has type "Dict[str, Any]")  [misc]
sparkforge/performance.py:128: error: Expression has type "Any"  [misc]
sparkforge/performance.py:128: error: Expression type contains "Any" (has type "Dict[str, Any]")  [misc]
sparkforge/performance.py:138: error: Expression has type "Any"  [misc]
sparkforge/performance.py:139: error: Expression has type "Any"  [misc]
sparkforge/performance.py:139: error: Expression type contains "Any" (has type "Tuple[Any, float, datetime, datetime]")  [misc]
sparkforge/performance.py:151: error: Missing type parameters for generic type "Callable"  [type-arg]
sparkforge/performance.py:163: error: Missing type parameters for generic type "Callable"  [type-arg]
sparkforge/performance.py:164: error: Expression type contains "Any" (has type "_Wrapper[[VarArg(Any), KwArg(Any)], Any]")  [misc]
sparkforge/performance.py:164: error: Expression type contains "Any" (has type "Callable[[VarArg(Any), KwArg(Any)], Any]")  [misc]
sparkforge/performance.py:164: error: Expression type contains "Any" (has type "Callable[..., Any]")  [misc]
sparkforge/performance.py:165: error: Type of decorated function contains type "Any" ("_Wrapped[[VarArg(Any), KwArg(Any)], Any, [VarArg(Any), KwArg(Any)], Any]")  [misc]
sparkforge/performance.py:167: error: Expression has type "Any"  [misc]
sparkforge/performance.py:167: error: Expression type contains "Any" (has type "Tuple[Any, ...]")  [misc]
sparkforge/performance.py:167: error: Expression type contains "Any" (has type "Dict[str, Any]")  [misc]
sparkforge/performance.py:169: error: Expression type contains "Any" (has type "_Wrapped[[VarArg(Any), KwArg(Any)], Any, [VarArg(Any), KwArg(Any)], Any]")  [misc]
sparkforge/performance.py:171: error: Expression type contains "Any" (has type "Callable[[Callable[..., Any]], Callable[..., Any]]")  [misc]
sparkforge/table_operations.py:45: error: Expression type contains "Any" (has type "Callable[[Callable[..., Any]], Callable[..., Any]]")  [misc]
sparkforge/table_operations.py:45: error: Expression type contains "Any" (has type "Callable[[DataFrame, str, KwArg(Any)], int]")  [misc]
sparkforge/table_operations.py:46: error: Type of decorated function contains type "Any" ("Callable[..., Any]")  [misc]
sparkforge/table_operations.py:72: error: Expression type contains "Any" (has type "Tuple[str, Any]")  [misc]
sparkforge/table_operations.py:72: error: Expression has type "Any"  [misc]
sparkforge/table_operations.py:72: error: Expression type contains "Any" (has type "Dict[str, Any]")  [misc]
sparkforge/table_operations.py:72: error: Expression type contains "Any" (has type "dict_items[str, Any]")  [misc]
sparkforge/table_operations.py:73: error: Expression has type "Any"  [misc]
sparkforge/table_operations.py:83: error: Expression type contains "Any" (has type "Callable[[Callable[..., Any]], Callable[..., Any]]")  [misc]
sparkforge/table_operations.py:83: error: Expression type contains "Any" (has type "Callable[[DataFrame, str, KwArg(Any)], int]")  [misc]
sparkforge/table_operations.py:84: error: Type of decorated function contains type "Any" ("Callable[..., Any]")  [misc]
sparkforge/table_operations.py:106: error: Expression type contains "Any" (has type "Tuple[str, Any]")  [misc]
sparkforge/table_operations.py:106: error: Expression has type "Any"  [misc]
sparkforge/table_operations.py:106: error: Expression type contains "Any" (has type "Dict[str, Any]")  [misc]
sparkforge/table_operations.py:106: error: Expression type contains "Any" (has type "dict_items[str, Any]")  [misc]
sparkforge/table_operations.py:107: error: Expression has type "Any"  [misc]
sparkforge/table_operations.py:135: error: Expression type contains "Any" (has type "Type[AnalysisException]")  [misc]
sparkforge/table_operations.py:155: error: Expression type contains "Any" (has type "Type[AnalysisException]")  [misc]
sparkforge/models.py:176: error: Expression type contains "Any" (has type "Field[Any]")  [misc]
sparkforge/models.py:176: error: Expression type contains "Any" (has type "Dict[str, Field[Any]]")  [misc]
sparkforge/models.py:176: error: Expression type contains "Any" (has type "dict_values[str, Field[Any]]")  [misc]
sparkforge/models.py:177: error: Expression has type "Any"  [misc]
sparkforge/models.py:177: error: Expression type contains "Any" (has type "Field[Any]")  [misc]
sparkforge/models.py:178: error: Expression has type "Any"  [misc]
sparkforge/models.py:179: error: Expression type contains "Any" (has type "Field[Any]")  [misc]
sparkforge/models.py:179: error: Expression has type "Any"  [misc]
sparkforge/models.py:181: error: Expression type contains "Any" (has type "Field[Any]")  [misc]
sparkforge/models.py:181: error: Expression has type "Any"  [misc]
sparkforge/models.py:341: error: Expression type contains "Any" (has type "Union[Any, bool]")  [misc]
sparkforge/models.py:346: error: Expression type contains "Any" (has type "Union[Any, bool]")  [misc]
sparkforge/models.py:1301: error: Expression has type "Any"  [misc]
sparkforge/models.py:1303: error: Expression has type "Any"  [misc]
sparkforge/models.py:1305: error: Expression has type "Any"  [misc]
sparkforge/models.py:1306: error: Expression has type "Any"  [misc]
sparkforge/models.py:1307: error: Expression has type "Any"  [misc]
sparkforge/models.py:1310: error: Expression has type "Any"  [misc]
sparkforge/models.py:1311: error: Expression has type "Any"  [misc]
sparkforge/models.py:1312: error: Expression has type "Any"  [misc]
sparkforge/models.py:1314: error: Expression has type "Any"  [misc]
sparkforge/pipeline/models.py:45: error: Expression type contains "Any" (has type "Type[PipelineReport]")  [misc]
sparkforge/pipeline/models.py:46: error: Type of decorated function contains type "Any" ("Callable[[DefaultNamedArg(str, 'pipeline_id'), DefaultNamedArg(str, 'execution_id'), DefaultNamedArg(PipelineMode, 'mode'), DefaultNamedArg(PipelineStatus, 'status'), DefaultNamedArg(datetime, 'start_time'), DefaultNamedArg(Optional[datetime], 'end_time'), DefaultNamedArg(float, 'duration_seconds'), DefaultNamedArg(PipelineMetrics, 'metrics'), DefaultNamedArg(Dict[str, Any], 'bronze_results'), DefaultNamedArg(Dict[str, Any], 'silver_results'), DefaultNamedArg(Dict[str, Any], 'gold_results'), DefaultNamedArg(List[str], 'errors'), DefaultNamedArg(List[str], 'warnings'), DefaultNamedArg(List[str], 'recommendations')], None]")  [misc]
sparkforge/pipeline/models.py:71: error: Expression type contains "Any" (has type "Dict[str, Any]")  [misc]
sparkforge/pipeline/models.py:79: error: Expression type contains "Any" (has type "Tuple[str, Dict[Any, Any]]")  [misc]
sparkforge/pipeline/models.py:79: error: Expression type contains "Any" (has type "Dict[Any, Any]")  [misc]
sparkforge/pipeline/models.py:95: error: Expression type contains "Any" (has type "Tuple[str, Dict[str, Any]]")  [misc]
sparkforge/pipeline/models.py:95: error: Expression type contains "Any" (has type "Dict[str, Any]")  [misc]
sparkforge/pipeline/models.py:96: error: Expression type contains "Any" (has type "Tuple[str, Dict[str, Any]]")  [misc]
sparkforge/pipeline/models.py:96: error: Expression type contains "Any" (has type "Dict[str, Any]")  [misc]
sparkforge/pipeline/models.py:97: error: Expression type contains "Any" (has type "Tuple[str, Dict[str, Any]]")  [misc]
sparkforge/pipeline/models.py:97: error: Expression type contains "Any" (has type "Dict[str, Any]")  [misc]
sparkforge/pipeline/models.py:107: error: Expression type contains "Any" (has type "Type[StepExecutionContext]")  [misc]
sparkforge/pipeline/models.py:108: error: Type of decorated function contains type "Any" ("Callable[[DefaultNamedArg(str, 'step_name'), DefaultNamedArg(str, 'step_type'), DefaultNamedArg(PipelineMode, 'mode'), DefaultNamedArg(datetime, 'start_time'), DefaultNamedArg(List[str], 'dependencies'), DefaultNamedArg(Dict[str, Any], 'metadata')], None]")  [misc]
sparkforge/dependencies/analyzer.py:31: error: Expression type contains "Any" (has type "Type[DependencyAnalysisResult]")  [misc]
sparkforge/dependencies/analyzer.py:32: error: Type of decorated function contains type "Any" ("Callable[[DefaultNamedArg(DependencyGraph, 'graph'), DefaultNamedArg(List[List[str]], 'execution_groups'), DefaultNamedArg(List[List[str]], 'cycles'), DefaultNamedArg(List[str], 'conflicts'), DefaultNamedArg(List[str], 'recommendations'), DefaultNamedArg(Dict[str, Any], 'stats'), DefaultNamedArg(float, 'analysis_duration')], None]")  [misc]
sparkforge/dependencies/analyzer.py:124: error: Expression type contains "Any" (has type "Dict[str, Any]")  [misc]
sparkforge/dependencies/analyzer.py:133: error: Expression type contains "Any" (has type "Dict[str, Any]")  [misc]
sparkforge/dependencies/analyzer.py:162: error: Expression type contains "Any" (has type "Dict[str, Any]")  [misc]
sparkforge/dependencies/analyzer.py:170: error: Expression type contains "Any" (has type "Dict[str, Any]")  [misc]
sparkforge/dependencies/analyzer.py:185: error: Expression type contains "Any" (has type "Union[Literal[False], Any]")  [misc]
sparkforge/dependencies/analyzer.py:185: error: Expression has type "Any"  [misc]
sparkforge/dependencies/analyzer.py:186: error: Expression has type "Any"  [misc]
sparkforge/dependencies/analyzer.py:187: error: Expression has type "Any"  [misc]
sparkforge/dependencies/analyzer.py:188: error: Expression has type "Any"  [misc]
sparkforge/dependencies/analyzer.py:191: error: Expression has type "Any"  [misc]
sparkforge/dependencies/analyzer.py:198: error: Expression type contains "Any" (has type "Dict[str, Any]")  [misc]
sparkforge/dependencies/analyzer.py:205: error: Expression has type "Any"  [misc]
sparkforge/dependencies/analyzer.py:206: error: Expression has type "Any"  [misc]
sparkforge/dependencies/analyzer.py:209: error: Expression has type "Any"  [misc]
sparkforge/dependencies/analyzer.py:280: error: Expression type contains "Any" (has type "Dict[str, Any]")  [misc]
sparkforge/dependencies/analyzer.py:281: error: Expression type contains "Any" (has type "Dict[str, Any]")  [misc]
sparkforge/dependencies/analyzer.py:281: error: Expression has type "Any"  [misc]
sparkforge/validation.py:113: error: Expression type contains "Any" (has type "Type[Column]")  [misc]
sparkforge/validation.py:183: error: Expression type contains "Any" (has type "Type[Column]")  [misc]
sparkforge/validation.py:271: error: Expression type contains "Any" (has type "Dict[str, Any]")  [misc]
sparkforge/validation.py:279: error: Expression type contains "Any" (has type "Dict[str, Any]")  [misc]
sparkforge/validation.py:283: error: Expression type contains "Any" (has type "Tuple[str, List[Any]]")  [misc]
sparkforge/validation.py:283: error: Expression type contains "Any" (has type "List[Any]")  [misc]
sparkforge/validation.py:306: error: Expression type contains "Any" (has type "Dict[str, Any]")  [misc]
sparkforge/validation.py:316: error: Expression type contains "Any" (has type "Dict[str, Any]")  [misc]
sparkforge/validation.py:324: error: Expression type contains "Any" (has type "Dict[str, Any]")  [misc]
sparkforge/validation.py:332: error: Expression type contains "Any" (has type "Dict[str, Any]")  [misc]
sparkforge/validation.py:449: error: Expression has type "Any"  [misc]
sparkforge/validation.py:549: error: Expression has type "Any"  [misc]
sparkforge/validation.py:550: error: Expression has type "Any"  [misc]
sparkforge/pipeline/monitor.py:50: error: Expression type contains "Any" (has type "Dict[str, Any]")  [misc]
sparkforge/reporting.py:37: error: Expression type contains "Any" (has type "Dict[str, Any]")  [misc]
sparkforge/reporting.py:49: error: Expression type contains "Any" (has type "Dict[str, Any]")  [misc]
sparkforge/reporting.py:85: error: Expression type contains "Any" (has type "Dict[str, Any]")  [misc]
sparkforge/reporting.py:120: error: Expression type contains "Any" (has type "Dict[str, Any]")  [misc]
sparkforge/reporting.py:162: error: Expression type contains "Any" (has type "Dict[str, Any]")  [misc]
sparkforge/reporting.py:163: error: Expression type contains "Any" (has type "Tuple[str, Dict[Any, Any]]")  [misc]
sparkforge/reporting.py:163: error: Expression type contains "Any" (has type "Dict[Any, Any]")  [misc]
sparkforge/reporting.py:170: error: Expression type contains "Any" (has type "Tuple[str, Dict[Any, Any]]")  [misc]
sparkforge/reporting.py:170: error: Expression type contains "Any" (has type "Dict[Any, Any]")  [misc]
sparkforge/reporting.py:175: error: Expression type contains "Any" (has type "Tuple[str, Dict[Any, Any]]")  [misc]
sparkforge/reporting.py:175: error: Expression type contains "Any" (has type "Dict[Any, Any]")  [misc]
sparkforge/execution.py:208: error: Expression type contains "Any" (has type "Union[Any, str]")  [misc]
sparkforge/execution.py:209: error: Expression type contains "Any" (has type "Union[Any, str]")  [misc]
sparkforge/execution.py:210: error: Expression type contains "Any" (has type "Union[Any, str]")  [misc]
sparkforge/execution.py:275: error: Expression type contains "Any" (has type "Union[Any, str]")  [misc]
sparkforge/execution.py:276: error: Expression type contains "Any" (has type "Union[Any, str]")  [misc]
sparkforge/execution.py:277: error: Expression type contains "Any" (has type "Union[Any, str]")  [misc]
sparkforge/execution.py:288: error: Expression type contains "Any" (has type "Union[Any, str]")  [misc]
sparkforge/execution.py:299: error: Expression type contains "Any" (has type "Union[Any, str]")  [misc]
tests/system/test_simple_real_spark.py:28: error: Expression type contains "Any" (has type overloaded function)  [misc]
tests/system/test_simple_real_spark.py:28: error: Expression type contains "Any" (has type "Callable[[TestRealSparkOperations, Any], Any]")  [misc]
tests/system/test_simple_real_spark.py:29: error: Type of decorated function contains type "Any" ("Callable[[TestRealSparkOperations, Any], Any]")  [misc]
tests/system/test_simple_real_spark.py:45: error: Expression has type "Any"  [misc]
tests/system/test_simple_real_spark.py:47: error: Expression type contains "Any" (has type "Callable[[TestRealSparkOperations, Any], Any]")  [misc]
tests/system/test_simple_real_spark.py:48: error: Type of decorated function contains type "Any" ("Callable[[TestRealSparkOperations, Any], Any]")  [misc]
tests/system/test_simple_real_spark.py:51: error: Expression has type "Any"  [misc]
tests/system/test_simple_real_spark.py:52: error: Expression has type "Any"  [misc]
tests/system/test_simple_real_spark.py:55: error: Expression has type "Any"  [misc]
tests/system/test_simple_real_spark.py:56: error: Expression has type "Any"  [misc]
tests/system/test_simple_real_spark.py:59: error: Expression has type "Any"  [misc]
tests/system/test_simple_real_spark.py:60: error: Expression has type "Any"  [misc]
tests/system/test_simple_real_spark.py:63: error: Expression has type "Any"  [misc]
tests/system/test_simple_real_spark.py:64: error: Expression has type "Any"  [misc]
tests/system/test_simple_real_spark.py:66: error: Expression type contains "Any" (has type "Callable[[TestRealSparkOperations, Any], Any]")  [misc]
tests/system/test_simple_real_spark.py:67: error: Type of decorated function contains type "Any" ("Callable[[TestRealSparkOperations, Any], Any]")  [misc]
tests/system/test_simple_real_spark.py:70: error: Expression has type "Any"  [misc]
tests/system/test_simple_real_spark.py:71: error: Expression has type "Any"  [misc]
tests/system/test_simple_real_spark.py:77: error: Expression has type "Any"  [misc]
tests/system/test_simple_real_spark.py:78: error: Expression has type "Any"  [misc]
tests/system/test_simple_real_spark.py:82: error: Expression has type "Any"  [misc]
tests/system/test_simple_real_spark.py:89: error: Expression has type "Any"  [misc]
tests/system/test_simple_real_spark.py:90: error: Expression has type "Any"  [misc]
tests/system/test_simple_real_spark.py:92: error: Expression type contains "Any" (has type "Callable[[TestRealSparkOperations, Any], Any]")  [misc]
tests/system/test_simple_real_spark.py:93: error: Type of decorated function contains type "Any" ("Callable[[TestRealSparkOperations, Any], Any]")  [misc]
tests/system/test_simple_real_spark.py:101: error: Argument 1 to "and_all_rules" has incompatible type "Dict[str, List[Column]]"; expected "Dict[str, List[Union[str, Column]]]"  [arg-type]
tests/system/test_simple_real_spark.py:105: error: Expression has type "Any"  [misc]
tests/system/test_simple_real_spark.py:106: error: Expression has type "Any"  [misc]
tests/system/test_simple_real_spark.py:107: error: Expression has type "Any"  [misc]
tests/system/test_simple_real_spark.py:109: error: Expression type contains "Any" (has type "Callable[[TestRealSparkOperations, Any], Any]")  [misc]
tests/system/test_simple_real_spark.py:110: error: Type of decorated function contains type "Any" ("Callable[[TestRealSparkOperations, Any], Any]")  [misc]
tests/system/test_simple_real_spark.py:113: error: Expression type contains "Any" (has type "Dict[str, Any]")  [misc]
tests/system/test_simple_real_spark.py:113: error: Expression has type "Any"  [misc]
tests/system/test_simple_real_spark.py:115: error: Expression type contains "Any" (has type "Dict[str, Any]")  [misc]
tests/system/test_simple_real_spark.py:115: error: Expression has type "Any"  [misc]
tests/system/test_simple_real_spark.py:116: error: Expression type contains "Any" (has type "Dict[str, Any]")  [misc]
tests/system/test_simple_real_spark.py:117: error: Expression type contains "Any" (has type "Dict[str, Any]")  [misc]
tests/system/test_simple_real_spark.py:118: error: Expression type contains "Any" (has type "Dict[str, Any]")  [misc]
tests/system/test_simple_real_spark.py:119: error: Expression type contains "Any" (has type "Dict[str, Any]")  [misc]
tests/system/test_simple_real_spark.py:120: error: Expression type contains "Any" (has type "Dict[str, Any]")  [misc]
tests/system/test_simple_real_spark.py:120: error: Expression has type "Any"  [misc]
tests/system/test_simple_real_spark.py:121: error: Expression type contains "Any" (has type "Dict[str, Any]")  [misc]
tests/system/test_simple_real_spark.py:121: error: Expression has type "Any"  [misc]
tests/system/test_simple_real_spark.py:123: error: Expression type contains "Any" (has type "Callable[[TestRealSparkOperations, Any], Any]")  [misc]
tests/system/test_simple_real_spark.py:124: error: Type of decorated function contains type "Any" ("Callable[[TestRealSparkOperations, Any], Any]")  [misc]
tests/system/test_simple_real_spark.py:127: error: Expression has type "Any"  [misc]
tests/system/test_simple_real_spark.py:130: error: Expression has type "Any"  [misc]
tests/system/test_simple_real_spark.py:131: error: Expression has type "Any"  [misc]
tests/system/test_simple_real_spark.py:132: error: Expression has type "Any"  [misc]
tests/system/test_simple_real_spark.py:133: error: Expression has type "Any"  [misc]
tests/system/test_simple_real_spark.py:134: error: Expression has type "Any"  [misc]
tests/system/test_simple_real_spark.py:137: error: Expression has type "Any"  [misc]
tests/system/test_simple_real_spark.py:139: error: Expression type contains "Any" (has type "Callable[[TestRealSparkOperations, Any], Any]")  [misc]
tests/system/test_simple_real_spark.py:140: error: Type of decorated function contains type "Any" ("Callable[[TestRealSparkOperations, Any], Any]")  [misc]
tests/system/test_simple_real_spark.py:147: error: Expression has type "Any"  [misc]
tests/system/test_simple_real_spark.py:150: error: Expression has type "Any"  [misc]
tests/system/test_simple_real_spark.py:154: error: Expression has type "Any"  [misc]
tests/system/test_simple_real_spark.py:161: error: Expression has type "Any"  [misc]
tests/system/test_simple_real_spark.py:162: error: Expression has type "Any"  [misc]
tests/system/test_simple_real_spark.py:164: error: Expression type contains "Any" (has type "Callable[[TestRealSparkOperations, Any], Any]")  [misc]
tests/system/test_simple_real_spark.py:165: error: Type of decorated function contains type "Any" ("Callable[[TestRealSparkOperations, Any], Any]")  [misc]
tests/system/test_simple_real_spark.py:170: error: Expression has type "Any"  [misc]
tests/system/test_simple_real_spark.py:171: error: Expression has type "Any"  [misc]
tests/system/test_simple_real_spark.py:176: error: Expression has type "Any"  [misc]
tests/system/test_simple_real_spark.py:177: error: Expression has type "Any"  [misc]
tests/system/test_simple_real_spark.py:180: error: Expression has type "Any"  [misc]
tests/system/test_simple_real_spark.py:181: error: Expression has type "Any"  [misc]
tests/system/test_simple_real_spark.py:183: error: Expression type contains "Any" (has type "Callable[[TestRealSparkOperations, Any], Any]")  [misc]
tests/system/test_simple_real_spark.py:184: error: Type of decorated function contains type "Any" ("Callable[[TestRealSparkOperations, Any], Any]")  [misc]
tests/system/test_simple_real_spark.py:188: error: Expression has type "Any"  [misc]
tests/system/test_simple_real_spark.py:191: error: Expression has type "Any"  [misc]
tests/system/test_simple_real_spark.py:195: error: Expression type contains "Any" (has type "Dict[str, Any]")  [misc]
tests/system/test_simple_real_spark.py:195: error: Expression has type "Any"  [misc]
tests/system/test_simple_real_spark.py:196: error: Expression type contains "Any" (has type "Dict[str, Any]")  [misc]
tests/system/test_simple_real_spark.py:196: error: Expression has type "Any"  [misc]
tests/system/test_simple_real_spark.py:197: error: Expression type contains "Any" (has type "Dict[str, Any]")  [misc]
tests/system/test_simple_real_spark.py:197: error: Expression has type "Any"  [misc]
tests/system/test_simple_real_spark.py:198: error: Expression type contains "Any" (has type "Dict[str, Any]")  [misc]
tests/system/test_simple_real_spark.py:198: error: Expression has type "Any"  [misc]
tests/system/test_simple_real_spark.py:199: error: Expression type contains "Any" (has type "Dict[str, Any]")  [misc]
tests/system/test_simple_real_spark.py:199: error: Expression has type "Any"  [misc]
tests/system/test_simple_real_spark.py:201: error: Expression type contains "Any" (has type "Callable[[TestRealSparkOperations, Any], Any]")  [misc]
tests/system/test_simple_real_spark.py:202: error: Type of decorated function contains type "Any" ("Callable[[TestRealSparkOperations, Any], Any]")  [misc]
tests/system/test_simple_real_spark.py:210: error: Expression has type "Any"  [misc]
tests/system/test_simple_real_spark.py:217: error: Expression has type "Any"  [misc]
tests/system/test_simple_real_spark.py:222: error: Expression has type "Any"  [misc]
tests/system/test_simple_real_spark.py:223: error: Expression has type "Any"  [misc]
tests/system/test_simple_real_spark.py:224: error: Expression has type "Any"  [misc]
tests/system/test_simple_real_spark.py:225: error: Expression has type "Any"  [misc]
tests/system/test_simple_real_spark.py:228: error: Expression has type "Any"  [misc]
tests/system/test_simple_real_spark.py:230: error: Expression has type "Any"  [misc]
tests/system/test_simple_real_spark.py:235: error: Expression has type "Any"  [misc]
tests/system/test_simple_real_spark.py:240: error: Expression has type "Any"  [misc]
tests/system/test_simple_real_spark.py:241: error: Expression has type "Any"  [misc]
tests/system/test_delta_lake.py:20: error: Expression has type "Any"  [misc]
tests/system/test_delta_lake.py:25: error: Expression has type "Any"  [misc]
tests/system/test_delta_lake.py:28: error: Expression has type "Any"  [misc]
tests/system/test_delta_lake.py:29: error: Expression has type "Any"  [misc]
tests/system/test_delta_lake.py:33: error: Expression has type "Any"  [misc]
tests/system/test_delta_lake.py:34: error: Expression has type "Any"  [misc]
tests/system/test_delta_lake.py:37: error: Expression has type "Any"  [misc]
tests/system/test_delta_lake.py:38: error: Expression has type "Any"  [misc]
tests/system/test_delta_lake.py:41: error: Expression has type "Any"  [misc]
tests/system/test_delta_lake.py:47: error: Expression has type "Any"  [misc]
tests/system/test_delta_lake.py:50: error: Expression has type "Any"  [misc]
tests/system/test_delta_lake.py:54: error: Expression has type "Any"  [misc]
tests/system/test_delta_lake.py:57: error: Expression has type "Any"  [misc]
tests/system/test_delta_lake.py:62: error: Expression has type "Any"  [misc]
tests/system/test_delta_lake.py:63: error: Expression has type "Any"  [misc]
tests/system/test_delta_lake.py:64: error: Expression has type "Any"  [misc]
tests/system/test_delta_lake.py:67: error: Expression has type "Any"  [misc]
tests/system/test_delta_lake.py:73: error: Expression has type "Any"  [misc]
tests/system/test_delta_lake.py:76: error: Expression has type "Any"  [misc]
tests/system/test_delta_lake.py:80: error: Expression has type "Any"  [misc]
tests/system/test_delta_lake.py:84: error: Expression has type "Any"  [misc]
tests/system/test_delta_lake.py:88: error: Expression has type "Any"  [misc]
tests/system/test_delta_lake.py:89: error: Expression has type "Any"  [misc]
tests/system/test_delta_lake.py:93: error: Expression has type "Any"  [misc]
tests/system/test_delta_lake.py:97: error: Expression has type "Any"  [misc]
tests/system/test_delta_lake.py:100: error: Expression has type "Any"  [misc]
tests/system/test_delta_lake.py:101: error: Expression has type "Any"  [misc]
tests/system/test_delta_lake.py:104: error: Expression has type "Any"  [misc]
tests/system/test_delta_lake.py:110: error: Expression has type "Any"  [misc]
tests/system/test_delta_lake.py:111: error: Expression has type "Any"  [misc]
tests/system/test_delta_lake.py:117: error: Expression has type "Any"  [misc]
tests/system/test_delta_lake.py:118: error: Expression has type "Any"  [misc]
tests/system/test_delta_lake.py:131: error: Expression has type "Any"  [misc]
tests/system/test_delta_lake.py:134: error: Expression has type "Any"  [misc]
tests/system/test_delta_lake.py:135: error: Expression has type "Any"  [misc]
tests/system/test_delta_lake.py:138: error: Expression has type "Any"  [misc]
tests/system/test_delta_lake.py:139: error: Expression has type "Any"  [misc]
tests/system/test_delta_lake.py:140: error: Expression has type "Any"  [misc]
tests/system/test_delta_lake.py:143: error: Expression has type "Any"  [misc]
tests/system/test_delta_lake.py:144: error: Expression has type "Any"  [misc]
tests/system/test_delta_lake.py:153: error: Expression has type "Any"  [misc]
tests/system/test_delta_lake.py:157: error: Expression has type "Any"  [misc]
tests/system/test_delta_lake.py:163: error: Expression has type "Any"  [misc]
tests/system/test_delta_lake.py:164: error: Expression has type "Any"  [misc]
tests/system/test_delta_lake.py:167: error: Expression has type "Any"  [misc]
tests/system/test_delta_lake.py:173: error: Expression has type "Any"  [misc]
tests/system/test_delta_lake.py:176: error: Expression has type "Any"  [misc]
tests/system/test_delta_lake.py:179: error: Expression has type "Any"  [misc]
tests/system/test_delta_lake.py:180: error: Expression has type "Any"  [misc]
tests/system/test_delta_lake.py:183: error: Expression has type "Any"  [misc]
tests/system/test_delta_lake.py:184: error: Expression has type "Any"  [misc]
tests/system/test_delta_lake.py:187: error: Expression has type "Any"  [misc]
tests/system/test_delta_lake.py:188: error: Expression has type "Any"  [misc]
tests/system/test_delta_lake.py:191: error: Expression has type "Any"  [misc]
tests/system/test_delta_lake.py:203: error: Expression type contains "Any" (has type "List[Tuple[Any, str]]")  [misc]
tests/system/test_delta_lake.py:204: error: Expression type contains "Any" (has type "Tuple[Any, str]")  [misc]
tests/system/test_delta_lake.py:204: error: Expression has type "Any"  [misc]
tests/system/test_delta_lake.py:206: error: Expression has type "Any"  [misc]
tests/system/test_delta_lake.py:206: error: Expression type contains "Any" (has type "List[Tuple[Any, str]]")  [misc]
tests/system/test_delta_lake.py:207: error: Expression has type "Any"  [misc]
tests/system/test_delta_lake.py:208: error: Expression has type "Any"  [misc]
tests/system/test_delta_lake.py:210: error: Expression has type "Any"  [misc]
tests/system/test_delta_lake.py:214: error: Expression has type "Any"  [misc]
tests/system/test_delta_lake.py:215: error: Expression has type "Any"  [misc]
tests/system/test_delta_lake.py:220: error: Expression type contains "Any" (has type "Callable[[Any, Any, Any], Any]")  [misc]
tests/system/test_delta_lake.py:229: error: Expression has type "Any"  [misc]
tests/system/test_delta_lake.py:230: error: Expression has type "Any"  [misc]
tests/system/test_delta_lake.py:233: error: Expression has type "Any"  [misc]
tests/system/test_delta_lake.py:242: error: Expression has type "Any"  [misc]
tests/system/test_delta_lake.py:247: error: Expression has type "Any"  [misc]
tests/system/test_delta_lake.py:252: error: Expression has type "Any"  [misc]
tests/system/test_delta_lake.py:253: error: Expression has type "Any"  [misc]
tests/system/test_delta_lake.py:257: error: Expression has type "Any"  [misc]
tests/system/test_delta_lake.py:260: error: Expression has type "Any"  [misc]
tests/system/test_delta_lake.py:264: error: Expression has type "Any"  [misc]
tests/system/test_delta_lake.py:265: error: Expression has type "Any"  [misc]
tests/system/test_delta_lake.py:268: error: Expression has type "Any"  [misc]
tests/system/test_delta_lake.py:275: error: Expression has type "Any"  [misc]
tests/system/test_delta_lake.py:284: error: Expression has type "Any"  [misc]
tests/system/test_delta_lake.py:285: error: Expression has type "Any"  [misc]
tests/system/test_delta_lake.py:289: error: Expression has type "Any"  [misc]
tests/system/test_delta_lake.py:292: error: Expression has type "Any"  [misc]
tests/system/test_delta_lake.py:300: error: Expression has type "Any"  [misc]
tests/system/test_delta_lake.py:305: error: Expression has type "Any"  [misc]
tests/system/test_delta_lake.py:315: error: Expression has type "Any"  [misc]
tests/system/test_utils.py:32: error: Expression type contains "Any" (has type overloaded function)  [misc]
tests/system/test_utils.py:32: error: Expression type contains "Any" (has type "Callable[[TestDataValidation, Any], Any]")  [misc]
tests/system/test_utils.py:33: error: Type of decorated function contains type "Any" ("Callable[[TestDataValidation, Any], Any]")  [misc]
tests/system/test_utils.py:49: error: Expression has type "Any"  [misc]
tests/system/test_utils.py:51: error: Expression type contains "Any" (has type "Callable[[TestDataValidation, Any], Any]")  [misc]
tests/system/test_utils.py:52: error: Type of decorated function contains type "Any" ("Callable[[TestDataValidation, Any], Any]")  [misc]
tests/system/test_utils.py:59: error: Argument 1 to "and_all_rules" has incompatible type "Dict[str, List[Column]]"; expected "Dict[str, List[Union[str, Column]]]"  [arg-type]
tests/system/test_utils.py:63: error: Expression has type "Any"  [misc]
tests/system/test_utils.py:64: error: Expression has type "Any"  [misc]
tests/system/test_utils.py:66: error: Expression type contains "Any" (has type "Callable[[TestDataValidation, Any], Any]")  [misc]
tests/system/test_utils.py:67: error: Type of decorated function contains type "Any" ("Callable[[TestDataValidation, Any], Any]")  [misc]
tests/system/test_utils.py:75: error: Expression type contains "Any" (has type "Callable[[TestDataValidation, Any], Any]")  [misc]
tests/system/test_utils.py:76: error: Type of decorated function contains type "Any" ("Callable[[TestDataValidation, Any], Any]")  [misc]
tests/system/test_utils.py:84: error: Expression has type "Any"  [misc]
tests/system/test_utils.py:84: error: Argument 2 to "apply_column_rules" has incompatible type "Dict[str, List[Column]]"; expected "Dict[str, List[Union[str, Column]]]"  [arg-type]
tests/system/test_utils.py:96: error: Expression type contains "Any" (has type "Callable[[TestDataValidation, Any], Any]")  [misc]
tests/system/test_utils.py:97: error: Type of decorated function contains type "Any" ("Callable[[TestDataValidation, Any], Any]")  [misc]
tests/system/test_utils.py:103: error: Expression has type "Any"  [misc]
tests/system/test_utils.py:104: error: Argument 2 to "apply_column_rules" has incompatible type "None"; expected "Dict[str, List[Union[str, Column]]]"  [arg-type]
tests/system/test_utils.py:110: error: Expression type contains "Any" (has type "Callable[[TestDataValidation, Any], Any]")  [misc]
tests/system/test_utils.py:111: error: Type of decorated function contains type "Any" ("Callable[[TestDataValidation, Any], Any]")  [misc]
tests/system/test_utils.py:113: error: Expression type contains "Any" (has type "Dict[str, Any]")  [misc]
tests/system/test_utils.py:113: error: Expression has type "Any"  [misc]
tests/system/test_utils.py:115: error: Expression type contains "Any" (has type "Dict[str, Any]")  [misc]
tests/system/test_utils.py:115: error: Expression has type "Any"  [misc]
tests/system/test_utils.py:116: error: Expression type contains "Any" (has type "Dict[str, Any]")  [misc]
tests/system/test_utils.py:117: error: Expression type contains "Any" (has type "Dict[str, Any]")  [misc]
tests/system/test_utils.py:118: error: Expression type contains "Any" (has type "Dict[str, Any]")  [misc]
tests/system/test_utils.py:119: error: Expression type contains "Any" (has type "Dict[str, Any]")  [misc]
tests/system/test_utils.py:120: error: Expression type contains "Any" (has type "Dict[str, Any]")  [misc]
tests/system/test_utils.py:120: error: Expression has type "Any"  [misc]
tests/system/test_utils.py:121: error: Expression type contains "Any" (has type "Dict[str, Any]")  [misc]
tests/system/test_utils.py:121: error: Expression has type "Any"  [misc]
tests/system/test_utils.py:123: error: Expression type contains "Any" (has type "Callable[[TestDataValidation, Any], Any]")  [misc]
tests/system/test_utils.py:124: error: Type of decorated function contains type "Any" ("Callable[[TestDataValidation, Any], Any]")  [misc]
tests/system/test_utils.py:126: error: Expression type contains "Any" (has type "Dict[str, Any]")  [misc]
tests/system/test_utils.py:126: error: Expression has type "Any"  [misc]
tests/system/test_utils.py:128: error: Expression type contains "Any" (has type "Dict[str, Any]")  [misc]
tests/system/test_utils.py:128: error: Expression has type "Any"  [misc]
tests/system/test_utils.py:129: error: Expression type contains "Any" (has type "Dict[str, Any]")  [misc]
tests/system/test_utils.py:129: error: Expression has type "Any"  [misc]
tests/system/test_utils.py:130: error: Expression type contains "Any" (has type "Dict[str, Any]")  [misc]
tests/system/test_utils.py:130: error: Expression has type "Any"  [misc]
tests/system/test_utils.py:131: error: Expression type contains "Any" (has type "Dict[str, Any]")  [misc]
tests/system/test_utils.py:131: error: Expression has type "Any"  [misc]
tests/system/test_utils.py:133: error: Expression type contains "Any" (has type "Callable[[TestDataValidation, Any], Any]")  [misc]
tests/system/test_utils.py:134: error: Type of decorated function contains type "Any" ("Callable[[TestDataValidation, Any], Any]")  [misc]
tests/system/test_utils.py:138: error: Expression has type "Any"  [misc]
tests/system/test_utils.py:143: error: Expression has type "Any"  [misc]
tests/system/test_utils.py:147: error: Expression has type "Any"  [misc]
tests/system/test_utils.py:153: error: Expression type contains "Any" (has type overloaded function)  [misc]
tests/system/test_utils.py:153: error: Expression type contains "Any" (has type "Callable[[TestDataTransformationUtilities, Any], Any]")  [misc]
tests/system/test_utils.py:154: error: Type of decorated function contains type "Any" ("Callable[[TestDataTransformationUtilities, Any], Any]")  [misc]
tests/system/test_utils.py:168: error: Expression has type "Any"  [misc]
tests/system/test_utils.py:170: error: Expression type contains "Any" (has type "Callable[[TestDataTransformationUtilities, Any], Any]")  [misc]
tests/system/test_utils.py:171: error: Type of decorated function contains type "Any" ("Callable[[TestDataTransformationUtilities, Any], Any]")  [misc]
tests/system/test_utils.py:174: error: Expression has type "Any"  [misc]
tests/system/test_utils.py:177: error: Expression has type "Any"  [misc]
tests/system/test_utils.py:178: error: Expression has type "Any"  [misc]
tests/system/test_utils.py:179: error: Expression has type "Any"  [misc]
tests/system/test_utils.py:180: error: Expression has type "Any"  [misc]
tests/system/test_utils.py:181: error: Expression has type "Any"  [misc]
tests/system/test_utils.py:184: error: Expression has type "Any"  [misc]
tests/system/test_utils.py:186: error: Expression type contains "Any" (has type "Callable[[TestDataTransformationUtilities, Any], Any]")  [misc]
tests/system/test_utils.py:187: error: Type of decorated function contains type "Any" ("Callable[[TestDataTransformationUtilities, Any], Any]")  [misc]
tests/system/test_utils.py:190: error: Expression has type "Any"  [misc]
tests/system/test_utils.py:193: error: Expression has type "Any"  [misc]
tests/system/test_utils.py:194: error: Expression has type "Any"  [misc]
tests/system/test_utils.py:195: error: Expression has type "Any"  [misc]
tests/system/test_utils.py:196: error: Expression has type "Any"  [misc]
tests/system/test_utils.py:199: error: Expression has type "Any"  [misc]
tests/system/test_utils.py:205: error: Expression type contains "Any" (has type "Callable[[TestFactoryFunctions, Any], Any]")  [misc]
tests/system/test_utils.py:206: error: Type of decorated function contains type "Any" ("Callable[[TestFactoryFunctions, Any], Any]")  [misc]
tests/system/test_utils.py:222: error: Expression type contains "Any" (has type "Dict[str, Any]")  [misc]
tests/system/test_utils.py:224: error: Expression type contains "Any" (has type "Dict[str, Any]")  [misc]
tests/system/test_utils.py:224: error: Expression has type "Any"  [misc]
tests/system/test_utils.py:225: error: Expression type contains "Any" (has type "Dict[str, Any]")  [misc]
tests/system/test_utils.py:225: error: Expression has type "Any"  [misc]
tests/system/test_utils.py:226: error: Expression type contains "Any" (has type "Dict[str, Any]")  [misc]
tests/system/test_utils.py:226: error: Expression has type "Any"  [misc]
tests/system/test_utils.py:227: error: Expression type contains "Any" (has type "Dict[str, Any]")  [misc]
tests/system/test_utils.py:227: error: Expression has type "Any"  [misc]
tests/system/test_utils.py:228: error: Expression type contains "Any" (has type "Dict[str, Any]")  [misc]
tests/system/test_utils.py:228: error: Expression has type "Any"  [misc]
tests/system/test_utils.py:229: error: Expression type contains "Any" (has type "Dict[str, Any]")  [misc]
tests/system/test_utils.py:229: error: Expression has type "Any"  [misc]
tests/system/test_utils.py:231: error: Expression type contains "Any" (has type "Callable[[TestFactoryFunctions, Any], Any]")  [misc]
tests/system/test_utils.py:232: error: Type of decorated function contains type "Any" ("Callable[[TestFactoryFunctions, Any], Any]")  [misc]
tests/system/test_utils.py:237: error: Expression type contains "Any" (has type "Dict[str, Any]")  [misc]
tests/system/test_utils.py:247: error: Expression type contains "Any" (has type "Dict[str, Any]")  [misc]
tests/system/test_utils.py:247: error: Expression has type "Any"  [misc]
tests/system/test_utils.py:248: error: Expression type contains "Any" (has type "Dict[str, Any]")  [misc]
tests/system/test_utils.py:248: error: Expression has type "Any"  [misc]
tests/system/test_utils.py:249: error: Expression type contains "Any" (has type "Dict[str, Any]")  [misc]
tests/system/test_utils.py:249: error: Expression has type "Any"  [misc]
tests/system/test_utils.py:250: error: Expression type contains "Any" (has type "Dict[str, Any]")  [misc]
tests/system/test_utils.py:250: error: Expression has type "Any"  [misc]
tests/system/test_utils.py:251: error: Expression type contains "Any" (has type "Dict[str, Any]")  [misc]
tests/system/test_utils.py:251: error: Expression has type "Any"  [misc]
tests/system/test_utils.py:252: error: Expression type contains "Any" (has type "Dict[str, Any]")  [misc]
tests/system/test_utils.py:252: error: Expression has type "Any"  [misc]
tests/system/test_utils.py:253: error: Expression type contains "Any" (has type "Dict[str, Any]")  [misc]
tests/system/test_utils.py:253: error: Expression has type "Any"  [misc]
tests/system/test_utils.py:259: error: Expression type contains "Any" (has type "Callable[[TestPerformanceWithRealData, Any], Any]")  [misc]
tests/system/test_utils.py:260: error: Type of decorated function contains type "Any" ("Callable[[TestPerformanceWithRealData, Any], Any]")  [misc]
tests/system/test_utils.py:267: error: Expression has type "Any"  [misc]
tests/system/test_utils.py:276: error: Expression has type "Any"  [misc]
tests/system/test_utils.py:276: error: Argument 2 to "apply_column_rules" has incompatible type "Dict[str, List[Column]]"; expected "Dict[str, List[Union[str, Column]]]"  [arg-type]
tests/system/test_utils.py:284: error: Expression type contains "Any" (has type "Callable[[TestPerformanceWithRealData, Any], Any]")  [misc]
tests/system/test_utils.py:285: error: Type of decorated function contains type "Any" ("Callable[[TestPerformanceWithRealData, Any], Any]")  [misc]
tests/system/test_utils.py:294: error: Expression has type "Any"  [misc]
tests/system/test_utils.py:298: error: Expression has type "Any"  [misc]
tests/system/test_utils.py:305: error: Expression has type "Any"  [misc]
tests/system/test_utils.py:306: error: Expression has type "Any"  [misc]
tests/system/test_utils.py:307: error: Expression has type "Any"  [misc]
sparkforge/pipeline/builder.py:458: error: Expression has type "Any"  [misc]
sparkforge/pipeline/builder.py:810: error: Type of decorated function contains type "Any" ("Callable[[Type[PipelineBuilder], SparkSession, str, KwArg(Any)], PipelineBuilder]")  [misc]
sparkforge/pipeline/builder.py:839: error: Expression type contains "Any" (has type "Dict[str, Any]")  [misc]
sparkforge/pipeline/builder.py:843: error: Type of decorated function contains type "Any" ("Callable[[Type[PipelineBuilder], SparkSession, str, KwArg(Any)], PipelineBuilder]")  [misc]
sparkforge/pipeline/builder.py:872: error: Expression type contains "Any" (has type "Dict[str, Any]")  [misc]
sparkforge/pipeline/builder.py:876: error: Type of decorated function contains type "Any" ("Callable[[Type[PipelineBuilder], SparkSession, str, KwArg(Any)], PipelineBuilder]")  [misc]
sparkforge/pipeline/builder.py:905: error: Expression type contains "Any" (has type "Dict[str, Any]")  [misc]
sparkforge/pipeline/builder.py:1010: error: Type of decorated function contains type "Any" ("Callable[[Any], List[str]]")  [misc]
sparkforge/pipeline/builder.py:1037: error: Expression has type "Any"  [misc]
sparkforge/pipeline/builder.py:1039: error: Expression has type "Any"  [misc]
sparkforge/pipeline/builder.py:1039: error: Expression type contains "Any" (has type "List[Any]")  [misc]
sparkforge/pipeline/builder.py:1042: error: Expression has type "Any"  [misc]
sparkforge/pipeline/builder.py:1046: error: Expression has type "Any"  [misc]
sparkforge/pipeline/builder.py:1046: error: Expression type contains "Any" (has type "List[Any]")  [misc]
sparkforge/pipeline/builder.py:1047: error: Expression has type "Any"  [misc]
sparkforge/pipeline/builder.py:1048: error: Expression type contains "Any" (has type "List[Any]")  [misc]
sparkforge/pipeline/builder.py:1048: error: Expression has type "Any"  [misc]
sparkforge/pipeline/builder.py:1050: error: Expression type contains "Any" (has type "List[Any]")  [misc]
tests/system/test_multi_schema_support.py:21: error: Expression type contains "Any" (has type "Callable[[TestMultiSchemaSupport, Any], Any]")  [misc]
tests/system/test_multi_schema_support.py:22: error: Type of decorated function contains type "Any" ("Callable[[TestMultiSchemaSupport, Any], Any]")  [misc]
tests/system/test_multi_schema_support.py:24: error: Expression has type "Any"  [misc]
tests/system/test_multi_schema_support.py:25: error: Expression has type "Any"  [misc]
tests/system/test_multi_schema_support.py:42: error: Expression has type "Any"  [misc]
tests/system/test_multi_schema_support.py:47: error: Expression has type "Any"  [misc]
tests/system/test_multi_schema_support.py:76: error: Expression has type "Any"  [misc]
tests/system/test_multi_schema_support.py:94: error: Expression has type "Any"  [misc]
tests/system/test_multi_schema_support.py:104: error: Expression has type "Any"  [misc]
tests/system/test_multi_schema_support.py:108: error: Expression type contains "Any" (has type "Callable[[Any, Any, Any], Any]")  [misc]
tests/system/test_multi_schema_support.py:123: error: Expression has type "Any"  [misc]
tests/system/test_multi_schema_support.py:133: error: Expression has type "Any"  [misc]
tests/system/test_multi_schema_support.py:137: error: Expression type contains "Any" (has type "Callable[[Any, Any, Any], Any]")  [misc]
tests/system/test_multi_schema_support.py:144: error: Expression has type "Any"  [misc]
tests/system/test_multi_schema_support.py:148: error: Expression type contains "Any" (has type "Callable[[Any, Any], Any]")  [misc]
tests/system/test_multi_schema_support.py:213: error: Expression has type "Any"  [misc]
tests/system/test_multi_schema_support.py:214: error: Expression has type "Any"  [misc]
tests/system/test_multi_schema_support.py:215: error: Expression has type "Any"  [misc]
tests/system/test_multi_schema_support.py:227: error: Expression has type "Any"  [misc]
tests/system/test_multi_schema_support.py:231: error: Expression type contains "Any" (has type "Callable[[Any, Any, Any], Any]")  [misc]
tests/system/test_multi_schema_support.py:240: error: Expression has type "Any"  [misc]
tests/system/test_multi_schema_support.py:244: error: Expression type contains "Any" (has type "Callable[[Any, Any], Any]")  [misc]
tests/system/test_multi_schema_support.py:258: error: Expression has type "Any"  [misc]
tests/system/test_multi_schema_support.py:259: error: Expression has type "Any"  [misc]
tests/system/test_multi_schema_support.py:270: error: Expression has type "Any"  [misc]
tests/system/test_multi_schema_support.py:274: error: Expression type contains "Any" (has type "Callable[[Any, Any, Any], Any]")  [misc]
tests/system/test_multi_schema_support.py:281: error: Expression has type "Any"  [misc]
tests/system/test_multi_schema_support.py:285: error: Expression type contains "Any" (has type "Callable[[Any, Any], Any]")  [misc]
tests/system/test_multi_schema_support.py:318: error: Expression has type "Any"  [misc]
tests/system/test_multi_schema_support.py:322: error: Expression type contains "Any" (has type "Callable[[Any, Any, Any], Any]")  [misc]
tests/system/test_multi_schema_support.py:331: error: Expression has type "Any"  [misc]
tests/system/test_multi_schema_support.py:335: error: Expression type contains "Any" (has type "Callable[[Any, Any], Any]")  [misc]
tests/system/test_multi_schema_support.py:352: error: Expression has type "Any"  [misc]
tests/system/test_multi_schema_support.py:356: error: Expression type contains "Any" (has type "Callable[[Any, Any, Any], Any]")  [misc]
tests/system/test_multi_schema_support.py:362: error: Expression has type "Any"  [misc]
tests/system/test_multi_schema_support.py:366: error: Expression type contains "Any" (has type "Callable[[Any, Any], Any]")  [misc]
tests/system/test_improved_user_experience.py:31: error: Expression type contains "Any" (has type "Callable[[TestImprovedUserExperience, Any], Any]")  [misc]
tests/system/test_improved_user_experience.py:32: error: Type of decorated function contains type "Any" ("Callable[[TestImprovedUserExperience, Any], Any]")  [misc]
tests/system/test_improved_user_experience.py:34: error: Expression has type "Any"  [misc]
tests/system/test_improved_user_experience.py:36: error: Expression type contains "Any" (has type "Callable[[Any, Any, Any], Any]")  [misc]
tests/system/test_improved_user_experience.py:36: error: Expression has type "Any"  [misc]
tests/system/test_improved_user_experience.py:40: error: Expression type contains "Any" (has type "Callable[[Any, Any], Any]")  [misc]
tests/system/test_improved_user_experience.py:40: error: Expression type contains "Any" (has type "List[Any]")  [misc]
tests/system/test_improved_user_experience.py:40: error: Expression has type "Any"  [misc]
tests/system/test_improved_user_experience.py:44: error: Expression has type "Any"  [misc]
tests/system/test_improved_user_experience.py:49: error: Argument "rules" to "with_bronze_rules" of "PipelineBuilder" has incompatible type "Dict[str, List[Column]]"; expected "Dict[str, List[Union[str, Column]]]"  [arg-type]
tests/system/test_improved_user_experience.py:52: error: Expression type contains "Any" (has type "Callable[[Any, Any, Any], Any]")  [misc]
tests/system/test_improved_user_experience.py:53: error: Argument "rules" to "add_silver_transform" of "PipelineBuilder" has incompatible type "Dict[str, List[Column]]"; expected "Dict[str, List[Union[str, Column]]]"  [arg-type]
tests/system/test_improved_user_experience.py:58: error: Expression type contains "Any" (has type "Callable[[Any, Any, Any], Any]")  [misc]
tests/system/test_improved_user_experience.py:59: error: Argument "rules" to "add_silver_transform" of "PipelineBuilder" has incompatible type "Dict[str, List[Column]]"; expected "Dict[str, List[Union[str, Column]]]"  [arg-type]
tests/system/test_improved_user_experience.py:66: error: Expression type contains "Any" (has type "Callable[[Any, Any], Any]")  [misc]
tests/system/test_improved_user_experience.py:67: error: Argument "rules" to "add_gold_transform" of "PipelineBuilder" has incompatible type "Dict[str, List[Column]]"; expected "Dict[str, List[Union[str, Column]]]"  [arg-type]
tests/system/test_improved_user_experience.py:72: error: Argument 1 to "set" has incompatible type "Optional[List[str]]"; expected "Iterable[str]"  [arg-type]
tests/system/test_improved_user_experience.py:77: error: Argument "rules" to "with_bronze_rules" of "PipelineBuilder" has incompatible type "Dict[str, List[Column]]"; expected "Dict[str, List[Union[str, Column]]]"  [arg-type]
tests/system/test_improved_user_experience.py:80: error: Expression type contains "Any" (has type "Callable[[Any, Any, Any], Any]")  [misc]
tests/system/test_improved_user_experience.py:81: error: Argument "rules" to "add_silver_transform" of "PipelineBuilder" has incompatible type "Dict[str, List[Column]]"; expected "Dict[str, List[Union[str, Column]]]"  [arg-type]
tests/system/test_improved_user_experience.py:86: error: Expression type contains "Any" (has type "Callable[[Any, Any, Any], Any]")  [misc]
tests/system/test_improved_user_experience.py:87: error: Argument "rules" to "add_silver_transform" of "PipelineBuilder" has incompatible type "Dict[str, List[Column]]"; expected "Dict[str, List[Union[str, Column]]]"  [arg-type]
tests/system/test_improved_user_experience.py:94: error: Expression type contains "Any" (has type "Callable[[Any, Any], Any]")  [misc]
tests/system/test_improved_user_experience.py:95: error: Argument "rules" to "add_gold_transform" of "PipelineBuilder" has incompatible type "Dict[str, List[Column]]"; expected "Dict[str, List[Union[str, Column]]]"  [arg-type]
tests/system/test_improved_user_experience.py:106: error: Argument "rules" to "with_bronze_rules" of "PipelineBuilder" has incompatible type "Dict[str, List[Column]]"; expected "Dict[str, List[Union[str, Column]]]"  [arg-type]
tests/system/test_improved_user_experience.py:114: error: Expression type contains "Any" (has type "Callable[[Any, Any], Any]")  [misc]
tests/system/test_improved_user_experience.py:115: error: Argument "rules" to "add_gold_transform" of "PipelineBuilder" has incompatible type "Dict[str, List[Column]]"; expected "Dict[str, List[Union[str, Column]]]"  [arg-type]
tests/system/test_improved_user_experience.py:121: error: Expression has type "Any"  [misc]
tests/system/test_improved_user_experience.py:132: error: Expression has type "Any"  [misc]
tests/system/test_improved_user_experience.py:143: error: Expression has type "Any"  [misc]
tests/system/test_improved_user_experience.py:228: error: Expression has type "Any"  [misc]
tests/system/test_improved_user_experience.py:229: error: Argument "rules" to "with_bronze_rules" of "PipelineBuilder" has incompatible type "Dict[str, List[Column]]"; expected "Dict[str, List[Union[str, Column]]]"  [arg-type]
tests/system/test_improved_user_experience.py:232: error: Expression type contains "Any" (has type "Callable[[Any, Any, Any], Any]")  [misc]
tests/system/test_improved_user_experience.py:233: error: Argument "rules" to "add_silver_transform" of "PipelineBuilder" has incompatible type "Dict[str, List[Column]]"; expected "Dict[str, List[Union[str, Column]]]"  [arg-type]
tests/system/test_improved_user_experience.py:238: error: Expression type contains "Any" (has type "Callable[[Any, Any, Any], Any]")  [misc]
tests/system/test_improved_user_experience.py:239: error: Argument "rules" to "add_silver_transform" of "PipelineBuilder" has incompatible type "Dict[str, List[Column]]"; expected "Dict[str, List[Union[str, Column]]]"  [arg-type]
tests/system/test_improved_user_experience.py:244: error: Expression type contains "Any" (has type "Callable[[Any, Any], Any]")  [misc]
tests/system/test_improved_user_experience.py:245: error: Argument "rules" to "add_gold_transform" of "PipelineBuilder" has incompatible type "Dict[str, List[Column]]"; expected "Dict[str, List[Union[str, Column]]]"  [arg-type]
tests/system/test_improved_user_experience.py:257: error: Argument 1 to "set" has incompatible type "Optional[List[str]]"; expected "Iterable[str]"  [arg-type]
tests/system/test_improved_user_experience.py:261: error: Name "unittest" is not defined  [name-defined]
tests/system/test_improved_user_experience.py:261: error: Expression has type "Any"  [misc]
tests/system/test_helpers.py:25: error: Incompatible default for argument "start_date" (default has type "None", argument has type "datetime")  [assignment]
tests/system/test_helpers.py:25: note: PEP 484 prohibits implicit Optional. Accordingly, mypy has changed its default to no_implicit_optional=True
tests/system/test_helpers.py:25: note: Use https://github.com/hauntsaninja/no_implicit_optional to automatically upgrade your codebase
tests/system/test_helpers.py:26: error: Incompatible default for argument "end_date" (default has type "None", argument has type "datetime")  [assignment]
tests/system/test_helpers.py:26: note: PEP 484 prohibits implicit Optional. Accordingly, mypy has changed its default to no_implicit_optional=True
tests/system/test_helpers.py:26: note: Use https://github.com/hauntsaninja/no_implicit_optional to automatically upgrade your codebase
tests/system/test_helpers.py:68: error: Type of decorated function contains type "Any" ("Callable[[], Dict[str, List[Any]]]")  [misc]
tests/system/test_helpers.py:68: error: Missing type parameters for generic type "List"  [type-arg]
tests/system/test_helpers.py:70: error: Expression type contains "Any" (has type "Dict[str, List[Any]]")  [misc]
tests/system/test_helpers.py:71: error: Expression type contains "Any" (has type "Tuple[str, List[Any]]")  [misc]
tests/system/test_helpers.py:71: error: Expression type contains "Any" (has type "List[Any]")  [misc]
tests/system/test_helpers.py:72: error: Expression type contains "Any" (has type "Tuple[str, List[Any]]")  [misc]
tests/system/test_helpers.py:72: error: Expression type contains "Any" (has type "List[Any]")  [misc]
tests/system/test_helpers.py:73: error: Expression type contains "Any" (has type "Tuple[str, List[Any]]")  [misc]
tests/system/test_helpers.py:73: error: Expression type contains "Any" (has type "List[Any]")  [misc]
tests/system/test_helpers.py:74: error: Expression type contains "Any" (has type "Tuple[str, List[Any]]")  [misc]
tests/system/test_helpers.py:74: error: Expression type contains "Any" (has type "List[Any]")  [misc]
tests/system/test_helpers.py:75: error: Expression type contains "Any" (has type "Tuple[str, List[Any]]")  [misc]
tests/system/test_helpers.py:75: error: Expression type contains "Any" (has type "List[Any]")  [misc]
tests/system/test_helpers.py:76: error: Expression type contains "Any" (has type "Tuple[str, List[Any]]")  [misc]
tests/system/test_helpers.py:76: error: Expression type contains "Any" (has type "List[Any]")  [misc]
tests/system/test_helpers.py:84: error: Function is missing a type annotation for one or more arguments  [no-untyped-def]
tests/system/test_helpers.py:84: error: Type of decorated function contains type "Any" ("Callable[[SparkSession, str, KwArg(Any)], PipelineBuilder]")  [misc]
tests/system/test_helpers.py:94: error: Expression type contains "Any" (has type "Dict[str, Any]")  [misc]
tests/system/test_helpers.py:98: error: Function is missing a type annotation for one or more arguments  [no-untyped-def]
tests/system/test_helpers.py:98: error: Type of decorated function contains type "Any" ("Callable[[SparkSession, str, KwArg(Any)], PipelineBuilder]")  [misc]
tests/system/test_helpers.py:108: error: Expression type contains "Any" (has type "Dict[str, Any]")  [misc]
tests/system/test_helpers.py:112: error: Function is missing a type annotation for one or more arguments  [no-untyped-def]
tests/system/test_helpers.py:112: error: Type of decorated function contains type "Any" ("Callable[[SparkSession, str, DataFrame, KwArg(Any)], Tuple[PipelineBuilder, DataFrame]]")  [misc]
tests/system/test_helpers.py:115: error: Incompatible default for argument "bronze_data" (default has type "None", argument has type "DataFrame")  [assignment]
tests/system/test_helpers.py:115: note: PEP 484 prohibits implicit Optional. Accordingly, mypy has changed its default to no_implicit_optional=True
tests/system/test_helpers.py:115: note: Use https://github.com/hauntsaninja/no_implicit_optional to automatically upgrade your codebase
tests/system/test_helpers.py:122: error: Expression type contains "Any" (has type "Dict[str, List[Any]]")  [misc]
tests/system/test_helpers.py:124: error: Expression type contains "Any" (has type "Dict[str, Any]")  [misc]
tests/system/test_helpers.py:127: error: "PipelineBuilder" has no attribute "add_bronze_source"  [attr-defined]
tests/system/test_helpers.py:130: error: Expression type contains "Any" (has type "Dict[str, List[Any]]")  [misc]
tests/system/test_helpers.py:131: error: Expression type contains "Any" (has type "Dict[str, List[Any]]")  [misc]
tests/system/test_helpers.py:131: error: Expression type contains "Any" (has type "List[Any]")  [misc]
tests/system/test_helpers.py:132: error: Expression type contains "Any" (has type "Dict[str, List[Any]]")  [misc]
tests/system/test_helpers.py:132: error: Expression type contains "Any" (has type "List[Any]")  [misc]
tests/system/test_helpers.py:133: error: Expression type contains "Any" (has type "Dict[str, List[Any]]")  [misc]
tests/system/test_helpers.py:133: error: Expression type contains "Any" (has type "List[Any]")  [misc]
tests/system/test_helpers.py:140: error: Expression has type "Any"  [misc]
tests/system/test_helpers.py:145: error: Too many positional arguments for "add_silver_transform" of "PipelineBuilder"  [misc]
tests/system/test_helpers.py:145: error: Missing named argument "rules" for "add_silver_transform" of "PipelineBuilder"  [call-arg]
tests/system/test_helpers.py:147: error: Expression type contains "Any" (has type "Callable[[Any, Any], Any]")  [misc]
tests/system/test_helpers.py:147: error: Argument 2 to "add_silver_transform" of "PipelineBuilder" has incompatible type "Callable[[Any, Any], Any]"; expected "Optional[str]"  [arg-type]
tests/system/test_helpers.py:148: error: Expression type contains "Any" (has type "Dict[str, List[Any]]")  [misc]
tests/system/test_helpers.py:148: error: Argument 3 to "add_silver_transform" of "PipelineBuilder" has incompatible type "Dict[str, List[Any]]"; expected "Callable[[SparkSession, DataFrame, Dict[str, DataFrame]], DataFrame]"  [arg-type]
tests/system/test_helpers.py:149: error: Expression type contains "Any" (has type "Tuple[str, List[Any]]")  [misc]
tests/system/test_helpers.py:149: error: Expression type contains "Any" (has type "Dict[str, List[Any]]")  [misc]
tests/system/test_helpers.py:149: error: Expression type contains "Any" (has type "List[Any]")  [misc]
tests/system/test_helpers.py:150: error: Expression type contains "Any" (has type "Tuple[str, List[Any]]")  [misc]
tests/system/test_helpers.py:150: error: Expression type contains "Any" (has type "Dict[str, List[Any]]")  [misc]
tests/system/test_helpers.py:150: error: Expression type contains "Any" (has type "List[Any]")  [misc]
tests/system/test_helpers.py:151: error: Expression type contains "Any" (has type "Tuple[str, List[Any]]")  [misc]
tests/system/test_helpers.py:151: error: Expression type contains "Any" (has type "Dict[str, List[Any]]")  [misc]
tests/system/test_helpers.py:151: error: Expression type contains "Any" (has type "List[Any]")  [misc]
tests/system/test_helpers.py:158: error: Expression has type "Any"  [misc]
tests/system/test_helpers.py:160: error: Expression has type "Any"  [misc]
tests/system/test_helpers.py:165: error: Too many positional arguments for "add_gold_transform" of "PipelineBuilder"  [misc]
tests/system/test_helpers.py:167: error: Expression type contains "Any" (has type "Callable[[Any, Any], Any]")  [misc]
tests/system/test_helpers.py:169: error: Expression type contains "Any" (has type "Tuple[str, List[Any]]")  [misc]
tests/system/test_helpers.py:169: error: Expression type contains "Any" (has type "Dict[str, List[Any]]")  [misc]
tests/system/test_helpers.py:169: error: Expression type contains "Any" (has type "List[Any]")  [misc]
tests/system/test_helpers.py:170: error: Expression type contains "Any" (has type "Tuple[str, List[Any]]")  [misc]
tests/system/test_helpers.py:170: error: Expression type contains "Any" (has type "Dict[str, List[Any]]")  [misc]
tests/system/test_helpers.py:170: error: Expression type contains "Any" (has type "List[Any]")  [misc]
tests/system/test_helpers.py:184: error: Function is missing a type annotation for one or more arguments  [no-untyped-def]
tests/system/test_helpers.py:184: error: Type of decorated function contains type "Any" ("Callable[[Any], None]")  [misc]
tests/system/test_helpers.py:186: error: Expression has type "Any"  [misc]
tests/system/test_helpers.py:188: error: Expression has type "Any"  [misc]
tests/system/test_helpers.py:189: error: Expression has type "Any"  [misc]
tests/system/test_helpers.py:190: error: Expression has type "Any"  [misc]
tests/system/test_helpers.py:193: error: Function is missing a type annotation for one or more arguments  [no-untyped-def]
tests/system/test_helpers.py:193: error: Type of decorated function contains type "Any" ("Callable[[Any, int], None]")  [misc]
tests/system/test_helpers.py:193: error: Incompatible default for argument "expected_failed_steps" (default has type "None", argument has type "int")  [assignment]
tests/system/test_helpers.py:193: note: PEP 484 prohibits implicit Optional. Accordingly, mypy has changed its default to no_implicit_optional=True
tests/system/test_helpers.py:193: note: Use https://github.com/hauntsaninja/no_implicit_optional to automatically upgrade your codebase
tests/system/test_helpers.py:196: error: Expression has type "Any"  [misc]
tests/system/test_helpers.py:197: error: Expression has type "Any"  [misc]
tests/system/test_helpers.py:200: error: Expression has type "Any"  [misc]
tests/system/test_helpers.py:201: error: Expression has type "Any"  [misc]
tests/system/test_helpers.py:232: error: Function is missing a type annotation for one or more arguments  [no-untyped-def]
tests/system/test_helpers.py:232: error: Type of decorated function contains type "Any" ("Callable[[Any, VarArg(Any), KwArg(Any)], Tuple[Any, float]]")  [misc]
tests/system/test_helpers.py:237: error: Expression has type "Any"  [misc]
tests/system/test_helpers.py:237: error: Expression type contains "Any" (has type "Tuple[Any, ...]")  [misc]
tests/system/test_helpers.py:237: error: Expression type contains "Any" (has type "Dict[str, Any]")  [misc]
tests/system/test_helpers.py:240: error: Expression has type "Any"  [misc]
tests/system/test_helpers.py:240: error: Expression type contains "Any" (has type "Tuple[Any, float]")  [misc]
tests/system/test_helpers.py:253: error: Expression has type "Any"  [misc]
tests/system/test_helpers.py:254: error: Expression has type "Any"  [misc]
tests/system/test_helpers.py:255: error: Expression has type "Any"  [misc]
tests/system/test_helpers.py:256: error: Expression has type "Any"  [misc]
tests/system/test_helpers.py:257: error: Expression has type "Any"  [misc]
tests/system/test_helpers.py:261: error: Expression type contains "Any" (has type overloaded function)  [misc]
tests/system/test_helpers.py:261: error: Expression type contains "Any" (has type "Callable[[], Any]")  [misc]
tests/system/test_helpers.py:262: error: Type of decorated function contains type "Any" ("Callable[[], Any]")  [misc]
tests/system/test_helpers.py:267: error: Expression type contains "Any" (has type overloaded function)  [misc]
tests/system/test_helpers.py:267: error: Expression type contains "Any" (has type "Callable[[], Any]")  [misc]
tests/system/test_helpers.py:268: error: Type of decorated function contains type "Any" ("Callable[[], Any]")  [misc]
tests/system/test_helpers.py:273: error: Expression type contains "Any" (has type overloaded function)  [misc]
tests/system/test_helpers.py:273: error: Expression type contains "Any" (has type "Callable[[], Any]")  [misc]
tests/system/test_helpers.py:274: error: Type of decorated function contains type "Any" ("Callable[[], Any]")  [misc]
tests/system/test_helpers.py:279: error: Expression type contains "Any" (has type overloaded function)  [misc]
tests/system/test_helpers.py:279: error: Expression type contains "Any" (has type "Callable[[], Any]")  [misc]
tests/system/test_helpers.py:280: error: Type of decorated function contains type "Any" ("Callable[[], Any]")  [misc]
tests/system/test_helpers.py:286: error: Expression type contains "Any" (has type overloaded function)  [misc]
tests/system/test_helpers.py:286: error: Expression type contains "Any" (has type "Callable[[Any], Any]")  [misc]
tests/system/test_helpers.py:287: error: Type of decorated function contains type "Any" ("Callable[[Any], Any]")  [misc]
tests/system/test_helpers.py:289: error: Expression has type "Any"  [misc]
tests/system/test_helpers.py:292: error: Expression type contains "Any" (has type overloaded function)  [misc]
tests/system/test_helpers.py:292: error: Expression type contains "Any" (has type "Callable[[Any], Any]")  [misc]
tests/system/test_helpers.py:293: error: Type of decorated function contains type "Any" ("Callable[[Any], Any]")  [misc]
tests/system/test_helpers.py:295: error: Expression has type "Any"  [misc]
tests/system/test_helpers.py:298: error: Expression type contains "Any" (has type overloaded function)  [misc]
tests/system/test_helpers.py:298: error: Expression type contains "Any" (has type "Callable[[Any], Any]")  [misc]
tests/system/test_helpers.py:299: error: Type of decorated function contains type "Any" ("Callable[[Any], Any]")  [misc]
tests/system/test_helpers.py:301: error: Expression has type "Any"  [misc]
tests/system/test_helpers.py:304: error: Expression type contains "Any" (has type overloaded function)  [misc]
tests/system/test_helpers.py:304: error: Expression type contains "Any" (has type "Callable[[Any], Any]")  [misc]
tests/system/test_helpers.py:305: error: Type of decorated function contains type "Any" ("Callable[[Any], Any]")  [misc]
tests/system/test_helpers.py:307: error: Expression has type "Any"  [misc]
tests/system/test_helpers.py:310: error: Expression type contains "Any" (has type overloaded function)  [misc]
tests/system/test_helpers.py:310: error: Expression type contains "Any" (has type "Callable[[], Any]")  [misc]
tests/system/test_helpers.py:311: error: Type of decorated function contains type "Any" ("Callable[[], Any]")  [misc]
tests/system/test_helpers.py:313: error: Expression type contains "Any" (has type "Dict[str, List[Any]]")  [misc]
tests/system/test_helpers.py:317: error: Expression type contains "Any" (has type overloaded function)  [misc]
tests/system/test_helpers.py:317: error: Expression type contains "Any" (has type "Callable[[Any], Any]")  [misc]
tests/system/test_helpers.py:318: error: Type of decorated function contains type "Any" ("Callable[[Any], Any]")  [misc]
tests/system/test_helpers.py:320: error: Expression has type "Any"  [misc]
tests/system/test_helpers.py:323: error: Expression type contains "Any" (has type overloaded function)  [misc]
tests/system/test_helpers.py:323: error: Expression type contains "Any" (has type "Callable[[Any, Any], Any]")  [misc]
tests/system/test_helpers.py:324: error: Type of decorated function contains type "Any" ("Callable[[Any, Any], Any]")  [misc]
tests/system/test_helpers.py:327: error: Expression has type "Any"  [misc]
tests/system/test_dataframe_access.py:28: error: Expression type contains "Any" (has type overloaded function)  [misc]
tests/system/test_dataframe_access.py:28: error: Expression type contains "Any" (has type "Callable[[TestDataFrameAccess, Any], Any]")  [misc]
tests/system/test_dataframe_access.py:29: error: Type of decorated function contains type "Any" ("Callable[[TestDataFrameAccess, Any], Any]")  [misc]
tests/system/test_dataframe_access.py:38: error: Expression has type "Any"  [misc]
tests/system/test_dataframe_access.py:40: error: Expression type contains "Any" (has type overloaded function)  [misc]
tests/system/test_dataframe_access.py:40: error: Expression type contains "Any" (has type "Callable[[TestDataFrameAccess], Any]")  [misc]
tests/system/test_dataframe_access.py:41: error: Type of decorated function contains type "Any" ("Callable[[TestDataFrameAccess], Any]")  [misc]
tests/system/test_dataframe_access.py:43: error: Expression type contains "Any" (has type "Dict[Any, Any]")  [misc]
tests/system/test_dataframe_access.py:44: error: Expression type contains "Any" (has type "Tuple[str, List[Any]]")  [misc]
tests/system/test_dataframe_access.py:44: error: Expression type contains "Any" (has type "List[Any]")  [misc]
tests/system/test_dataframe_access.py:45: error: Expression type contains "Any" (has type "Tuple[str, List[Any]]")  [misc]
tests/system/test_dataframe_access.py:45: error: Expression type contains "Any" (has type "List[Any]")  [misc]
tests/system/test_dataframe_access.py:46: error: Expression type contains "Any" (has type "Tuple[str, List[Any]]")  [misc]
tests/system/test_dataframe_access.py:46: error: Expression type contains "Any" (has type "List[Any]")  [misc]
tests/system/test_dataframe_access.py:49: error: Expression type contains "Any" (has type overloaded function)  [misc]
tests/system/test_dataframe_access.py:49: error: Expression type contains "Any" (has type "Callable[[TestDataFrameAccess], Any]")  [misc]
tests/system/test_dataframe_access.py:50: error: Type of decorated function contains type "Any" ("Callable[[TestDataFrameAccess], Any]")  [misc]
tests/system/test_dataframe_access.py:52: error: Expression type contains "Any" (has type "Dict[Any, Any]")  [misc]
tests/system/test_dataframe_access.py:53: error: Expression type contains "Any" (has type "Tuple[str, List[Any]]")  [misc]
tests/system/test_dataframe_access.py:53: error: Expression type contains "Any" (has type "List[Any]")  [misc]
tests/system/test_dataframe_access.py:54: error: Expression type contains "Any" (has type "Tuple[str, List[Any]]")  [misc]
tests/system/test_dataframe_access.py:54: error: Expression type contains "Any" (has type "List[Any]")  [misc]
tests/system/test_dataframe_access.py:55: error: Expression type contains "Any" (has type "Tuple[str, List[Any]]")  [misc]
tests/system/test_dataframe_access.py:55: error: Expression type contains "Any" (has type "List[Any]")  [misc]
tests/system/test_dataframe_access.py:58: error: Expression type contains "Any" (has type overloaded function)  [misc]
tests/system/test_dataframe_access.py:58: error: Expression type contains "Any" (has type "Callable[[TestDataFrameAccess], Any]")  [misc]
tests/system/test_dataframe_access.py:59: error: Type of decorated function contains type "Any" ("Callable[[TestDataFrameAccess], Any]")  [misc]
tests/system/test_dataframe_access.py:61: error: Expression type contains "Any" (has type "Dict[Any, Any]")  [misc]
tests/system/test_dataframe_access.py:62: error: Expression type contains "Any" (has type "Tuple[str, List[Any]]")  [misc]
tests/system/test_dataframe_access.py:62: error: Expression type contains "Any" (has type "List[Any]")  [misc]
tests/system/test_dataframe_access.py:63: error: Expression type contains "Any" (has type "Tuple[str, List[Any]]")  [misc]
tests/system/test_dataframe_access.py:63: error: Expression type contains "Any" (has type "List[Any]")  [misc]
tests/system/test_dataframe_access.py:68: error: Expression has type "Any"  [misc]
tests/system/test_dataframe_access.py:72: error: Expression has type "Any"  [misc]
tests/system/test_dataframe_access.py:87: error: Expression has type "Any"  [misc]
tests/system/test_dataframe_access.py:91: error: Expression has type "Any"  [misc]
tests/system/test_dataframe_access.py:96: error: Expression has type "Any"  [misc]
tests/system/test_dataframe_access.py:103: error: Expression type contains "Any" (has type "Callable[[Any, Any, Any], Any]")  [misc]
tests/system/test_dataframe_access.py:104: error: Expression has type "Any"  [misc]
tests/system/test_dataframe_access.py:119: error: Expression has type "Any"  [misc]
tests/system/test_dataframe_access.py:123: error: Expression has type "Any"  [misc]
tests/system/test_dataframe_access.py:128: error: Expression has type "Any"  [misc]
tests/system/test_dataframe_access.py:135: error: Expression type contains "Any" (has type "Callable[[Any, Any, Any], Any]")  [misc]
tests/system/test_dataframe_access.py:136: error: Expression has type "Any"  [misc]
tests/system/test_dataframe_access.py:142: error: Expression has type "Any"  [misc]
tests/system/test_dataframe_access.py:143: error: Expression has type "Any"  [misc]
tests/system/test_dataframe_access.py:146: error: Expression has type "Any"  [misc]
tests/system/test_dataframe_access.py:151: error: Expression has type "Any"  [misc]
tests/system/test_dataframe_access.py:155: error: Expression type contains "Any" (has type "Callable[[Any, Any], Any]")  [misc]
tests/system/test_dataframe_access.py:156: error: Expression has type "Any"  [misc]
tests/system/test_dataframe_access.py:171: error: Expression has type "Any"  [misc]
tests/system/test_dataframe_access.py:175: error: Expression has type "Any"  [misc]
tests/system/test_dataframe_access.py:180: error: Expression has type "Any"  [misc]
tests/system/test_dataframe_access.py:187: error: Expression type contains "Any" (has type "Callable[[Any, Any, Any], Any]")  [misc]
tests/system/test_dataframe_access.py:188: error: Expression has type "Any"  [misc]
tests/system/test_dataframe_access.py:194: error: Expression has type "Any"  [misc]
tests/system/test_dataframe_access.py:195: error: Expression has type "Any"  [misc]
tests/system/test_dataframe_access.py:198: error: Expression has type "Any"  [misc]
tests/system/test_dataframe_access.py:203: error: Expression has type "Any"  [misc]
tests/system/test_dataframe_access.py:207: error: Expression type contains "Any" (has type "Callable[[Any, Any], Any]")  [misc]
tests/system/test_dataframe_access.py:208: error: Expression has type "Any"  [misc]
tests/system/test_dataframe_access.py:221: error: Expression has type "Any"  [misc]
tests/system/test_dataframe_access.py:225: error: Expression has type "Any"  [misc]
tests/system/test_dataframe_access.py:230: error: Expression has type "Any"  [misc]
tests/system/test_dataframe_access.py:237: error: Expression type contains "Any" (has type "Callable[[Any, Any, Any], Any]")  [misc]
tests/system/test_dataframe_access.py:238: error: Expression has type "Any"  [misc]
tests/system/test_dataframe_access.py:244: error: Expression has type "Any"  [misc]
tests/system/test_dataframe_access.py:245: error: Expression has type "Any"  [misc]
tests/system/test_dataframe_access.py:248: error: Expression has type "Any"  [misc]
tests/system/test_dataframe_access.py:253: error: Expression has type "Any"  [misc]
tests/system/test_dataframe_access.py:257: error: Expression type contains "Any" (has type "Callable[[Any, Any], Any]")  [misc]
tests/system/test_dataframe_access.py:258: error: Expression has type "Any"  [misc]
tests/system/test_dataframe_access.py:272: error: Expression has type "Any"  [misc]
tests/system/test_dataframe_access.py:273: error: Expression has type "Any"  [misc]
tests/system/test_dataframe_access.py:274: error: Expression has type "Any"  [misc]
tests/system/test_dataframe_access.py:275: error: Expression has type "Any"  [misc]
tests/system/test_dataframe_access.py:276: error: Expression has type "Any"  [misc]
tests/system/test_dataframe_access.py:279: error: Expression has type "Any"  [misc]
tests/system/test_dataframe_access.py:280: error: Expression has type "Any"  [misc]
tests/system/test_dataframe_access.py:283: error: Expression has type "Any"  [misc]
tests/system/test_dataframe_access.py:286: error: Expression has type "Any"  [misc]
tests/system/test_dataframe_access.py:290: error: Expression has type "Any"  [misc]
tests/system/test_dataframe_access.py:291: error: Expression has type "Any"  [misc]
tests/system/test_dataframe_access.py:301: error: Expression has type "Any"  [misc]
tests/system/test_dataframe_access.py:303: error: Expression has type "Any"  [misc]
tests/system/test_dataframe_access.py:313: error: Expression has type "Any"  [misc]
tests/system/test_dataframe_access.py:319: error: Expression has type "Any"  [misc]
tests/system/test_dataframe_access.py:324: error: Expression type contains "Any" (has type "Callable[[Any, Any, Any], Any]")  [misc]
tests/system/test_dataframe_access.py:325: error: Expression has type "Any"  [misc]
tests/system/test_dataframe_access.py:333: error: Expression type contains "Any" (has type "List[Any]")  [misc]
tests/system/test_dataframe_access.py:333: error: Expression has type "Any"  [misc]
tests/system/test_dataframe_access.py:334: error: Expression has type "Any"  [misc]
tests/system/test_dataframe_access.py:335: error: Expression has type "Any"  [misc]
tests/system/test_dataframe_access.py:340: error: Expression type contains "Any" (has type "Callable[[Any, Any], Any]")  [misc]
tests/system/test_dataframe_access.py:341: error: Expression has type "Any"  [misc]
tests/system/test_bronze_no_datetime.py:27: error: Expression type contains "Any" (has type overloaded function)  [misc]
tests/system/test_bronze_no_datetime.py:27: error: Expression type contains "Any" (has type "Callable[[TestBronzeNoDatetime, Any], Any]")  [misc]
tests/system/test_bronze_no_datetime.py:28: error: Type of decorated function contains type "Any" ("Callable[[TestBronzeNoDatetime, Any], Any]")  [misc]
tests/system/test_bronze_no_datetime.py:44: error: Expression has type "Any"  [misc]
tests/system/test_bronze_no_datetime.py:50: error: Expression has type "Any"  [misc]
tests/system/test_bronze_no_datetime.py:73: error: Expression has type "Any"  [misc]
tests/system/test_bronze_no_datetime.py:97: error: Expression has type "Any"  [misc]
tests/system/test_bronze_no_datetime.py:111: error: Expression has type "Any"  [misc]
tests/system/test_bronze_no_datetime.py:116: error: Expression type contains "Any" (has type "Callable[[Any, Any, Any], Any]")  [misc]
tests/system/test_bronze_no_datetime.py:135: error: Expression has type "Any"  [misc]
tests/system/test_bronze_no_datetime.py:149: error: Expression has type "Any"  [misc]
tests/system/test_bronze_no_datetime.py:154: error: Expression type contains "Any" (has type "Callable[[Any, Any, Any], Any]")  [misc]
tests/system/test_bronze_no_datetime.py:165: error: Expression has type "Any"  [misc]
tests/system/test_bronze_no_datetime.py:166: error: Expression has type "Any"  [misc]
tests/system/test_bronze_no_datetime.py:167: error: Expression has type "Any"  [misc]
tests/system/test_bronze_no_datetime.py:171: error: Expression has type "Any"  [misc]
tests/system/test_bronze_no_datetime.py:175: error: Expression type contains "Any" (has type "Callable[[Any, Any], Any]")  [misc]
tests/system/test_bronze_no_datetime.py:192: error: Expression has type "Any"  [misc]
tests/system/test_bronze_no_datetime.py:206: error: Expression has type "Any"  [misc]
tests/system/test_bronze_no_datetime.py:211: error: Expression type contains "Any" (has type "Callable[[Any, Any, Any], Any]")  [misc]
tests/system/test_bronze_no_datetime.py:222: error: Expression has type "Any"  [misc]
tests/system/test_bronze_no_datetime.py:223: error: Expression has type "Any"  [misc]
tests/system/test_bronze_no_datetime.py:224: error: Expression has type "Any"  [misc]
tests/system/test_bronze_no_datetime.py:228: error: Expression has type "Any"  [misc]
tests/system/test_bronze_no_datetime.py:232: error: Expression type contains "Any" (has type "Callable[[Any, Any], Any]")  [misc]
tests/system/test_bronze_no_datetime.py:246: error: Expression has type "Any"  [misc]
tests/system/test_bronze_no_datetime.py:260: error: Expression has type "Any"  [misc]
tests/system/test_bronze_no_datetime.py:265: error: Expression type contains "Any" (has type "Callable[[Any, Any, Any], Any]")  [misc]
tests/system/test_bronze_no_datetime.py:276: error: Expression has type "Any"  [misc]
tests/system/test_bronze_no_datetime.py:277: error: Expression has type "Any"  [misc]
tests/system/test_bronze_no_datetime.py:278: error: Expression has type "Any"  [misc]
tests/system/test_bronze_no_datetime.py:282: error: Expression has type "Any"  [misc]
tests/system/test_bronze_no_datetime.py:286: error: Expression type contains "Any" (has type "Callable[[Any, Any], Any]")  [misc]
tests/system/test_bronze_no_datetime.py:303: error: Expression has type "Any"  [misc]
tests/system/test_bronze_no_datetime.py:304: error: Expression has type "Any"  [misc]
tests/system/test_bronze_no_datetime.py:305: error: Expression has type "Any"  [misc]
tests/system/test_bronze_no_datetime.py:306: error: Expression has type "Any"  [misc]
tests/system/test_bronze_no_datetime.py:307: error: Expression has type "Any"  [misc]
tests/system/test_bronze_no_datetime.py:310: error: Expression has type "Any"  [misc]
tests/system/test_bronze_no_datetime.py:311: error: Expression has type "Any"  [misc]
tests/system/test_bronze_no_datetime.py:314: error: Expression has type "Any"  [misc]
tests/system/test_bronze_no_datetime.py:317: error: Expression has type "Any"  [misc]
tests/system/test_bronze_no_datetime.py:320: error: Expression has type "Any"  [misc]
tests/system/test_bronze_no_datetime.py:321: error: Expression has type "Any"  [misc]
tests/system/test_bronze_no_datetime.py:331: error: Expression has type "Any"  [misc]
tests/system/test_bronze_no_datetime.py:332: error: Expression has type "Any"  [misc]
tests/system/test_bronze_no_datetime.py:348: error: Expression has type "Any"  [misc]
tests/system/test_bronze_no_datetime.py:353: error: Expression type contains "Any" (has type "Callable[[Any, Any, Any], Any]")  [misc]
tests/system/test_bronze_no_datetime.py:362: error: Expression type contains "Any" (has type "List[Any]")  [misc]
tests/system/test_bronze_no_datetime.py:362: error: Expression has type "Any"  [misc]
tests/system/test_bronze_no_datetime.py:363: error: Expression has type "Any"  [misc]
tests/system/test_bronze_no_datetime.py:364: error: Expression has type "Any"  [misc]
tests/system/test_bronze_no_datetime.py:369: error: Expression type contains "Any" (has type "Callable[[Any, Any], Any]")  [misc]
tests/system/test_auto_infer_source_bronze.py:21: error: Expression type contains "Any" (has type "Callable[[TestAutoInferSourceBronze, Any], Any]")  [misc]
tests/system/test_auto_infer_source_bronze.py:22: error: Type of decorated function contains type "Any" ("Callable[[TestAutoInferSourceBronze, Any], Any]")  [misc]
tests/system/test_auto_infer_source_bronze.py:24: error: Expression has type "Any"  [misc]
tests/system/test_auto_infer_source_bronze.py:35: error: Expression has type "Any"  [misc]
tests/system/test_auto_infer_source_bronze.py:39: error: Expression type contains "Any" (has type "Callable[[Any, Any, Any], Any]")  [misc]
tests/system/test_auto_infer_source_bronze.py:65: error: Expression has type "Any"  [misc]
tests/system/test_auto_infer_source_bronze.py:69: error: Expression type contains "Any" (has type "Callable[[Any, Any, Any], Any]")  [misc]
tests/system/test_auto_infer_source_bronze.py:91: error: Expression has type "Any"  [misc]
tests/system/test_auto_infer_source_bronze.py:96: error: Expression type contains "Any" (has type "Callable[[Any, Any, Any], Any]")  [misc]
tests/system/test_auto_infer_source_bronze.py:109: error: Expression has type "Any"  [misc]
tests/system/test_auto_infer_source_bronze.py:114: error: Expression type contains "Any" (has type "Callable[[Any, Any, Any], Any]")  [misc]
tests/system/test_auto_infer_source_bronze.py:132: error: Expression has type "Any"  [misc]
tests/system/test_auto_infer_source_bronze.py:138: error: Expression type contains "Any" (has type "Callable[[Any, Any, Any], Any]")  [misc]
tests/system/test_auto_infer_source_bronze.py:156: error: Expression has type "Any"  [misc]
tests/system/test_auto_infer_source_bronze.py:162: error: Expression type contains "Any" (has type "Callable[[Any, Any, Any], Any]")  [misc]
tests/system/test_auto_infer_source_bronze.py:178: error: Expression has type "Any"  [misc]
tests/system/test_auto_infer_source_bronze.py:183: error: Expression type contains "Any" (has type "Callable[[Any, Any, Any], Any]")  [misc]
tests/system/test_auto_infer_source_bronze.py:188: error: Expression type contains "Any" (has type "Callable[[Any, Any, Any], Any]")  [misc]
Found 842 errors in 22 files (checked 11 source files)
