============================= test session starts ==============================
platform darwin -- Python 3.9.23, pytest-8.4.2, pluggy-1.6.0
rootdir: /Users/odosmatthews/Documents/coding/sparkforge
configfile: pytest.ini
plugins: green-light-0.2.0, asyncio-1.2.0, anyio-4.11.0, hypothesis-6.141.1, xdist-3.8.0, timeout-2.4.0, aio-1.9.0, alt-pytest-asyncio-0.7.2, cov-7.0.0, async-sqlalchemy-0.2.0
asyncio: mode=strict, debug=False, asyncio_default_fixture_loop_scope=None, asyncio_default_test_loop_scope=function
created: 10/10 workers
10 workers [1803 items]

........................................................................ [  3%]
............................................F..........................s [  7%]
ssss................................................................s... [ 11%]
...................F..s.F...F..............F....F.......F............... [ 15%]
........................................F............................... [ 19%]
...................s................................................s.s. [ 23%]
..sss..........sssssssssssssssss.....................F.s................ [ 27%]
.........................................F.............................. [ 31%]
............................................ssssss...s....ssss.......... [ 35%]
........................................................................ [ 39%]
........................................................................ [ 43%]
........................................................................ [ 47%]
..................................................F..................... [ 51%]
....ssssssssssssssssssssssssssssssssssssssssssssssssssssssssssssssssssss [ 55%]
ssssssss................................................................ [ 59%]
....................sssssssssssssss..................................... [ 63%]
..............sssssssss................s................................ [ 67%]
...........................F............................................ [ 71%]
....................................F................................... [ 75%]
.................................F....................................ss [ 79%]
sssssssss.sssssssssss....F...........................s........ss..s..... [ 83%]
...sssssssssssssssssssssssss....ss...................................... [ 87%]
..............F......................................................... [ 91%]
.FF..FF.F.....F........F..F..F.FF.....sF....s...................FFFFF... [ 95%]
...................................FFFFF................................ [ 99%]
...                                                                      [100%]
=================================== FAILURES ===================================
/Users/odosmatthews/Documents/coding/sparkforge/tests/integration/test_execution_engine.py:722: assert 'Columns referenced in validation rules do not exist' in "Step execution failed: 'Mock' object is not iterable"
/Users/odosmatthews/.pyenv/versions/3.9.23/lib/python3.9/site-packages/py4j/protocol.py:326: py4j.protocol.Py4JJavaError: An error occurred while calling o1522.saveAsTable.
/Users/odosmatthews/.pyenv/versions/3.9.23/lib/python3.9/site-packages/py4j/protocol.py:326: py4j.protocol.Py4JJavaError: An error occurred while calling o1621.saveAsTable.
/Users/odosmatthews/.pyenv/versions/3.9.23/lib/python3.9/site-packages/py4j/protocol.py:326: py4j.protocol.Py4JJavaError: An error occurred while calling o1720.saveAsTable.
/Users/odosmatthews/.pyenv/versions/3.9.23/lib/python3.9/site-packages/py4j/protocol.py:326: py4j.protocol.Py4JJavaError: An error occurred while calling o1819.saveAsTable.
/Users/odosmatthews/.pyenv/versions/3.9.23/lib/python3.9/site-packages/py4j/protocol.py:326: py4j.protocol.Py4JJavaError: An error occurred while calling o1918.saveAsTable.
/Users/odosmatthews/.pyenv/versions/3.9.23/lib/python3.9/site-packages/py4j/protocol.py:326: py4j.protocol.Py4JJavaError: An error occurred while calling o2017.saveAsTable.
/Users/odosmatthews/.pyenv/versions/3.9.23/lib/python3.9/site-packages/py4j/protocol.py:326: py4j.protocol.Py4JJavaError: An error occurred while calling o2116.saveAsTable.
/Users/odosmatthews/.pyenv/versions/3.9.23/lib/python3.9/site-packages/py4j/protocol.py:326: py4j.protocol.Py4JJavaError: An error occurred while calling o2215.saveAsTable.
/Users/odosmatthews/Documents/coding/sparkforge/src/pipeline_builder/writer/storage.py:194: pipeline_builder.writer.exceptions.WriterTableError: Failed to create table analytics.healthcare_logs: An error occurred while calling o1805.saveAsTable.
/Users/odosmatthews/Documents/coding/sparkforge/src/pipeline_builder/writer/storage.py:194: pipeline_builder.writer.exceptions.WriterTableError: Failed to create table test_schema.pipeline_logs: An error occurred while calling o2439.saveAsTable.
/Users/odosmatthews/Documents/coding/sparkforge/src/pipeline_builder/writer/storage.py:194: pipeline_builder.writer.exceptions.WriterTableError: Failed to create table test_schema.pipeline_logs: An error occurred while calling o184.saveAsTable.
/Users/odosmatthews/Documents/coding/sparkforge/tests/builder_tests/test_marketing_pipeline.py:548: AttributeError: 'SparkSession' object has no attribute 'storage'
/Users/odosmatthews/Documents/coding/sparkforge/tests/unit/test_validation_enhanced.py:461: assert (1765464480.716128 - 1765464475.003969) < 2.0
/Users/odosmatthews/Documents/coding/sparkforge/tests/unit/test_validation_enhanced_simple.py:443: assert (1765464490.827554 - 1765464484.267663) < 2.0
/Users/odosmatthews/Documents/coding/sparkforge/src/pipeline_builder/writer/storage.py:194: pipeline_builder.writer.exceptions.WriterTableError: Failed to create table test_schema.pipeline_logs: An error occurred while calling o510.saveAsTable.
/Users/odosmatthews/Documents/coding/sparkforge/src/pipeline_builder/writer/storage.py:194: pipeline_builder.writer.exceptions.WriterTableError: Failed to create table test_schema.pipeline_logs: An error occurred while calling o3166.saveAsTable.
/Users/odosmatthews/Documents/coding/sparkforge/src/pipeline_builder/writer/storage.py:194: pipeline_builder.writer.exceptions.WriterTableError: Failed to create table test_schema.pipeline_logs: An error occurred while calling o3491.saveAsTable.
/Users/odosmatthews/Documents/coding/sparkforge/src/pipeline_builder/writer/storage.py:194: pipeline_builder.writer.exceptions.WriterTableError: Failed to create table test_schema.pipeline_logs: An error occurred while calling o1081.saveAsTable.
/Users/odosmatthews/Documents/coding/sparkforge/tests/builder_tests/test_streaming_hybrid_pipeline.py:553: AttributeError: 'SparkSession' object has no attribute 'storage'
/Users/odosmatthews/Documents/coding/sparkforge/src/pipeline_builder/writer/storage.py:194: pipeline_builder.writer.exceptions.WriterTableError: Failed to create table analytics.supply_chain_logs: An error occurred while calling o5889.saveAsTable.
/Users/odosmatthews/Documents/coding/sparkforge/tests/builder_tests/test_data_quality_pipeline.py:496: AttributeError: 'SparkSession' object has no attribute 'storage'
/Users/odosmatthews/Documents/coding/sparkforge/src/pipeline_builder/writer/storage.py:194: pipeline_builder.writer.exceptions.WriterTableError: Failed to create table test_schema.pipeline_logs: An error occurred while calling o3804.saveAsTable.
/Users/odosmatthews/Documents/coding/sparkforge/src/pipeline_builder/writer/storage.py:194: pipeline_builder.writer.exceptions.WriterTableError: Failed to create table analytics.healthcare_logs: An error occurred while calling o7888.saveAsTable.
/Users/odosmatthews/Documents/coding/sparkforge/src/pipeline_builder/writer/storage.py:194: pipeline_builder.writer.exceptions.WriterTableError: Failed to create table test_schema.pipeline_logs: An error occurred while calling o4114.saveAsTable.
/Users/odosmatthews/Documents/coding/sparkforge/tests/builder_tests/test_supply_chain_pipeline.py:460: AttributeError: 'SparkSession' object has no attribute 'storage'
/Users/odosmatthews/Documents/coding/sparkforge/tests/builder_tests/test_supply_chain_pipeline.py:541: AttributeError: 'SparkSession' object has no attribute 'storage'
/Users/odosmatthews/Documents/coding/sparkforge/src/pipeline_builder/writer/storage.py:194: pipeline_builder.writer.exceptions.WriterTableError: Failed to create table test_schema.pipeline_logs: An error occurred while calling o4440.saveAsTable.
/Users/odosmatthews/Documents/coding/sparkforge/src/pipeline_builder/writer/storage.py:194: pipeline_builder.writer.exceptions.WriterTableError: Failed to create table test_schema.pipeline_logs: An error occurred while calling o4771.saveAsTable.
/Users/odosmatthews/Documents/coding/sparkforge/src/pipeline_builder/writer/storage.py:194: pipeline_builder.writer.exceptions.WriterTableError: Failed to create table test_schema.pipeline_logs: An error occurred while calling o2178.saveAsTable.
/Users/odosmatthews/Documents/coding/sparkforge/src/pipeline_builder/writer/storage.py:194: pipeline_builder.writer.exceptions.WriterTableError: Failed to create table test_schema.pipeline_logs: An error occurred while calling o5201.saveAsTable.
/Users/odosmatthews/Documents/coding/sparkforge/src/pipeline_builder/writer/storage.py:194: pipeline_builder.writer.exceptions.WriterTableError: Failed to create table test_schema.pipeline_logs: An error occurred while calling o2652.saveAsTable.
/Users/odosmatthews/Documents/coding/sparkforge/src/pipeline_builder/writer/storage.py:194: pipeline_builder.writer.exceptions.WriterTableError: Failed to create table test_schema.pipeline_logs: An error occurred while calling o5506.saveAsTable.
/Users/odosmatthews/Documents/coding/sparkforge/src/pipeline_builder/writer/storage.py:194: pipeline_builder.writer.exceptions.WriterTableError: Failed to create table test_schema.pipeline_logs: An error occurred while calling o3002.saveAsTable.
/Users/odosmatthews/Documents/coding/sparkforge/src/pipeline_builder/writer/storage.py:194: pipeline_builder.writer.exceptions.WriterTableError: Failed to create table test_schema.pipeline_logs: An error occurred while calling o3315.saveAsTable.
/Users/odosmatthews/Documents/coding/sparkforge/src/pipeline_builder/writer/storage.py:194: pipeline_builder.writer.exceptions.WriterTableError: Failed to create table test_schema.pipeline_logs: An error occurred while calling o3757.saveAsTable.
/Users/odosmatthews/Documents/coding/sparkforge/src/pipeline_builder/writer/storage.py:194: pipeline_builder.writer.exceptions.WriterTableError: Failed to create table test_schema.pipeline_logs: An error occurred while calling o4230.saveAsTable.
/Users/odosmatthews/Documents/coding/sparkforge/src/pipeline_builder/writer/storage.py:194: pipeline_builder.writer.exceptions.WriterTableError: Failed to create table test_schema.pipeline_logs: An error occurred while calling o4598.saveAsTable.
=============================== warnings summary ===============================
src/sql_pipeline_builder/tests/test_full_pipeline.py:25: 10 warnings
  /Users/odosmatthews/Documents/coding/sparkforge/src/sql_pipeline_builder/tests/test_full_pipeline.py:25: MovedIn20Warning: The ``declarative_base()`` function is now available as sqlalchemy.orm.declarative_base(). (deprecated since: 2.0) (Background on SQLAlchemy 2.0 at: https://sqlalche.me/e/b8d9)
    Base = declarative_base()

src/sql_pipeline_builder/tests/test_sql_pipeline_builder.py:18: 10 warnings
  /Users/odosmatthews/Documents/coding/sparkforge/src/sql_pipeline_builder/tests/test_sql_pipeline_builder.py:18: MovedIn20Warning: The ``declarative_base()`` function is now available as sqlalchemy.orm.declarative_base(). (deprecated since: 2.0) (Background on SQLAlchemy 2.0 at: https://sqlalche.me/e/b8d9)
    Base = declarative_base()

src/sql_pipeline_builder/tests/test_validation_and_table_ops.py:15: 10 warnings
  /Users/odosmatthews/Documents/coding/sparkforge/src/sql_pipeline_builder/tests/test_validation_and_table_ops.py:15: MovedIn20Warning: The ``declarative_base()`` function is now available as sqlalchemy.orm.declarative_base(). (deprecated since: 2.0) (Background on SQLAlchemy 2.0 at: https://sqlalche.me/e/b8d9)
    Base = declarative_base()

tests/builder_pyspark_tests/test_healthcare_pipeline.py:573: 10 warnings
  /Users/odosmatthews/Documents/coding/sparkforge/tests/builder_pyspark_tests/test_healthcare_pipeline.py:573: PytestUnknownMarkWarning: Unknown pytest.mark.pyspark - is this a typo?  You can register custom marks to avoid this warning - for details, see https://docs.pytest.org/en/stable/how-to/mark.html
    @pytest.mark.pyspark

tests/builder_pyspark_tests/test_supply_chain_pipeline.py:507: 10 warnings
  /Users/odosmatthews/Documents/coding/sparkforge/tests/builder_pyspark_tests/test_supply_chain_pipeline.py:507: PytestUnknownMarkWarning: Unknown pytest.mark.pyspark - is this a typo?  You can register custom marks to avoid this warning - for details, see https://docs.pytest.org/en/stable/how-to/mark.html
    @pytest.mark.pyspark

tests/compat_pyspark/test_pyspark_compatibility.py:15: 10 warnings
  /Users/odosmatthews/Documents/coding/sparkforge/tests/compat_pyspark/test_pyspark_compatibility.py:15: PytestUnknownMarkWarning: Unknown pytest.mark.pyspark_compat - is this a typo?  You can register custom marks to avoid this warning - for details, see https://docs.pytest.org/en/stable/how-to/mark.html
    pytestmark = pytest.mark.pyspark_compat

tests/security/test_security_integration.py:498: 10 warnings
  /Users/odosmatthews/Documents/coding/sparkforge/tests/security/test_security_integration.py:498: PytestUnknownMarkWarning: Unknown pytest.mark.security - is this a typo?  You can register custom marks to avoid this warning - for details, see https://docs.pytest.org/en/stable/how-to/mark.html
    @pytest.mark.security

tests/system/test_delta_lake.py:27: 10 warnings
  /Users/odosmatthews/Documents/coding/sparkforge/tests/system/test_delta_lake.py:27: PytestUnknownMarkWarning: Unknown pytest.mark.delta - is this a typo?  You can register custom marks to avoid this warning - for details, see https://docs.pytest.org/en/stable/how-to/mark.html
    @pytest.mark.delta

tests/system/test_simple_real_spark.py:73: 10 warnings
  /Users/odosmatthews/Documents/coding/sparkforge/tests/system/test_simple_real_spark.py:73: PytestUnknownMarkWarning: Unknown pytest.mark.spark - is this a typo?  You can register custom marks to avoid this warning - for details, see https://docs.pytest.org/en/stable/how-to/mark.html
    @pytest.mark.spark

tests/system/test_simple_real_spark.py:92: 10 warnings
  /Users/odosmatthews/Documents/coding/sparkforge/tests/system/test_simple_real_spark.py:92: PytestUnknownMarkWarning: Unknown pytest.mark.spark - is this a typo?  You can register custom marks to avoid this warning - for details, see https://docs.pytest.org/en/stable/how-to/mark.html
    @pytest.mark.spark

tests/system/test_simple_real_spark.py:113: 10 warnings
  /Users/odosmatthews/Documents/coding/sparkforge/tests/system/test_simple_real_spark.py:113: PytestUnknownMarkWarning: Unknown pytest.mark.spark - is this a typo?  You can register custom marks to avoid this warning - for details, see https://docs.pytest.org/en/stable/how-to/mark.html
    @pytest.mark.spark

tests/system/test_simple_real_spark.py:129: 10 warnings
  /Users/odosmatthews/Documents/coding/sparkforge/tests/system/test_simple_real_spark.py:129: PytestUnknownMarkWarning: Unknown pytest.mark.spark - is this a typo?  You can register custom marks to avoid this warning - for details, see https://docs.pytest.org/en/stable/how-to/mark.html
    @pytest.mark.spark

tests/system/test_simple_real_spark.py:143: 10 warnings
  /Users/odosmatthews/Documents/coding/sparkforge/tests/system/test_simple_real_spark.py:143: PytestUnknownMarkWarning: Unknown pytest.mark.spark - is this a typo?  You can register custom marks to avoid this warning - for details, see https://docs.pytest.org/en/stable/how-to/mark.html
    @pytest.mark.spark

tests/system/test_simple_real_spark.py:159: 10 warnings
  /Users/odosmatthews/Documents/coding/sparkforge/tests/system/test_simple_real_spark.py:159: PytestUnknownMarkWarning: Unknown pytest.mark.spark - is this a typo?  You can register custom marks to avoid this warning - for details, see https://docs.pytest.org/en/stable/how-to/mark.html
    @pytest.mark.spark

tests/system/test_simple_real_spark.py:184: 10 warnings
  /Users/odosmatthews/Documents/coding/sparkforge/tests/system/test_simple_real_spark.py:184: PytestUnknownMarkWarning: Unknown pytest.mark.spark - is this a typo?  You can register custom marks to avoid this warning - for details, see https://docs.pytest.org/en/stable/how-to/mark.html
    @pytest.mark.spark

tests/system/test_simple_real_spark.py:199: 10 warnings
  /Users/odosmatthews/Documents/coding/sparkforge/tests/system/test_simple_real_spark.py:199: PytestUnknownMarkWarning: Unknown pytest.mark.spark - is this a typo?  You can register custom marks to avoid this warning - for details, see https://docs.pytest.org/en/stable/how-to/mark.html
    @pytest.mark.spark

tests/system/test_simple_real_spark.py:217: 10 warnings
  /Users/odosmatthews/Documents/coding/sparkforge/tests/system/test_simple_real_spark.py:217: PytestUnknownMarkWarning: Unknown pytest.mark.spark - is this a typo?  You can register custom marks to avoid this warning - for details, see https://docs.pytest.org/en/stable/how-to/mark.html
    @pytest.mark.spark

tests/system/test_simple_real_spark.py:218: 10 warnings
  /Users/odosmatthews/Documents/coding/sparkforge/tests/system/test_simple_real_spark.py:218: PytestUnknownMarkWarning: Unknown pytest.mark.pyspark - is this a typo?  You can register custom marks to avoid this warning - for details, see https://docs.pytest.org/en/stable/how-to/mark.html
    @pytest.mark.pyspark

tests/system/test_utils.py:79: 10 warnings
  /Users/odosmatthews/Documents/coding/sparkforge/tests/system/test_utils.py:79: PytestUnknownMarkWarning: Unknown pytest.mark.spark - is this a typo?  You can register custom marks to avoid this warning - for details, see https://docs.pytest.org/en/stable/how-to/mark.html
    @pytest.mark.spark

tests/system/test_utils.py:93: 10 warnings
  /Users/odosmatthews/Documents/coding/sparkforge/tests/system/test_utils.py:93: PytestUnknownMarkWarning: Unknown pytest.mark.spark - is this a typo?  You can register custom marks to avoid this warning - for details, see https://docs.pytest.org/en/stable/how-to/mark.html
    @pytest.mark.spark

tests/system/test_utils.py:102: 10 warnings
  /Users/odosmatthews/Documents/coding/sparkforge/tests/system/test_utils.py:102: PytestUnknownMarkWarning: Unknown pytest.mark.spark - is this a typo?  You can register custom marks to avoid this warning - for details, see https://docs.pytest.org/en/stable/how-to/mark.html
    @pytest.mark.spark

tests/system/test_utils.py:123: 10 warnings
  /Users/odosmatthews/Documents/coding/sparkforge/tests/system/test_utils.py:123: PytestUnknownMarkWarning: Unknown pytest.mark.spark - is this a typo?  You can register custom marks to avoid this warning - for details, see https://docs.pytest.org/en/stable/how-to/mark.html
    @pytest.mark.spark

tests/system/test_utils.py:137: 10 warnings
  /Users/odosmatthews/Documents/coding/sparkforge/tests/system/test_utils.py:137: PytestUnknownMarkWarning: Unknown pytest.mark.spark - is this a typo?  You can register custom marks to avoid this warning - for details, see https://docs.pytest.org/en/stable/how-to/mark.html
    @pytest.mark.spark

tests/system/test_utils.py:150: 10 warnings
  /Users/odosmatthews/Documents/coding/sparkforge/tests/system/test_utils.py:150: PytestUnknownMarkWarning: Unknown pytest.mark.spark - is this a typo?  You can register custom marks to avoid this warning - for details, see https://docs.pytest.org/en/stable/how-to/mark.html
    @pytest.mark.spark

tests/system/test_utils.py:160: 10 warnings
  /Users/odosmatthews/Documents/coding/sparkforge/tests/system/test_utils.py:160: PytestUnknownMarkWarning: Unknown pytest.mark.spark - is this a typo?  You can register custom marks to avoid this warning - for details, see https://docs.pytest.org/en/stable/how-to/mark.html
    @pytest.mark.spark

tests/system/test_utils.py:203: 10 warnings
  /Users/odosmatthews/Documents/coding/sparkforge/tests/system/test_utils.py:203: PytestUnknownMarkWarning: Unknown pytest.mark.spark - is this a typo?  You can register custom marks to avoid this warning - for details, see https://docs.pytest.org/en/stable/how-to/mark.html
    @pytest.mark.spark

tests/system/test_utils.py:220: 10 warnings
  /Users/odosmatthews/Documents/coding/sparkforge/tests/system/test_utils.py:220: PytestUnknownMarkWarning: Unknown pytest.mark.spark - is this a typo?  You can register custom marks to avoid this warning - for details, see https://docs.pytest.org/en/stable/how-to/mark.html
    @pytest.mark.spark

tests/system/test_utils.py:248: 10 warnings
  /Users/odosmatthews/Documents/coding/sparkforge/tests/system/test_utils.py:248: PytestUnknownMarkWarning: Unknown pytest.mark.spark - is this a typo?  You can register custom marks to avoid this warning - for details, see https://docs.pytest.org/en/stable/how-to/mark.html
    @pytest.mark.spark

tests/system/test_utils.py:274: 10 warnings
  /Users/odosmatthews/Documents/coding/sparkforge/tests/system/test_utils.py:274: PytestUnknownMarkWarning: Unknown pytest.mark.spark - is this a typo?  You can register custom marks to avoid this warning - for details, see https://docs.pytest.org/en/stable/how-to/mark.html
    @pytest.mark.spark

tests/system/test_utils.py:302: 10 warnings
  /Users/odosmatthews/Documents/coding/sparkforge/tests/system/test_utils.py:302: PytestUnknownMarkWarning: Unknown pytest.mark.spark - is this a typo?  You can register custom marks to avoid this warning - for details, see https://docs.pytest.org/en/stable/how-to/mark.html
    @pytest.mark.spark

tests/system/test_utils.py:327: 10 warnings
  /Users/odosmatthews/Documents/coding/sparkforge/tests/system/test_utils.py:327: PytestUnknownMarkWarning: Unknown pytest.mark.spark - is this a typo?  You can register custom marks to avoid this warning - for details, see https://docs.pytest.org/en/stable/how-to/mark.html
    @pytest.mark.spark

scripts/test_python38_environment.py::test_python_version
  /Users/odosmatthews/.pyenv/versions/3.9.23/lib/python3.9/site-packages/_pytest/python.py:161: PytestReturnNotNoneWarning: Test functions should return None, but scripts/test_python38_environment.py::test_python_version returned <class 'bool'>.
  Did you mean to use `assert` instead of `return`?
  See https://docs.pytest.org/en/stable/how-to/assert.html#return-not-none for more information.
    warnings.warn(

scripts/test_python38_environment.py::test_java_environment
  /Users/odosmatthews/.pyenv/versions/3.9.23/lib/python3.9/site-packages/_pytest/python.py:161: PytestReturnNotNoneWarning: Test functions should return None, but scripts/test_python38_environment.py::test_java_environment returned <class 'bool'>.
  Did you mean to use `assert` instead of `return`?
  See https://docs.pytest.org/en/stable/how-to/assert.html#return-not-none for more information.
    warnings.warn(

scripts/test_python38_environment.py::test_spark_session
  /Users/odosmatthews/.pyenv/versions/3.9.23/lib/python3.9/site-packages/_pytest/python.py:161: PytestReturnNotNoneWarning: Test functions should return None, but scripts/test_python38_environment.py::test_spark_session returned <class 'bool'>.
  Did you mean to use `assert` instead of `return`?
  See https://docs.pytest.org/en/stable/how-to/assert.html#return-not-none for more information.
    warnings.warn(

scripts/test_python38_environment.py::test_sparkforge_imports
  /Users/odosmatthews/.pyenv/versions/3.9.23/lib/python3.9/site-packages/_pytest/python.py:161: PytestReturnNotNoneWarning: Test functions should return None, but scripts/test_python38_environment.py::test_sparkforge_imports returned <class 'bool'>.
  Did you mean to use `assert` instead of `return`?
  See https://docs.pytest.org/en/stable/how-to/assert.html#return-not-none for more information.
    warnings.warn(

scripts/test_python38_environment.py::test_type_annotations
  /Users/odosmatthews/.pyenv/versions/3.9.23/lib/python3.9/site-packages/_pytest/python.py:161: PytestReturnNotNoneWarning: Test functions should return None, but scripts/test_python38_environment.py::test_type_annotations returned <class 'bool'>.
  Did you mean to use `assert` instead of `return`?
  See https://docs.pytest.org/en/stable/how-to/assert.html#return-not-none for more information.
    warnings.warn(

scripts/test_python38_environment.py::test_sparkforge_functionality
  /Users/odosmatthews/.pyenv/versions/3.9.23/lib/python3.9/site-packages/_pytest/python.py:161: PytestReturnNotNoneWarning: Test functions should return None, but scripts/test_python38_environment.py::test_sparkforge_functionality returned <class 'bool'>.
  Did you mean to use `assert` instead of `return`?
  See https://docs.pytest.org/en/stable/how-to/assert.html#return-not-none for more information.
    warnings.warn(

scripts/test_python38_environment.py::test_dict_annotation_checker
  /Users/odosmatthews/.pyenv/versions/3.9.23/lib/python3.9/site-packages/_pytest/python.py:161: PytestReturnNotNoneWarning: Test functions should return None, but scripts/test_python38_environment.py::test_dict_annotation_checker returned <class 'bool'>.
  Did you mean to use `assert` instead of `return`?
  See https://docs.pytest.org/en/stable/how-to/assert.html#return-not-none for more information.
    warnings.warn(

src/sql_pipeline_builder/tests/test_full_pipeline.py: 16 warnings
src/sql_pipeline_builder/tests/test_validation_and_table_ops.py: 1 warning
  /Users/odosmatthews/Documents/coding/sparkforge/src/sql_pipeline_builder/table_operations.py:171: SADeprecationWarning: Table.tometadata() is renamed to Table.to_metadata() (deprecated since: 1.4)
    table_copy = model_class.__table__.tometadata(metadata, schema=ddl_schema)

test_environment.py::test_python_version
  /Users/odosmatthews/.pyenv/versions/3.9.23/lib/python3.9/site-packages/_pytest/python.py:161: PytestReturnNotNoneWarning: Test functions should return None, but test_environment.py::test_python_version returned <class 'bool'>.
  Did you mean to use `assert` instead of `return`?
  See https://docs.pytest.org/en/stable/how-to/assert.html#return-not-none for more information.
    warnings.warn(

test_environment.py::test_pyspark
  /Users/odosmatthews/.pyenv/versions/3.9.23/lib/python3.9/site-packages/_pytest/python.py:161: PytestReturnNotNoneWarning: Test functions should return None, but test_environment.py::test_pyspark returned <class 'bool'>.
  Did you mean to use `assert` instead of `return`?
  See https://docs.pytest.org/en/stable/how-to/assert.html#return-not-none for more information.
    warnings.warn(

test_environment.py::test_spark_session
  /Users/odosmatthews/.pyenv/versions/3.9.23/lib/python3.9/site-packages/_pytest/python.py:161: PytestReturnNotNoneWarning: Test functions should return None, but test_environment.py::test_spark_session returned <class 'bool'>.
  Did you mean to use `assert` instead of `return`?
  See https://docs.pytest.org/en/stable/how-to/assert.html#return-not-none for more information.
    warnings.warn(

test_environment.py::test_delta_lake
  /Users/odosmatthews/.pyenv/versions/3.9.23/lib/python3.9/site-packages/_pytest/python.py:161: PytestReturnNotNoneWarning: Test functions should return None, but test_environment.py::test_delta_lake returned <class 'bool'>.
  Did you mean to use `assert` instead of `return`?
  See https://docs.pytest.org/en/stable/how-to/assert.html#return-not-none for more information.
    warnings.warn(

test_environment.py::test_sparkforge
  /Users/odosmatthews/.pyenv/versions/3.9.23/lib/python3.9/site-packages/_pytest/python.py:161: PytestReturnNotNoneWarning: Test functions should return None, but test_environment.py::test_sparkforge returned <class 'bool'>.
  Did you mean to use `assert` instead of `return`?
  See https://docs.pytest.org/en/stable/how-to/assert.html#return-not-none for more information.
    warnings.warn(

test_environment.py::test_testing_tools
  /Users/odosmatthews/.pyenv/versions/3.9.23/lib/python3.9/site-packages/_pytest/python.py:161: PytestReturnNotNoneWarning: Test functions should return None, but test_environment.py::test_testing_tools returned <class 'bool'>.
  Did you mean to use `assert` instead of `return`?
  See https://docs.pytest.org/en/stable/how-to/assert.html#return-not-none for more information.
    warnings.warn(

test_environment.py::test_dev_tools
  /Users/odosmatthews/.pyenv/versions/3.9.23/lib/python3.9/site-packages/_pytest/python.py:161: PytestReturnNotNoneWarning: Test functions should return None, but test_environment.py::test_dev_tools returned <class 'bool'>.
  Did you mean to use `assert` instead of `return`?
  See https://docs.pytest.org/en/stable/how-to/assert.html#return-not-none for more information.
    warnings.warn(

tests/unit/test_trap_4_broad_exception_catching.py::TestTrap4BroadExceptionCatching::test_core_writer_analytics_raises_specific_exceptions
  /Users/odosmatthews/Documents/coding/sparkforge/tests/unit/test_trap_4_broad_exception_catching.py:57: DeprecationWarning: Passing WriterConfig is deprecated. Use LogWriter(spark, schema='...', table_name='...') instead.
    writer = LogWriter(

tests/unit/test_trap_4_broad_exception_catching.py::TestTrap4BroadExceptionCatching::test_exception_chaining_preserves_original_error
  /Users/odosmatthews/Documents/coding/sparkforge/tests/unit/test_trap_4_broad_exception_catching.py:155: DeprecationWarning: Passing WriterConfig is deprecated. Use LogWriter(spark, schema='...', table_name='...') instead.
    writer = LogWriter(

tests/unit/test_trap_4_broad_exception_catching.py::TestTrap4BroadExceptionCatching::test_no_generic_error_responses_returned
  /Users/odosmatthews/Documents/coding/sparkforge/tests/unit/test_trap_4_broad_exception_catching.py:178: DeprecationWarning: Passing WriterConfig is deprecated. Use LogWriter(spark, schema='...', table_name='...') instead.
    writer = LogWriter(

tests/unit/test_trap_4_broad_exception_catching.py::TestTrap4BroadExceptionCatching::test_error_logging_before_raising
  /Users/odosmatthews/Documents/coding/sparkforge/tests/unit/test_trap_4_broad_exception_catching.py:216: DeprecationWarning: Passing WriterConfig is deprecated. Use LogWriter(spark, schema='...', table_name='...') instead.
    writer = LogWriter(

tests/unit/test_trap_4_broad_exception_catching.py::TestTrap4BroadExceptionCatching::test_core_writer_raises_specific_exceptions
  /Users/odosmatthews/Documents/coding/sparkforge/tests/unit/test_trap_4_broad_exception_catching.py:31: DeprecationWarning: Passing WriterConfig is deprecated. Use LogWriter(spark, schema='...', table_name='...') instead.
    writer = LogWriter(

tests/unit/test_trap_9_default_value_fallbacks.py::TestTrap9DefaultValueFallbacks::test_log_writer_run_id_handling
  /Users/odosmatthews/Documents/coding/sparkforge/tests/unit/test_trap_9_default_value_fallbacks.py:146: DeprecationWarning: Passing WriterConfig is deprecated. Use LogWriter(spark, schema='...', table_name='...') instead.
    writer = LogWriter(spark=spark_session, config=config)

tests/unit/test_trap_9_default_value_fallbacks.py::TestTrap9DefaultValueFallbacks::test_log_writer_batch_run_ids_handling
  /Users/odosmatthews/Documents/coding/sparkforge/tests/unit/test_trap_9_default_value_fallbacks.py:185: DeprecationWarning: Passing WriterConfig is deprecated. Use LogWriter(spark, schema='...', table_name='...') instead.
    writer = LogWriter(spark=spark_session, config=config)

tests/unit/test_trap_9_default_value_fallbacks.py::TestTrap9DefaultValueFallbacks::test_log_writer_display_limit_handling
  /Users/odosmatthews/Documents/coding/sparkforge/tests/unit/test_trap_9_default_value_fallbacks.py:223: DeprecationWarning: Passing WriterConfig is deprecated. Use LogWriter(spark, schema='...', table_name='...') instead.
    writer = LogWriter(spark=spark_session, config=config)

tests/unit/test_writer_core_simple.py::TestWriterCoreSimple::test_log_writer_initialization
  /Users/odosmatthews/Documents/coding/sparkforge/tests/unit/test_writer_core_simple.py:35: DeprecationWarning: Passing WriterConfig is deprecated. Use LogWriter(spark, schema='...', table_name='...') instead.
    writer = LogWriter(spark=spark_session, config=config)

tests/unit/test_writer_core_simple.py::TestWriterCoreSimple::test_log_writer_initialization_with_config
  /Users/odosmatthews/Documents/coding/sparkforge/tests/unit/test_writer_core_simple.py:47: DeprecationWarning: Passing WriterConfig is deprecated. Use LogWriter(spark, schema='...', table_name='...') instead.
    writer = LogWriter(spark=spark_session, config=config)

tests/unit/test_writer_core_simple.py::TestWriterCoreSimple::test_log_writer_invalid_spark_session
  /Users/odosmatthews/Documents/coding/sparkforge/tests/unit/test_writer_core_simple.py:57: DeprecationWarning: Passing WriterConfig is deprecated. Use LogWriter(spark, schema='...', table_name='...') instead.
    writer = LogWriter(spark=None, config=config)

tests/unit/test_writer_core_simple.py::TestWriterCoreSimple::test_log_writer_get_spark
  /Users/odosmatthews/Documents/coding/sparkforge/tests/unit/test_writer_core_simple.py:67: DeprecationWarning: Passing WriterConfig is deprecated. Use LogWriter(spark, schema='...', table_name='...') instead.
    writer = LogWriter(spark=spark_session, config=config)

tests/unit/test_writer_core_simple.py::TestWriterCoreSimple::test_log_writer_get_config
  /Users/odosmatthews/Documents/coding/sparkforge/tests/unit/test_writer_core_simple.py:79: DeprecationWarning: Passing WriterConfig is deprecated. Use LogWriter(spark, schema='...', table_name='...') instead.
    writer = LogWriter(spark=spark_session, config=config)

tests/unit/writer/test_core.py::TestLogWriter::test_init_default_logger
  /Users/odosmatthews/Documents/coding/sparkforge/tests/unit/writer/test_core.py:104: DeprecationWarning: Passing WriterConfig is deprecated. Use LogWriter(spark, schema='...', table_name='...') instead.
    writer = LogWriter(mock_spark, config=valid_config)

tests/unit/writer/test_core.py::TestLogWriter::test_write_execution_result_success
  /Users/odosmatthews/Documents/coding/sparkforge/tests/unit/writer/test_core.py:127: DeprecationWarning: Passing WriterConfig is deprecated. Use LogWriter(spark, schema='...', table_name='...') instead.
    writer = LogWriter(mock_spark, config=valid_config, logger=mock_logger)

tests/unit/writer/test_core.py::TestLogWriter::test_write_execution_result_invalid_input
  /Users/odosmatthews/Documents/coding/sparkforge/tests/unit/writer/test_core.py:166: DeprecationWarning: Passing WriterConfig is deprecated. Use LogWriter(spark, schema='...', table_name='...') instead.
    writer = LogWriter(mock_spark, config=valid_config, logger=mock_logger)

tests/unit/writer/test_core.py::TestLogWriter::test_write_execution_result_validation_failure
  /Users/odosmatthews/Documents/coding/sparkforge/tests/unit/writer/test_core.py:186: DeprecationWarning: Passing WriterConfig is deprecated. Use LogWriter(spark, schema='...', table_name='...') instead.
    writer = LogWriter(mock_spark, config=valid_config, logger=mock_logger)

tests/unit/writer/test_core.py::TestLogWriter::test_init_valid_config
  /Users/odosmatthews/Documents/coding/sparkforge/tests/unit/writer/test_core.py:85: DeprecationWarning: Passing WriterConfig is deprecated. Use LogWriter(spark, schema='...', table_name='...') instead.
    writer = LogWriter(mock_spark, config=valid_config, logger=mock_logger)

tests/unit/writer/test_core.py::TestLogWriter::test_write_step_results
  /Users/odosmatthews/Documents/coding/sparkforge/tests/unit/writer/test_core.py:216: DeprecationWarning: Passing WriterConfig is deprecated. Use LogWriter(spark, schema='...', table_name='...') instead.
    writer = LogWriter(mock_spark, config=valid_config, logger=mock_logger)

tests/unit/writer/test_core.py::TestLogWriter::test_write_log_rows_success
  /Users/odosmatthews/Documents/coding/sparkforge/tests/unit/writer/test_core.py:240: DeprecationWarning: Passing WriterConfig is deprecated. Use LogWriter(spark, schema='...', table_name='...') instead.
    writer = LogWriter(mock_spark, config=valid_config, logger=mock_logger)

tests/unit/writer/test_core.py::TestLogWriter::test_get_metrics
  /Users/odosmatthews/Documents/coding/sparkforge/tests/unit/writer/test_core.py:281: DeprecationWarning: Passing WriterConfig is deprecated. Use LogWriter(spark, schema='...', table_name='...') instead.
    writer = LogWriter(mock_spark, config=valid_config, logger=mock_logger)

tests/unit/writer/test_core.py::TestLogWriter::test_write_log_rows_validation_failure
  /Users/odosmatthews/Documents/coding/sparkforge/tests/unit/writer/test_core.py:270: DeprecationWarning: Passing WriterConfig is deprecated. Use LogWriter(spark, schema='...', table_name='...') instead.
    writer = LogWriter(mock_spark, config=valid_config, logger=mock_logger)

tests/unit/writer/test_core.py::TestLogWriter::test_reset_metrics
  /Users/odosmatthews/Documents/coding/sparkforge/tests/unit/writer/test_core.py:299: DeprecationWarning: Passing WriterConfig is deprecated. Use LogWriter(spark, schema='...', table_name='...') instead.
    writer = LogWriter(mock_spark, config=valid_config, logger=mock_logger)

tests/unit/writer/test_core.py::TestLogWriter::test_show_logs
  /Users/odosmatthews/Documents/coding/sparkforge/tests/unit/writer/test_core.py:319: DeprecationWarning: Passing WriterConfig is deprecated. Use LogWriter(spark, schema='...', table_name='...') instead.
    writer = LogWriter(mock_spark, config=valid_config, logger=mock_logger)

tests/unit/writer/test_core.py::TestLogWriter::test_show_logs_no_limit
  /Users/odosmatthews/Documents/coding/sparkforge/tests/unit/writer/test_core.py:335: DeprecationWarning: Passing WriterConfig is deprecated. Use LogWriter(spark, schema='...', table_name='...') instead.
    writer = LogWriter(mock_spark, config=valid_config, logger=mock_logger)

tests/unit/writer/test_core.py::TestLogWriter::test_get_table_info
  /Users/odosmatthews/Documents/coding/sparkforge/tests/unit/writer/test_core.py:346: DeprecationWarning: Passing WriterConfig is deprecated. Use LogWriter(spark, schema='...', table_name='...') instead.
    writer = LogWriter(mock_spark, config=valid_config, logger=mock_logger)

tests/unit/writer/test_core.py: 15 warnings
  /Users/odosmatthews/Documents/coding/sparkforge/tests/unit/writer/test_core.py:66: DeprecationWarning: Passing WriterConfig is deprecated. Use LogWriter(spark, schema='...', table_name='...') instead.
    return LogWriter(mock_spark, config=valid_config, logger=mock_logger)

tests/unit/test_writer_core_simple.py::TestWriterCoreSimple::test_log_writer_with_sample_data
  /Users/odosmatthews/Documents/coding/sparkforge/tests/unit/test_writer_core_simple.py:192: DeprecationWarning: Passing WriterConfig is deprecated. Use LogWriter(spark, schema='...', table_name='...') instead.
    LogWriter(spark=spark_session, config=config)

tests/unit/test_writer_core_simple.py::TestWriterCoreSimple::test_log_writer_error_handling
  /Users/odosmatthews/Documents/coding/sparkforge/tests/unit/test_writer_core_simple.py:203: DeprecationWarning: Passing WriterConfig is deprecated. Use LogWriter(spark, schema='...', table_name='...') instead.
    LogWriter(spark=spark_session, config=config)

tests/unit/test_writer_core_simple.py::TestWriterCoreSimple::test_log_writer_metrics_collection
  /Users/odosmatthews/Documents/coding/sparkforge/tests/unit/test_writer_core_simple.py:212: DeprecationWarning: Passing WriterConfig is deprecated. Use LogWriter(spark, schema='...', table_name='...') instead.
    LogWriter(spark=spark_session, config=config)

tests/unit/writer/test_core.py::TestLogWriter::test_init_invalid_config
  /Users/odosmatthews/Documents/coding/sparkforge/tests/unit/writer/test_core.py:96: DeprecationWarning: Passing WriterConfig is deprecated. Use LogWriter(spark, schema='...', table_name='...') instead.
    LogWriter(mock_spark, config=invalid_config, logger=mock_logger)

-- Docs: https://docs.pytest.org/en/stable/how-to/capture-warnings.html
=========================== short test summary info ============================
FAILED tests/integration/test_execution_engine.py::TestExecutionEngine::test_execute_pipeline_failure
FAILED tests/system/test_delta_lake.py::TestDeltaLakeComprehensive::test_delta_lake_acid_transactions
FAILED tests/system/test_delta_lake.py::TestDeltaLakeComprehensive::test_delta_lake_time_travel
FAILED tests/system/test_delta_lake.py::TestDeltaLakeComprehensive::test_delta_lake_merge_operations
FAILED tests/system/test_delta_lake.py::TestDeltaLakeComprehensive::test_delta_lake_optimization
FAILED tests/system/test_delta_lake.py::TestDeltaLakeComprehensive::test_delta_lake_history_and_metadata
FAILED tests/system/test_delta_lake.py::TestDeltaLakeComprehensive::test_delta_lake_concurrent_writes
FAILED tests/system/test_delta_lake.py::TestDeltaLakeComprehensive::test_delta_lake_performance_characteristics
FAILED tests/system/test_delta_lake.py::TestDeltaLakeComprehensive::test_delta_lake_data_quality_constraints
FAILED tests/builder_pyspark_tests/test_healthcare_pipeline.py::TestHealthcarePipeline::test_healthcare_logging
FAILED tests/system/test_full_pipeline_with_logging_variations.py::TestMinimalPipelines::test_minimal_pipeline_with_logging
FAILED tests/system/test_full_pipeline_with_logging_variations.py::TestDataQuality::test_pipeline_duplicate_data_with_logging
FAILED tests/builder_tests/test_marketing_pipeline.py::TestMarketingPipeline::test_incremental_marketing_processing
FAILED tests/unit/test_validation_enhanced.py::TestFunctionsIntegration::test_mock_functions_performance
FAILED tests/unit/test_validation_enhanced_simple.py::TestFunctionsIntegrationSimple::test_mock_functions_performance
FAILED tests/system/test_full_pipeline_with_logging_variations.py::TestHighVolume::test_pipeline_high_volume_with_logging
FAILED tests/system/test_full_pipeline_with_logging_variations.py::TestLargePipelines::test_large_pipeline_with_logging
FAILED tests/system/test_full_pipeline_with_logging_variations.py::TestEdgeCases::test_pipeline_with_empty_data
FAILED tests/system/test_full_pipeline_with_logging_variations.py::TestComplexDependencies::test_pipeline_complex_dependencies_with_logging
FAILED tests/builder_tests/test_streaming_hybrid_pipeline.py::TestStreamingHybridPipeline::test_incremental_streaming_processing
FAILED tests/builder_pyspark_tests/test_supply_chain_pipeline.py::TestSupplyChainPipeline::test_supply_chain_logging
FAILED tests/builder_tests/test_data_quality_pipeline.py::TestDataQualityPipeline::test_incremental_data_quality_processing
FAILED tests/system/test_full_pipeline_with_logging_variations.py::TestEdgeCases::test_pipeline_with_partial_validation_failures
FAILED tests/builder_tests/test_healthcare_pipeline.py::TestHealthcarePipeline::test_healthcare_logging
FAILED tests/system/test_full_pipeline_with_logging_variations.py::TestEdgeCases::test_pipeline_all_invalid_data
FAILED tests/builder_tests/test_supply_chain_pipeline.py::TestSupplyChainPipeline::test_incremental_supply_chain_processing
FAILED tests/builder_tests/test_supply_chain_pipeline.py::TestSupplyChainPipeline::test_supply_chain_logging
FAILED tests/system/test_full_pipeline_with_logging_variations.py::TestExecutionModes::test_pipeline_sequential_execution_with_logging
FAILED tests/system/test_full_pipeline_with_logging_variations.py::TestIncrementalScenarios::test_pipeline_multiple_incremental_runs
FAILED tests/system/test_full_pipeline_with_logging_variations.py::TestParallelStress::test_pipeline_parallel_execution_stress
FAILED tests/system/test_full_pipeline_with_logging_variations.py::TestIncrementalScenarios::test_pipeline_incremental_with_gaps
FAILED tests/system/test_full_pipeline_with_logging_variations.py::TestSchemaEvolution::test_pipeline_with_schema_evolution_logging
FAILED tests/system/test_full_pipeline_with_logging_variations.py::TestDataQuality::test_pipeline_null_handling_with_logging
FAILED tests/system/test_full_pipeline_with_logging_variations.py::TestDataTypes::test_pipeline_data_type_variations
FAILED tests/system/test_full_pipeline_with_logging_variations.py::TestValidationThresholds::test_pipeline_validation_thresholds_logging
FAILED tests/system/test_full_pipeline_with_logging_variations.py::TestWriteModes::test_pipeline_write_mode_variations
FAILED tests/system/test_full_pipeline_with_logging_variations.py::TestMixedSuccessFailure::test_pipeline_mixed_success_failure
FAILED tests/system/test_full_pipeline_with_logging_variations.py::TestLongRunning::test_pipeline_long_running_with_logging
==== 38 failed, 1567 passed, 198 skipped, 386 warnings in 478.02s (0:07:58) ====
