Test Failure Investigation Results
Generated: Fri Dec 19 10:57:16 EST 2025
==========================================

----------------------------------------
Test: tests/system/test_full_pipeline_with_logging.py::TestFullPipelineWithLogging::test_full_pipeline_with_logging

MOCK MODE:
tests/system/test_full_pipeline_with_logging.py::TestFullPipelineWithLogging::test_full_pipeline_with_logging FAILED [100%]
/Users/odosmatthews/Documents/coding/sparkforge/tests/system/test_full_pipeline_with_logging.py:298: AssertionError: Initial run should complete, got status: PipelineStatus.FAILED
FAILED tests/system/test_full_pipeline_with_logging.py::TestFullPipelineWithLogging::test_full_pipeline_with_logging

REAL MODE:
tests/system/test_full_pipeline_with_logging.py::TestFullPipelineWithLogging::test_full_pipeline_with_logging PASSED [100%]


----------------------------------------
Test: tests/system/test_full_pipeline_with_logging_variations.py::TestMinimalPipelines::test_minimal_pipeline_with_logging

MOCK MODE:
tests/system/test_full_pipeline_with_logging_variations.py::TestMinimalPipelines::test_minimal_pipeline_with_logging FAILED [100%]
/Users/odosmatthews/Documents/coding/sparkforge/tests/system/test_full_pipeline_with_logging_variations.py:362: AssertionError: assert 'failed' == 'completed'
FAILED tests/system/test_full_pipeline_with_logging_variations.py::TestMinimalPipelines::test_minimal_pipeline_with_logging

REAL MODE:
tests/system/test_full_pipeline_with_logging_variations.py::TestMinimalPipelines::test_minimal_pipeline_with_logging PASSED [100%]


----------------------------------------
Test: tests/system/test_full_pipeline_with_logging_variations.py::TestLargePipelines::test_large_pipeline_with_logging

MOCK MODE:
tests/system/test_full_pipeline_with_logging_variations.py::TestLargePipelines::test_large_pipeline_with_logging FAILED [100%]
/Users/odosmatthews/Documents/coding/sparkforge/tests/system/test_full_pipeline_with_logging_variations.py:518: AssertionError: assert 'failed' == 'completed'
FAILED tests/system/test_full_pipeline_with_logging_variations.py::TestLargePipelines::test_large_pipeline_with_logging

REAL MODE:
tests/system/test_full_pipeline_with_logging_variations.py::TestLargePipelines::test_large_pipeline_with_logging PASSED [100%]


----------------------------------------
Test: tests/system/test_full_pipeline_with_logging_variations.py::TestExecutionModes::test_pipeline_sequential_execution_with_logging

MOCK MODE:
tests/system/test_full_pipeline_with_logging_variations.py::TestExecutionModes::test_pipeline_sequential_execution_with_logging FAILED [100%]
/Users/odosmatthews/Documents/coding/sparkforge/tests/system/test_full_pipeline_with_logging_variations.py:824: AssertionError: assert 'failed' == 'completed'
FAILED tests/system/test_full_pipeline_with_logging_variations.py::TestExecutionModes::test_pipeline_sequential_execution_with_logging

REAL MODE:
tests/system/test_full_pipeline_with_logging_variations.py::TestExecutionModes::test_pipeline_sequential_execution_with_logging PASSED [100%]


----------------------------------------
Test: tests/system/test_full_pipeline_with_logging_variations.py::TestIncrementalScenarios::test_pipeline_multiple_incremental_runs

MOCK MODE:
tests/system/test_full_pipeline_with_logging_variations.py::TestIncrementalScenarios::test_pipeline_multiple_incremental_runs FAILED [100%]
/Users/odosmatthews/Documents/coding/sparkforge/tests/system/test_full_pipeline_with_logging_variations.py:918: AssertionError: assert 'failed' == 'completed'
FAILED tests/system/test_full_pipeline_with_logging_variations.py::TestIncrementalScenarios::test_pipeline_multiple_incremental_runs

REAL MODE:
tests/system/test_full_pipeline_with_logging_variations.py::TestIncrementalScenarios::test_pipeline_multiple_incremental_runs PASSED [100%]


----------------------------------------
Test: tests/system/test_full_pipeline_with_logging_variations.py::TestIncrementalScenarios::test_pipeline_incremental_with_gaps

MOCK MODE:
tests/system/test_full_pipeline_with_logging_variations.py::TestIncrementalScenarios::test_pipeline_incremental_with_gaps FAILED [100%]
/Users/odosmatthews/Documents/coding/sparkforge/tests/system/test_full_pipeline_with_logging_variations.py:1026: AssertionError: assert 'failed' == 'completed'
FAILED tests/system/test_full_pipeline_with_logging_variations.py::TestIncrementalScenarios::test_pipeline_incremental_with_gaps

REAL MODE:
tests/system/test_full_pipeline_with_logging_variations.py::TestIncrementalScenarios::test_pipeline_incremental_with_gaps PASSED [100%]


----------------------------------------
Test: tests/system/test_full_pipeline_with_logging_variations.py::TestHighVolume::test_pipeline_high_volume_with_logging

MOCK MODE:
tests/system/test_full_pipeline_with_logging_variations.py::TestHighVolume::test_pipeline_high_volume_with_logging FAILED [100%]
/Users/odosmatthews/Documents/coding/sparkforge/tests/system/test_full_pipeline_with_logging_variations.py:1266: AssertionError: assert 'failed' == 'completed'
FAILED tests/system/test_full_pipeline_with_logging_variations.py::TestHighVolume::test_pipeline_high_volume_with_logging

REAL MODE:
tests/system/test_full_pipeline_with_logging_variations.py::TestHighVolume::test_pipeline_high_volume_with_logging PASSED [100%]


----------------------------------------
Test: tests/system/test_full_pipeline_with_logging_variations.py::TestComplexDependencies::test_pipeline_complex_dependencies_with_logging

MOCK MODE:
tests/system/test_full_pipeline_with_logging_variations.py::TestComplexDependencies::test_pipeline_complex_dependencies_with_logging FAILED [100%]
/Users/odosmatthews/Documents/coding/sparkforge/tests/system/test_full_pipeline_with_logging_variations.py:1442: AssertionError: assert 'failed' == 'completed'
FAILED tests/system/test_full_pipeline_with_logging_variations.py::TestComplexDependencies::test_pipeline_complex_dependencies_with_logging

REAL MODE:
tests/system/test_full_pipeline_with_logging_variations.py::TestComplexDependencies::test_pipeline_complex_dependencies_with_logging PASSED [100%]


----------------------------------------
Test: tests/system/test_full_pipeline_with_logging_variations.py::TestParallelStress::test_pipeline_parallel_execution_stress

MOCK MODE:
tests/system/test_full_pipeline_with_logging_variations.py::TestParallelStress::test_pipeline_parallel_execution_stress FAILED [100%]
/Users/odosmatthews/Documents/coding/sparkforge/tests/system/test_full_pipeline_with_logging_variations.py:1551: AssertionError: assert 'failed' == 'completed'
FAILED tests/system/test_full_pipeline_with_logging_variations.py::TestParallelStress::test_pipeline_parallel_execution_stress

REAL MODE:
tests/system/test_full_pipeline_with_logging_variations.py::TestParallelStress::test_pipeline_parallel_execution_stress PASSED [100%]


----------------------------------------
Test: tests/system/test_full_pipeline_with_logging_variations.py::TestSchemaEvolution::test_pipeline_with_schema_evolution_logging

MOCK MODE:
tests/system/test_full_pipeline_with_logging_variations.py::TestSchemaEvolution::test_pipeline_with_schema_evolution_logging FAILED [100%]
/Users/odosmatthews/Documents/coding/sparkforge/tests/system/test_full_pipeline_with_logging_variations.py:1652: AssertionError: assert 'failed' == 'completed'
FAILED tests/system/test_full_pipeline_with_logging_variations.py::TestSchemaEvolution::test_pipeline_with_schema_evolution_logging

REAL MODE:
tests/system/test_full_pipeline_with_logging_variations.py::TestSchemaEvolution::test_pipeline_with_schema_evolution_logging PASSED [100%]


----------------------------------------
Test: tests/system/test_full_pipeline_with_logging_variations.py::TestDataTypes::test_pipeline_data_type_variations

MOCK MODE:
tests/system/test_full_pipeline_with_logging_variations.py::TestDataTypes::test_pipeline_data_type_variations FAILED [100%]
/Users/odosmatthews/Documents/coding/sparkforge/tests/system/test_full_pipeline_with_logging_variations.py:1789: AssertionError: assert 'failed' == 'completed'
FAILED tests/system/test_full_pipeline_with_logging_variations.py::TestDataTypes::test_pipeline_data_type_variations

REAL MODE:
tests/system/test_full_pipeline_with_logging_variations.py::TestDataTypes::test_pipeline_data_type_variations PASSED [100%]


----------------------------------------
Test: tests/system/test_full_pipeline_with_logging_variations.py::TestWriteModes::test_pipeline_write_mode_variations

MOCK MODE:
tests/system/test_full_pipeline_with_logging_variations.py::TestWriteModes::test_pipeline_write_mode_variations FAILED [100%]
/Users/odosmatthews/Documents/coding/sparkforge/tests/system/test_full_pipeline_with_logging_variations.py:1979: AssertionError: assert 'failed' == 'completed'
FAILED tests/system/test_full_pipeline_with_logging_variations.py::TestWriteModes::test_pipeline_write_mode_variations

REAL MODE:
tests/system/test_full_pipeline_with_logging_variations.py::TestWriteModes::test_pipeline_write_mode_variations PASSED [100%]


----------------------------------------
Test: tests/system/test_full_pipeline_with_logging_variations.py::TestMixedSuccessFailure::test_pipeline_mixed_success_failure

MOCK MODE:
tests/system/test_full_pipeline_with_logging_variations.py::TestMixedSuccessFailure::test_pipeline_mixed_success_failure FAILED [100%]
/Users/odosmatthews/Documents/coding/sparkforge/tests/system/test_full_pipeline_with_logging_variations.py:2148: AssertionError: assert 'failed' == 'completed'
FAILED tests/system/test_full_pipeline_with_logging_variations.py::TestMixedSuccessFailure::test_pipeline_mixed_success_failure

REAL MODE:
tests/system/test_full_pipeline_with_logging_variations.py::TestMixedSuccessFailure::test_pipeline_mixed_success_failure PASSED [100%]


----------------------------------------
Test: tests/system/test_full_pipeline_with_logging_variations.py::TestLongRunning::test_pipeline_long_running_with_logging

MOCK MODE:
tests/system/test_full_pipeline_with_logging_variations.py::TestLongRunning::test_pipeline_long_running_with_logging FAILED [100%]
/Users/odosmatthews/Documents/coding/sparkforge/tests/system/test_full_pipeline_with_logging_variations.py:2266: AssertionError: assert 'failed' == 'completed'
FAILED tests/system/test_full_pipeline_with_logging_variations.py::TestLongRunning::test_pipeline_long_running_with_logging

REAL MODE:
tests/system/test_full_pipeline_with_logging_variations.py::TestLongRunning::test_pipeline_long_running_with_logging PASSED [100%]


----------------------------------------
Test: tests/builder_tests/test_healthcare_pipeline.py::TestHealthcarePipeline::test_complete_healthcare_pipeline_execution

MOCK MODE:
tests/builder_tests/test_healthcare_pipeline.py::TestHealthcarePipeline::test_complete_healthcare_pipeline_execution FAILED [100%]
/Users/odosmatthews/Documents/coding/sparkforge/tests/builder_tests/test_healthcare_pipeline.py:504: AssertionError: assert 0 > 0
FAILED tests/builder_tests/test_healthcare_pipeline.py::TestHealthcarePipeline::test_complete_healthcare_pipeline_execution

REAL MODE:
tests/builder_tests/test_healthcare_pipeline.py::TestHealthcarePipeline::test_complete_healthcare_pipeline_execution PASSED [100%]


----------------------------------------
Test: tests/builder_tests/test_marketing_pipeline.py::TestMarketingPipeline::test_complete_marketing_pipeline_execution

MOCK MODE:
tests/builder_tests/test_marketing_pipeline.py::TestMarketingPipeline::test_complete_marketing_pipeline_execution FAILED [100%]
/Users/odosmatthews/Documents/coding/sparkforge/tests/builder_tests/test_marketing_pipeline.py:529: AssertionError: assert ('failed' == 'completed'
FAILED tests/builder_tests/test_marketing_pipeline.py::TestMarketingPipeline::test_complete_marketing_pipeline_execution

REAL MODE:
tests/builder_tests/test_marketing_pipeline.py::TestMarketingPipeline::test_complete_marketing_pipeline_execution PASSED [100%]


----------------------------------------
Test: tests/builder_tests/test_streaming_hybrid_pipeline.py::TestStreamingHybridPipeline::test_complete_streaming_hybrid_pipeline_execution

MOCK MODE:
tests/builder_tests/test_streaming_hybrid_pipeline.py::TestStreamingHybridPipeline::test_complete_streaming_hybrid_pipeline_execution FAILED [100%]
/Users/odosmatthews/Documents/coding/sparkforge/tests/builder_tests/test_streaming_hybrid_pipeline.py:509: AssertionError: assert ('failed' == 'completed'
FAILED tests/builder_tests/test_streaming_hybrid_pipeline.py::TestStreamingHybridPipeline::test_complete_streaming_hybrid_pipeline_execution

REAL MODE:
tests/builder_tests/test_streaming_hybrid_pipeline.py::TestStreamingHybridPipeline::test_complete_streaming_hybrid_pipeline_execution PASSED [100%]


----------------------------------------
Test: tests/builder_tests/test_supply_chain_pipeline.py::TestSupplyChainPipeline::test_complete_supply_chain_pipeline_execution

MOCK MODE:
tests/builder_tests/test_supply_chain_pipeline.py::TestSupplyChainPipeline::test_complete_supply_chain_pipeline_execution FAILED [100%]
FAILED tests/builder_tests/test_supply_chain_pipeline.py::TestSupplyChainPipeline::test_complete_supply_chain_pipeline_execution

REAL MODE:
tests/builder_tests/test_supply_chain_pipeline.py::TestSupplyChainPipeline::test_complete_supply_chain_pipeline_execution PASSED [100%]


----------------------------------------
Test: tests/builder_tests/test_data_quality_pipeline.py::TestDataQualityPipeline::test_complete_data_quality_pipeline_execution

MOCK MODE:
tests/builder_tests/test_data_quality_pipeline.py::TestDataQualityPipeline::test_complete_data_quality_pipeline_execution FAILED [100%]
/Users/odosmatthews/Documents/coding/sparkforge/tests/builder_tests/test_data_quality_pipeline.py:456: AssertionError: assert 0 > 0
FAILED tests/builder_tests/test_data_quality_pipeline.py::TestDataQualityPipeline::test_complete_data_quality_pipeline_execution

REAL MODE:
tests/builder_tests/test_data_quality_pipeline.py::TestDataQualityPipeline::test_complete_data_quality_pipeline_execution PASSED [100%]


